[2026-03-10 12:43:07,287][__main__][INFO] - Found GPU with device_name NVIDIA A100-SXM4-80GB. Will run RFdiffusion on NVIDIA A100-SXM4-80GB
[2026-03-10 12:43:07,288][rfdiffusion.inference.model_runners][INFO] - Reading checkpoint from /home01/hpc194a02/test/sim_pip/rfdiffusion/rfdiffusion/inference/../../models/Complex_base_ckpt.pt
[2026-03-10 12:43:30,938][rfdiffusion.inference.model_runners][INFO] - Loading checkpoint.
[2026-03-10 12:43:31,093][rfdiffusion.diffusion][INFO] - Using cached IGSO3.
[2026-03-10 12:43:31,310][__main__][INFO] - Making design /home01/hpc194a02/test/sim_pip/outputs/rfdiffusion/2026-03-10/12-43-03/denovo/binder_0
[2026-03-10 12:43:31,369][rfdiffusion.inference.model_runners][INFO] - Using contig: ['A982-999/0 80-80']
[2026-03-10 12:43:31,537][rfdiffusion.inference.model_runners][INFO] - Sequence init: --------------------------------------------------------------------------------SVYVPDEWEVSREKITLL
[2026-03-10 12:43:33,099][rfdiffusion.inference.utils][INFO] - Sampled motif RMSD: 0.24
[2026-03-10 12:43:33,102][rfdiffusion.inference.model_runners][INFO] - Timestep 50, input to next step: --------------------------------------------------------------------------------SVYVPDEWEVSREKITLL
[2026-03-10 12:43:34,691][rfdiffusion.inference.utils][INFO] - Sampled motif RMSD: 0.22
[2026-03-10 12:43:34,693][rfdiffusion.inference.model_runners][INFO] - Timestep 49, input to next step: --------------------------------------------------------------------------------SVYVPDEWEVSREKITLL
[2026-03-10 12:43:35,778][rfdiffusion.inference.utils][INFO] - Sampled motif RMSD: 0.22
[2026-03-10 12:43:35,780][rfdiffusion.inference.model_runners][INFO] - Timestep 48, input to next step: --------------------------------------------------------------------------------SVYVPDEWEVSREKITLL
[2026-03-10 12:43:36,237][rfdiffusion.inference.utils][INFO] - Sampled motif RMSD: 0.21
[2026-03-10 12:43:36,239][rfdiffusion.inference.model_runners][INFO] - Timestep 47, input to next step: --------------------------------------------------------------------------------SVYVPDEWEVSREKITLL
[2026-03-10 12:43:36,698][rfdiffusion.inference.utils][INFO] - Sampled motif RMSD: 0.20
[2026-03-10 12:43:36,700][rfdiffusion.inference.model_runners][INFO] - Timestep 46, input to next step: --------------------------------------------------------------------------------SVYVPDEWEVSREKITLL
[2026-03-10 12:43:38,187][rfdiffusion.inference.utils][INFO] - Sampled motif RMSD: 0.17
[2026-03-10 12:43:38,189][rfdiffusion.inference.model_runners][INFO] - Timestep 45, input to next step: --------------------------------------------------------------------------------SVYVPDEWEVSREKITLL
[2026-03-10 12:43:39,769][rfdiffusion.inference.utils][INFO] - Sampled motif RMSD: 0.19
[2026-03-10 12:43:39,771][rfdiffusion.inference.model_runners][INFO] - Timestep 44, input to next step: --------------------------------------------------------------------------------SVYVPDEWEVSREKITLL
[2026-03-10 12:43:41,282][rfdiffusion.inference.utils][INFO] - Sampled motif RMSD: 0.21
[2026-03-10 12:43:41,285][rfdiffusion.inference.model_runners][INFO] - Timestep 43, input to next step: --------------------------------------------------------------------------------SVYVPDEWEVSREKITLL
[2026-03-10 12:43:42,779][rfdiffusion.inference.utils][INFO] - Sampled motif RMSD: 0.20
[2026-03-10 12:43:42,781][rfdiffusion.inference.model_runners][INFO] - Timestep 42, input to next step: --------------------------------------------------------------------------------SVYVPDEWEVSREKITLL
[2026-03-10 12:43:44,299][rfdiffusion.inference.utils][INFO] - Sampled motif RMSD: 0.18
[2026-03-10 12:43:44,301][rfdiffusion.inference.model_runners][INFO] - Timestep 41, input to next step: --------------------------------------------------------------------------------SVYVPDEWEVSREKITLL
[2026-03-10 12:43:45,862][rfdiffusion.inference.utils][INFO] - Sampled motif RMSD: 0.17
[2026-03-10 12:43:45,864][rfdiffusion.inference.model_runners][INFO] - Timestep 40, input to next step: --------------------------------------------------------------------------------SVYVPDEWEVSREKITLL
[2026-03-10 12:43:47,448][rfdiffusion.inference.utils][INFO] - Sampled motif RMSD: 0.17
[2026-03-10 12:43:47,450][rfdiffusion.inference.model_runners][INFO] - Timestep 39, input to next step: --------------------------------------------------------------------------------SVYVPDEWEVSREKITLL
[2026-03-10 12:43:49,075][rfdiffusion.inference.utils][INFO] - Sampled motif RMSD: 0.18
[2026-03-10 12:43:49,077][rfdiffusion.inference.model_runners][INFO] - Timestep 38, input to next step: --------------------------------------------------------------------------------SVYVPDEWEVSREKITLL
[2026-03-10 12:43:50,576][rfdiffusion.inference.utils][INFO] - Sampled motif RMSD: 0.17
[2026-03-10 12:43:50,578][rfdiffusion.inference.model_runners][INFO] - Timestep 37, input to next step: --------------------------------------------------------------------------------SVYVPDEWEVSREKITLL
[2026-03-10 12:43:52,090][rfdiffusion.inference.utils][INFO] - Sampled motif RMSD: 0.16
[2026-03-10 12:43:52,092][rfdiffusion.inference.model_runners][INFO] - Timestep 36, input to next step: --------------------------------------------------------------------------------SVYVPDEWEVSREKITLL
[2026-03-10 12:43:53,620][rfdiffusion.inference.utils][INFO] - Sampled motif RMSD: 0.15
[2026-03-10 12:43:53,623][rfdiffusion.inference.model_runners][INFO] - Timestep 35, input to next step: --------------------------------------------------------------------------------SVYVPDEWEVSREKITLL
[2026-03-10 12:43:55,176][rfdiffusion.inference.utils][INFO] - Sampled motif RMSD: 0.14
[2026-03-10 12:43:55,178][rfdiffusion.inference.model_runners][INFO] - Timestep 34, input to next step: --------------------------------------------------------------------------------SVYVPDEWEVSREKITLL
[2026-03-10 12:43:56,661][rfdiffusion.inference.utils][INFO] - Sampled motif RMSD: 0.14
[2026-03-10 12:43:56,663][rfdiffusion.inference.model_runners][INFO] - Timestep 33, input to next step: --------------------------------------------------------------------------------SVYVPDEWEVSREKITLL
[2026-03-10 12:43:58,183][rfdiffusion.inference.utils][INFO] - Sampled motif RMSD: 0.14
[2026-03-10 12:43:58,185][rfdiffusion.inference.model_runners][INFO] - Timestep 32, input to next step: --------------------------------------------------------------------------------SVYVPDEWEVSREKITLL
[2026-03-10 12:43:58,969][rfdiffusion.inference.utils][INFO] - Sampled motif RMSD: 0.14
[2026-03-10 12:43:58,971][rfdiffusion.inference.model_runners][INFO] - Timestep 31, input to next step: --------------------------------------------------------------------------------SVYVPDEWEVSREKITLL
[2026-03-10 12:43:59,471][rfdiffusion.inference.utils][INFO] - Sampled motif RMSD: 0.14
[2026-03-10 12:43:59,473][rfdiffusion.inference.model_runners][INFO] - Timestep 30, input to next step: --------------------------------------------------------------------------------SVYVPDEWEVSREKITLL
[2026-03-10 12:44:01,871][rfdiffusion.inference.utils][INFO] - Sampled motif RMSD: 0.14
[2026-03-10 12:44:01,873][rfdiffusion.inference.model_runners][INFO] - Timestep 29, input to next step: --------------------------------------------------------------------------------SVYVPDEWEVSREKITLL
[2026-03-10 12:44:03,460][rfdiffusion.inference.utils][INFO] - Sampled motif RMSD: 0.15
[2026-03-10 12:44:03,462][rfdiffusion.inference.model_runners][INFO] - Timestep 28, input to next step: --------------------------------------------------------------------------------SVYVPDEWEVSREKITLL
[2026-03-10 12:44:04,988][rfdiffusion.inference.utils][INFO] - Sampled motif RMSD: 0.14
[2026-03-10 12:44:04,991][rfdiffusion.inference.model_runners][INFO] - Timestep 27, input to next step: --------------------------------------------------------------------------------SVYVPDEWEVSREKITLL
[2026-03-10 12:44:06,394][rfdiffusion.inference.utils][INFO] - Sampled motif RMSD: 0.15
[2026-03-10 12:44:06,396][rfdiffusion.inference.model_runners][INFO] - Timestep 26, input to next step: --------------------------------------------------------------------------------SVYVPDEWEVSREKITLL
[2026-03-10 12:44:07,920][rfdiffusion.inference.utils][INFO] - Sampled motif RMSD: 0.15
[2026-03-10 12:44:07,923][rfdiffusion.inference.model_runners][INFO] - Timestep 25, input to next step: --------------------------------------------------------------------------------SVYVPDEWEVSREKITLL
[2026-03-10 12:44:09,554][rfdiffusion.inference.utils][INFO] - Sampled motif RMSD: 0.15
[2026-03-10 12:44:09,556][rfdiffusion.inference.model_runners][INFO] - Timestep 24, input to next step: --------------------------------------------------------------------------------SVYVPDEWEVSREKITLL
[2026-03-10 12:44:11,071][rfdiffusion.inference.utils][INFO] - Sampled motif RMSD: 0.15
[2026-03-10 12:44:11,073][rfdiffusion.inference.model_runners][INFO] - Timestep 23, input to next step: --------------------------------------------------------------------------------SVYVPDEWEVSREKITLL
[2026-03-10 12:44:12,582][rfdiffusion.inference.utils][INFO] - Sampled motif RMSD: 0.15
[2026-03-10 12:44:12,584][rfdiffusion.inference.model_runners][INFO] - Timestep 22, input to next step: --------------------------------------------------------------------------------SVYVPDEWEVSREKITLL
[2026-03-10 12:44:14,139][rfdiffusion.inference.utils][INFO] - Sampled motif RMSD: 0.15
[2026-03-10 12:44:14,141][rfdiffusion.inference.model_runners][INFO] - Timestep 21, input to next step: --------------------------------------------------------------------------------SVYVPDEWEVSREKITLL
[2026-03-10 12:44:15,772][rfdiffusion.inference.utils][INFO] - Sampled motif RMSD: 0.15
[2026-03-10 12:44:15,774][rfdiffusion.inference.model_runners][INFO] - Timestep 20, input to next step: --------------------------------------------------------------------------------SVYVPDEWEVSREKITLL
[2026-03-10 12:44:17,300][rfdiffusion.inference.utils][INFO] - Sampled motif RMSD: 0.15
[2026-03-10 12:44:17,302][rfdiffusion.inference.model_runners][INFO] - Timestep 19, input to next step: --------------------------------------------------------------------------------SVYVPDEWEVSREKITLL
[2026-03-10 12:44:18,799][rfdiffusion.inference.utils][INFO] - Sampled motif RMSD: 0.15
[2026-03-10 12:44:18,801][rfdiffusion.inference.model_runners][INFO] - Timestep 18, input to next step: --------------------------------------------------------------------------------SVYVPDEWEVSREKITLL
[2026-03-10 12:44:20,278][rfdiffusion.inference.utils][INFO] - Sampled motif RMSD: 0.15
[2026-03-10 12:44:20,280][rfdiffusion.inference.model_runners][INFO] - Timestep 17, input to next step: --------------------------------------------------------------------------------SVYVPDEWEVSREKITLL
[2026-03-10 12:44:24,424][rfdiffusion.inference.utils][INFO] - Sampled motif RMSD: 0.15
[2026-03-10 12:44:24,427][rfdiffusion.inference.model_runners][INFO] - Timestep 16, input to next step: --------------------------------------------------------------------------------SVYVPDEWEVSREKITLL
[2026-03-10 12:44:28,336][rfdiffusion.inference.utils][INFO] - Sampled motif RMSD: 0.15
[2026-03-10 12:44:28,339][rfdiffusion.inference.model_runners][INFO] - Timestep 15, input to next step: --------------------------------------------------------------------------------SVYVPDEWEVSREKITLL
[2026-03-10 12:44:31,189][rfdiffusion.inference.utils][INFO] - Sampled motif RMSD: 0.15
[2026-03-10 12:44:31,191][rfdiffusion.inference.model_runners][INFO] - Timestep 14, input to next step: --------------------------------------------------------------------------------SVYVPDEWEVSREKITLL
[2026-03-10 12:44:33,103][rfdiffusion.inference.utils][INFO] - Sampled motif RMSD: 0.15
[2026-03-10 12:44:33,106][rfdiffusion.inference.model_runners][INFO] - Timestep 13, input to next step: --------------------------------------------------------------------------------SVYVPDEWEVSREKITLL
[2026-03-10 12:44:33,717][rfdiffusion.inference.utils][INFO] - Sampled motif RMSD: 0.15
[2026-03-10 12:44:33,720][rfdiffusion.inference.model_runners][INFO] - Timestep 12, input to next step: --------------------------------------------------------------------------------SVYVPDEWEVSREKITLL
[2026-03-10 12:44:34,194][rfdiffusion.inference.utils][INFO] - Sampled motif RMSD: 0.15
[2026-03-10 12:44:34,196][rfdiffusion.inference.model_runners][INFO] - Timestep 11, input to next step: --------------------------------------------------------------------------------SVYVPDEWEVSREKITLL
[2026-03-10 12:44:34,690][rfdiffusion.inference.utils][INFO] - Sampled motif RMSD: 0.15
[2026-03-10 12:44:34,693][rfdiffusion.inference.model_runners][INFO] - Timestep 10, input to next step: --------------------------------------------------------------------------------SVYVPDEWEVSREKITLL
[2026-03-10 12:44:35,166][rfdiffusion.inference.utils][INFO] - Sampled motif RMSD: 0.15
[2026-03-10 12:44:35,168][rfdiffusion.inference.model_runners][INFO] - Timestep 9, input to next step: --------------------------------------------------------------------------------SVYVPDEWEVSREKITLL
[2026-03-10 12:44:35,628][rfdiffusion.inference.utils][INFO] - Sampled motif RMSD: 0.15
[2026-03-10 12:44:35,630][rfdiffusion.inference.model_runners][INFO] - Timestep 8, input to next step: --------------------------------------------------------------------------------SVYVPDEWEVSREKITLL
[2026-03-10 12:44:36,093][rfdiffusion.inference.utils][INFO] - Sampled motif RMSD: 0.16
[2026-03-10 12:44:36,095][rfdiffusion.inference.model_runners][INFO] - Timestep 7, input to next step: --------------------------------------------------------------------------------SVYVPDEWEVSREKITLL
[2026-03-10 12:44:36,553][rfdiffusion.inference.utils][INFO] - Sampled motif RMSD: 0.15
[2026-03-10 12:44:36,555][rfdiffusion.inference.model_runners][INFO] - Timestep 6, input to next step: --------------------------------------------------------------------------------SVYVPDEWEVSREKITLL
[2026-03-10 12:44:37,014][rfdiffusion.inference.utils][INFO] - Sampled motif RMSD: 0.14
[2026-03-10 12:44:37,016][rfdiffusion.inference.model_runners][INFO] - Timestep 5, input to next step: --------------------------------------------------------------------------------SVYVPDEWEVSREKITLL
[2026-03-10 12:44:37,797][rfdiffusion.inference.utils][INFO] - Sampled motif RMSD: 0.13
[2026-03-10 12:44:37,799][rfdiffusion.inference.model_runners][INFO] - Timestep 4, input to next step: --------------------------------------------------------------------------------SVYVPDEWEVSREKITLL
[2026-03-10 12:44:38,772][rfdiffusion.inference.utils][INFO] - Sampled motif RMSD: 0.12
[2026-03-10 12:44:38,774][rfdiffusion.inference.model_runners][INFO] - Timestep 3, input to next step: --------------------------------------------------------------------------------SVYVPDEWEVSREKITLL
[2026-03-10 12:44:39,388][rfdiffusion.inference.utils][INFO] - Sampled motif RMSD: 0.12
[2026-03-10 12:44:39,390][rfdiffusion.inference.model_runners][INFO] - Timestep 2, input to next step: --------------------------------------------------------------------------------SVYVPDEWEVSREKITLL
[2026-03-10 12:44:41,734][__main__][INFO] - Finished design in 1.17 minutes
[2026-03-10 12:44:41,735][__main__][INFO] - Making design /home01/hpc194a02/test/sim_pip/outputs/rfdiffusion/2026-03-10/12-43-03/denovo/binder_1
[2026-03-10 12:44:41,794][rfdiffusion.inference.model_runners][INFO] - Using contig: ['A982-999/0 80-80']
[2026-03-10 12:44:41,921][rfdiffusion.inference.model_runners][INFO] - Sequence init: --------------------------------------------------------------------------------SVYVPDEWEVSREKITLL
[2026-03-10 12:44:42,387][rfdiffusion.inference.utils][INFO] - Sampled motif RMSD: 0.22
[2026-03-10 12:44:42,389][rfdiffusion.inference.model_runners][INFO] - Timestep 50, input to next step: --------------------------------------------------------------------------------SVYVPDEWEVSREKITLL
[2026-03-10 12:44:42,854][rfdiffusion.inference.utils][INFO] - Sampled motif RMSD: 0.25
[2026-03-10 12:44:42,856][rfdiffusion.inference.model_runners][INFO] - Timestep 49, input to next step: --------------------------------------------------------------------------------SVYVPDEWEVSREKITLL
[2026-03-10 12:44:43,316][rfdiffusion.inference.utils][INFO] - Sampled motif RMSD: 0.23
[2026-03-10 12:44:43,318][rfdiffusion.inference.model_runners][INFO] - Timestep 48, input to next step: --------------------------------------------------------------------------------SVYVPDEWEVSREKITLL
[2026-03-10 12:44:43,777][rfdiffusion.inference.utils][INFO] - Sampled motif RMSD: 0.22
[2026-03-10 12:44:43,779][rfdiffusion.inference.model_runners][INFO] - Timestep 47, input to next step: --------------------------------------------------------------------------------SVYVPDEWEVSREKITLL
[2026-03-10 12:44:44,238][rfdiffusion.inference.utils][INFO] - Sampled motif RMSD: 0.23
[2026-03-10 12:44:44,240][rfdiffusion.inference.model_runners][INFO] - Timestep 46, input to next step: --------------------------------------------------------------------------------SVYVPDEWEVSREKITLL
[2026-03-10 12:44:44,698][rfdiffusion.inference.utils][INFO] - Sampled motif RMSD: 0.23
[2026-03-10 12:44:44,700][rfdiffusion.inference.model_runners][INFO] - Timestep 45, input to next step: --------------------------------------------------------------------------------SVYVPDEWEVSREKITLL
[2026-03-10 12:44:45,377][rfdiffusion.inference.utils][INFO] - Sampled motif RMSD: 0.22
[2026-03-10 12:44:45,379][rfdiffusion.inference.model_runners][INFO] - Timestep 44, input to next step: --------------------------------------------------------------------------------SVYVPDEWEVSREKITLL
[2026-03-10 12:44:45,838][rfdiffusion.inference.utils][INFO] - Sampled motif RMSD: 0.21
[2026-03-10 12:44:45,840][rfdiffusion.inference.model_runners][INFO] - Timestep 43, input to next step: --------------------------------------------------------------------------------SVYVPDEWEVSREKITLL
[2026-03-10 12:44:47,075][rfdiffusion.inference.utils][INFO] - Sampled motif RMSD: 0.21
[2026-03-10 12:44:47,077][rfdiffusion.inference.model_runners][INFO] - Timestep 42, input to next step: --------------------------------------------------------------------------------SVYVPDEWEVSREKITLL
[2026-03-10 12:44:47,539][rfdiffusion.inference.utils][INFO] - Sampled motif RMSD: 0.19
[2026-03-10 12:44:47,541][rfdiffusion.inference.model_runners][INFO] - Timestep 41, input to next step: --------------------------------------------------------------------------------SVYVPDEWEVSREKITLL
[2026-03-10 12:44:48,006][rfdiffusion.inference.utils][INFO] - Sampled motif RMSD: 0.18
[2026-03-10 12:44:48,007][rfdiffusion.inference.model_runners][INFO] - Timestep 40, input to next step: --------------------------------------------------------------------------------SVYVPDEWEVSREKITLL
[2026-03-10 12:44:48,477][rfdiffusion.inference.utils][INFO] - Sampled motif RMSD: 0.18
[2026-03-10 12:44:48,479][rfdiffusion.inference.model_runners][INFO] - Timestep 39, input to next step: --------------------------------------------------------------------------------SVYVPDEWEVSREKITLL
[2026-03-10 12:44:48,939][rfdiffusion.inference.utils][INFO] - Sampled motif RMSD: 0.18
[2026-03-10 12:44:48,941][rfdiffusion.inference.model_runners][INFO] - Timestep 38, input to next step: --------------------------------------------------------------------------------SVYVPDEWEVSREKITLL
[2026-03-10 12:44:49,400][rfdiffusion.inference.utils][INFO] - Sampled motif RMSD: 0.17
[2026-03-10 12:44:49,402][rfdiffusion.inference.model_runners][INFO] - Timestep 37, input to next step: --------------------------------------------------------------------------------SVYVPDEWEVSREKITLL
[2026-03-10 12:44:49,860][rfdiffusion.inference.utils][INFO] - Sampled motif RMSD: 0.17
[2026-03-10 12:44:49,862][rfdiffusion.inference.model_runners][INFO] - Timestep 36, input to next step: --------------------------------------------------------------------------------SVYVPDEWEVSREKITLL
[2026-03-10 12:44:50,322][rfdiffusion.inference.utils][INFO] - Sampled motif RMSD: 0.17
[2026-03-10 12:44:50,324][rfdiffusion.inference.model_runners][INFO] - Timestep 35, input to next step: --------------------------------------------------------------------------------SVYVPDEWEVSREKITLL
[2026-03-10 12:44:50,787][rfdiffusion.inference.utils][INFO] - Sampled motif RMSD: 0.16
[2026-03-10 12:44:50,789][rfdiffusion.inference.model_runners][INFO] - Timestep 34, input to next step: --------------------------------------------------------------------------------SVYVPDEWEVSREKITLL
[2026-03-10 12:44:51,246][rfdiffusion.inference.utils][INFO] - Sampled motif RMSD: 0.16
[2026-03-10 12:44:51,248][rfdiffusion.inference.model_runners][INFO] - Timestep 33, input to next step: --------------------------------------------------------------------------------SVYVPDEWEVSREKITLL
[2026-03-10 12:44:51,748][rfdiffusion.inference.utils][INFO] - Sampled motif RMSD: 0.16
[2026-03-10 12:44:51,750][rfdiffusion.inference.model_runners][INFO] - Timestep 32, input to next step: --------------------------------------------------------------------------------SVYVPDEWEVSREKITLL
[2026-03-10 12:44:52,209][rfdiffusion.inference.utils][INFO] - Sampled motif RMSD: 0.17
[2026-03-10 12:44:52,211][rfdiffusion.inference.model_runners][INFO] - Timestep 31, input to next step: --------------------------------------------------------------------------------SVYVPDEWEVSREKITLL
[2026-03-10 12:44:52,670][rfdiffusion.inference.utils][INFO] - Sampled motif RMSD: 0.18
[2026-03-10 12:44:52,672][rfdiffusion.inference.model_runners][INFO] - Timestep 30, input to next step: --------------------------------------------------------------------------------SVYVPDEWEVSREKITLL
[2026-03-10 12:44:53,875][rfdiffusion.inference.utils][INFO] - Sampled motif RMSD: 0.19
[2026-03-10 12:44:53,877][rfdiffusion.inference.model_runners][INFO] - Timestep 29, input to next step: --------------------------------------------------------------------------------SVYVPDEWEVSREKITLL
[2026-03-10 12:44:54,339][rfdiffusion.inference.utils][INFO] - Sampled motif RMSD: 0.20
[2026-03-10 12:44:54,341][rfdiffusion.inference.model_runners][INFO] - Timestep 28, input to next step: --------------------------------------------------------------------------------SVYVPDEWEVSREKITLL
[2026-03-10 12:44:54,801][rfdiffusion.inference.utils][INFO] - Sampled motif RMSD: 0.20
[2026-03-10 12:44:54,803][rfdiffusion.inference.model_runners][INFO] - Timestep 27, input to next step: --------------------------------------------------------------------------------SVYVPDEWEVSREKITLL
[2026-03-10 12:44:55,576][rfdiffusion.inference.utils][INFO] - Sampled motif RMSD: 0.21
[2026-03-10 12:44:55,578][rfdiffusion.inference.model_runners][INFO] - Timestep 26, input to next step: --------------------------------------------------------------------------------SVYVPDEWEVSREKITLL
[2026-03-10 12:44:56,039][rfdiffusion.inference.utils][INFO] - Sampled motif RMSD: 0.21
[2026-03-10 12:44:56,041][rfdiffusion.inference.model_runners][INFO] - Timestep 25, input to next step: --------------------------------------------------------------------------------SVYVPDEWEVSREKITLL
[2026-03-10 12:44:56,498][rfdiffusion.inference.utils][INFO] - Sampled motif RMSD: 0.21
[2026-03-10 12:44:56,500][rfdiffusion.inference.model_runners][INFO] - Timestep 24, input to next step: --------------------------------------------------------------------------------SVYVPDEWEVSREKITLL
[2026-03-10 12:44:56,957][rfdiffusion.inference.utils][INFO] - Sampled motif RMSD: 0.22
[2026-03-10 12:44:56,959][rfdiffusion.inference.model_runners][INFO] - Timestep 23, input to next step: --------------------------------------------------------------------------------SVYVPDEWEVSREKITLL
[2026-03-10 12:44:57,428][rfdiffusion.inference.utils][INFO] - Sampled motif RMSD: 0.22
[2026-03-10 12:44:57,430][rfdiffusion.inference.model_runners][INFO] - Timestep 22, input to next step: --------------------------------------------------------------------------------SVYVPDEWEVSREKITLL
[2026-03-10 12:44:58,969][rfdiffusion.inference.utils][INFO] - Sampled motif RMSD: 0.22
[2026-03-10 12:44:58,971][rfdiffusion.inference.model_runners][INFO] - Timestep 21, input to next step: --------------------------------------------------------------------------------SVYVPDEWEVSREKITLL
[2026-03-10 12:44:59,883][rfdiffusion.inference.utils][INFO] - Sampled motif RMSD: 0.22
[2026-03-10 12:44:59,885][rfdiffusion.inference.model_runners][INFO] - Timestep 20, input to next step: --------------------------------------------------------------------------------SVYVPDEWEVSREKITLL
[2026-03-10 12:45:00,342][rfdiffusion.inference.utils][INFO] - Sampled motif RMSD: 0.22
[2026-03-10 12:45:00,344][rfdiffusion.inference.model_runners][INFO] - Timestep 19, input to next step: --------------------------------------------------------------------------------SVYVPDEWEVSREKITLL
[2026-03-10 12:45:00,801][rfdiffusion.inference.utils][INFO] - Sampled motif RMSD: 0.22
[2026-03-10 12:45:00,803][rfdiffusion.inference.model_runners][INFO] - Timestep 18, input to next step: --------------------------------------------------------------------------------SVYVPDEWEVSREKITLL
[2026-03-10 12:45:01,260][rfdiffusion.inference.utils][INFO] - Sampled motif RMSD: 0.21
[2026-03-10 12:45:01,262][rfdiffusion.inference.model_runners][INFO] - Timestep 17, input to next step: --------------------------------------------------------------------------------SVYVPDEWEVSREKITLL
[2026-03-10 12:45:02,078][rfdiffusion.inference.utils][INFO] - Sampled motif RMSD: 0.20
[2026-03-10 12:45:02,080][rfdiffusion.inference.model_runners][INFO] - Timestep 16, input to next step: --------------------------------------------------------------------------------SVYVPDEWEVSREKITLL
[2026-03-10 12:45:02,546][rfdiffusion.inference.utils][INFO] - Sampled motif RMSD: 0.19
[2026-03-10 12:45:02,548][rfdiffusion.inference.model_runners][INFO] - Timestep 15, input to next step: --------------------------------------------------------------------------------SVYVPDEWEVSREKITLL
[2026-03-10 12:45:04,162][rfdiffusion.inference.utils][INFO] - Sampled motif RMSD: 0.19
[2026-03-10 12:45:04,164][rfdiffusion.inference.model_runners][INFO] - Timestep 14, input to next step: --------------------------------------------------------------------------------SVYVPDEWEVSREKITLL
[2026-03-10 12:45:05,681][rfdiffusion.inference.utils][INFO] - Sampled motif RMSD: 0.19
[2026-03-10 12:45:05,684][rfdiffusion.inference.model_runners][INFO] - Timestep 13, input to next step: --------------------------------------------------------------------------------SVYVPDEWEVSREKITLL
[2026-03-10 12:45:07,172][rfdiffusion.inference.utils][INFO] - Sampled motif RMSD: 0.18
[2026-03-10 12:45:07,174][rfdiffusion.inference.model_runners][INFO] - Timestep 12, input to next step: --------------------------------------------------------------------------------SVYVPDEWEVSREKITLL
[2026-03-10 12:45:08,677][rfdiffusion.inference.utils][INFO] - Sampled motif RMSD: 0.18
[2026-03-10 12:45:08,679][rfdiffusion.inference.model_runners][INFO] - Timestep 11, input to next step: --------------------------------------------------------------------------------SVYVPDEWEVSREKITLL
[2026-03-10 12:45:10,167][rfdiffusion.inference.utils][INFO] - Sampled motif RMSD: 0.17
[2026-03-10 12:45:10,169][rfdiffusion.inference.model_runners][INFO] - Timestep 10, input to next step: --------------------------------------------------------------------------------SVYVPDEWEVSREKITLL
[2026-03-10 12:45:11,667][rfdiffusion.inference.utils][INFO] - Sampled motif RMSD: 0.16
[2026-03-10 12:45:11,669][rfdiffusion.inference.model_runners][INFO] - Timestep 9, input to next step: --------------------------------------------------------------------------------SVYVPDEWEVSREKITLL
[2026-03-10 12:45:13,077][rfdiffusion.inference.utils][INFO] - Sampled motif RMSD: 0.16
[2026-03-10 12:45:13,079][rfdiffusion.inference.model_runners][INFO] - Timestep 8, input to next step: --------------------------------------------------------------------------------SVYVPDEWEVSREKITLL
[2026-03-10 12:45:14,472][rfdiffusion.inference.utils][INFO] - Sampled motif RMSD: 0.17
[2026-03-10 12:45:14,474][rfdiffusion.inference.model_runners][INFO] - Timestep 7, input to next step: --------------------------------------------------------------------------------SVYVPDEWEVSREKITLL
[2026-03-10 12:45:15,985][rfdiffusion.inference.utils][INFO] - Sampled motif RMSD: 0.17
[2026-03-10 12:45:15,987][rfdiffusion.inference.model_runners][INFO] - Timestep 6, input to next step: --------------------------------------------------------------------------------SVYVPDEWEVSREKITLL
[2026-03-10 12:45:17,581][rfdiffusion.inference.utils][INFO] - Sampled motif RMSD: 0.18
[2026-03-10 12:45:17,583][rfdiffusion.inference.model_runners][INFO] - Timestep 5, input to next step: --------------------------------------------------------------------------------SVYVPDEWEVSREKITLL
[2026-03-10 12:45:19,169][rfdiffusion.inference.utils][INFO] - Sampled motif RMSD: 0.18
[2026-03-10 12:45:19,171][rfdiffusion.inference.model_runners][INFO] - Timestep 4, input to next step: --------------------------------------------------------------------------------SVYVPDEWEVSREKITLL
[2026-03-10 12:45:20,775][rfdiffusion.inference.utils][INFO] - Sampled motif RMSD: 0.18
[2026-03-10 12:45:20,777][rfdiffusion.inference.model_runners][INFO] - Timestep 3, input to next step: --------------------------------------------------------------------------------SVYVPDEWEVSREKITLL
[2026-03-10 12:45:22,305][rfdiffusion.inference.utils][INFO] - Sampled motif RMSD: 0.17
[2026-03-10 12:45:22,307][rfdiffusion.inference.model_runners][INFO] - Timestep 2, input to next step: --------------------------------------------------------------------------------SVYVPDEWEVSREKITLL
[2026-03-10 12:45:24,814][__main__][INFO] - Finished design in 0.72 minutes
