[2026-03-10 12:55:04,710][__main__][INFO] - Found GPU with device_name NVIDIA A100-SXM4-80GB. Will run RFdiffusion on NVIDIA A100-SXM4-80GB
[2026-03-10 12:55:04,711][rfdiffusion.inference.model_runners][INFO] - Reading checkpoint from /home01/hpc194a02/test/sim_pip/rfdiffusion/rfdiffusion/inference/../../models/Complex_base_ckpt.pt
[2026-03-10 12:55:23,149][rfdiffusion.inference.model_runners][INFO] - Loading checkpoint.
[2026-03-10 12:55:23,295][rfdiffusion.diffusion][INFO] - Using cached IGSO3.
[2026-03-10 12:55:23,535][__main__][INFO] - Making design /home01/hpc194a02/test/sim_pip/outputs/rfdiffusion/2026-03-10/12-55-01/denovo/binder_0
[2026-03-10 12:55:23,594][rfdiffusion.inference.model_runners][INFO] - Using contig: ['A982-999/0 80-80']
[2026-03-10 12:55:23,821][rfdiffusion.inference.model_runners][INFO] - Sequence init: --------------------------------------------------------------------------------SVYVPDEWEVSREKITLL
[2026-03-10 12:55:25,484][rfdiffusion.inference.utils][INFO] - Sampled motif RMSD: 0.21
[2026-03-10 12:55:25,487][rfdiffusion.inference.model_runners][INFO] - Timestep 50, input to next step: --------------------------------------------------------------------------------SVYVPDEWEVSREKITLL
[2026-03-10 12:55:25,961][rfdiffusion.inference.utils][INFO] - Sampled motif RMSD: 0.21
[2026-03-10 12:55:25,963][rfdiffusion.inference.model_runners][INFO] - Timestep 49, input to next step: --------------------------------------------------------------------------------SVYVPDEWEVSREKITLL
[2026-03-10 12:55:26,422][rfdiffusion.inference.utils][INFO] - Sampled motif RMSD: 0.25
[2026-03-10 12:55:26,424][rfdiffusion.inference.model_runners][INFO] - Timestep 48, input to next step: --------------------------------------------------------------------------------SVYVPDEWEVSREKITLL
[2026-03-10 12:55:26,889][rfdiffusion.inference.utils][INFO] - Sampled motif RMSD: 0.25
[2026-03-10 12:55:26,891][rfdiffusion.inference.model_runners][INFO] - Timestep 47, input to next step: --------------------------------------------------------------------------------SVYVPDEWEVSREKITLL
[2026-03-10 12:55:27,875][rfdiffusion.inference.utils][INFO] - Sampled motif RMSD: 0.26
[2026-03-10 12:55:27,877][rfdiffusion.inference.model_runners][INFO] - Timestep 46, input to next step: --------------------------------------------------------------------------------SVYVPDEWEVSREKITLL
[2026-03-10 12:55:28,342][rfdiffusion.inference.utils][INFO] - Sampled motif RMSD: 0.25
[2026-03-10 12:55:28,344][rfdiffusion.inference.model_runners][INFO] - Timestep 45, input to next step: --------------------------------------------------------------------------------SVYVPDEWEVSREKITLL
[2026-03-10 12:55:29,089][rfdiffusion.inference.utils][INFO] - Sampled motif RMSD: 0.22
[2026-03-10 12:55:29,091][rfdiffusion.inference.model_runners][INFO] - Timestep 44, input to next step: --------------------------------------------------------------------------------SVYVPDEWEVSREKITLL
[2026-03-10 12:55:29,546][rfdiffusion.inference.utils][INFO] - Sampled motif RMSD: 0.21
[2026-03-10 12:55:29,548][rfdiffusion.inference.model_runners][INFO] - Timestep 43, input to next step: --------------------------------------------------------------------------------SVYVPDEWEVSREKITLL
[2026-03-10 12:55:30,079][rfdiffusion.inference.utils][INFO] - Sampled motif RMSD: 0.21
[2026-03-10 12:55:30,081][rfdiffusion.inference.model_runners][INFO] - Timestep 42, input to next step: --------------------------------------------------------------------------------SVYVPDEWEVSREKITLL
[2026-03-10 12:55:30,544][rfdiffusion.inference.utils][INFO] - Sampled motif RMSD: 0.21
[2026-03-10 12:55:30,546][rfdiffusion.inference.model_runners][INFO] - Timestep 41, input to next step: --------------------------------------------------------------------------------SVYVPDEWEVSREKITLL
[2026-03-10 12:55:31,086][rfdiffusion.inference.utils][INFO] - Sampled motif RMSD: 0.21
[2026-03-10 12:55:31,089][rfdiffusion.inference.model_runners][INFO] - Timestep 40, input to next step: --------------------------------------------------------------------------------SVYVPDEWEVSREKITLL
[2026-03-10 12:55:32,188][rfdiffusion.inference.utils][INFO] - Sampled motif RMSD: 0.21
[2026-03-10 12:55:32,191][rfdiffusion.inference.model_runners][INFO] - Timestep 39, input to next step: --------------------------------------------------------------------------------SVYVPDEWEVSREKITLL
[2026-03-10 12:55:32,660][rfdiffusion.inference.utils][INFO] - Sampled motif RMSD: 0.20
[2026-03-10 12:55:32,662][rfdiffusion.inference.model_runners][INFO] - Timestep 38, input to next step: --------------------------------------------------------------------------------SVYVPDEWEVSREKITLL
[2026-03-10 12:55:33,122][rfdiffusion.inference.utils][INFO] - Sampled motif RMSD: 0.20
[2026-03-10 12:55:33,124][rfdiffusion.inference.model_runners][INFO] - Timestep 37, input to next step: --------------------------------------------------------------------------------SVYVPDEWEVSREKITLL
[2026-03-10 12:55:33,584][rfdiffusion.inference.utils][INFO] - Sampled motif RMSD: 0.20
[2026-03-10 12:55:33,586][rfdiffusion.inference.model_runners][INFO] - Timestep 36, input to next step: --------------------------------------------------------------------------------SVYVPDEWEVSREKITLL
[2026-03-10 12:55:34,046][rfdiffusion.inference.utils][INFO] - Sampled motif RMSD: 0.19
[2026-03-10 12:55:34,048][rfdiffusion.inference.model_runners][INFO] - Timestep 35, input to next step: --------------------------------------------------------------------------------SVYVPDEWEVSREKITLL
[2026-03-10 12:55:34,514][rfdiffusion.inference.utils][INFO] - Sampled motif RMSD: 0.19
[2026-03-10 12:55:34,516][rfdiffusion.inference.model_runners][INFO] - Timestep 34, input to next step: --------------------------------------------------------------------------------SVYVPDEWEVSREKITLL
[2026-03-10 12:55:34,974][rfdiffusion.inference.utils][INFO] - Sampled motif RMSD: 0.18
[2026-03-10 12:55:34,976][rfdiffusion.inference.model_runners][INFO] - Timestep 33, input to next step: --------------------------------------------------------------------------------SVYVPDEWEVSREKITLL
[2026-03-10 12:55:35,435][rfdiffusion.inference.utils][INFO] - Sampled motif RMSD: 0.17
[2026-03-10 12:55:35,437][rfdiffusion.inference.model_runners][INFO] - Timestep 32, input to next step: --------------------------------------------------------------------------------SVYVPDEWEVSREKITLL
[2026-03-10 12:55:35,897][rfdiffusion.inference.utils][INFO] - Sampled motif RMSD: 0.18
[2026-03-10 12:55:35,899][rfdiffusion.inference.model_runners][INFO] - Timestep 31, input to next step: --------------------------------------------------------------------------------SVYVPDEWEVSREKITLL
[2026-03-10 12:55:36,364][rfdiffusion.inference.utils][INFO] - Sampled motif RMSD: 0.18
[2026-03-10 12:55:36,366][rfdiffusion.inference.model_runners][INFO] - Timestep 30, input to next step: --------------------------------------------------------------------------------SVYVPDEWEVSREKITLL
[2026-03-10 12:55:37,938][rfdiffusion.inference.utils][INFO] - Sampled motif RMSD: 0.19
[2026-03-10 12:55:37,940][rfdiffusion.inference.model_runners][INFO] - Timestep 29, input to next step: --------------------------------------------------------------------------------SVYVPDEWEVSREKITLL
[2026-03-10 12:55:39,576][rfdiffusion.inference.utils][INFO] - Sampled motif RMSD: 0.19
[2026-03-10 12:55:39,578][rfdiffusion.inference.model_runners][INFO] - Timestep 28, input to next step: --------------------------------------------------------------------------------SVYVPDEWEVSREKITLL
[2026-03-10 12:55:40,476][rfdiffusion.inference.utils][INFO] - Sampled motif RMSD: 0.18
[2026-03-10 12:55:40,478][rfdiffusion.inference.model_runners][INFO] - Timestep 27, input to next step: --------------------------------------------------------------------------------SVYVPDEWEVSREKITLL
[2026-03-10 12:55:40,933][rfdiffusion.inference.utils][INFO] - Sampled motif RMSD: 0.18
[2026-03-10 12:55:40,935][rfdiffusion.inference.model_runners][INFO] - Timestep 26, input to next step: --------------------------------------------------------------------------------SVYVPDEWEVSREKITLL
[2026-03-10 12:55:41,390][rfdiffusion.inference.utils][INFO] - Sampled motif RMSD: 0.18
[2026-03-10 12:55:41,392][rfdiffusion.inference.model_runners][INFO] - Timestep 25, input to next step: --------------------------------------------------------------------------------SVYVPDEWEVSREKITLL
[2026-03-10 12:55:41,845][rfdiffusion.inference.utils][INFO] - Sampled motif RMSD: 0.18
[2026-03-10 12:55:41,847][rfdiffusion.inference.model_runners][INFO] - Timestep 24, input to next step: --------------------------------------------------------------------------------SVYVPDEWEVSREKITLL
[2026-03-10 12:55:42,672][rfdiffusion.inference.utils][INFO] - Sampled motif RMSD: 0.17
[2026-03-10 12:55:42,674][rfdiffusion.inference.model_runners][INFO] - Timestep 23, input to next step: --------------------------------------------------------------------------------SVYVPDEWEVSREKITLL
[2026-03-10 12:55:43,127][rfdiffusion.inference.utils][INFO] - Sampled motif RMSD: 0.17
[2026-03-10 12:55:43,129][rfdiffusion.inference.model_runners][INFO] - Timestep 22, input to next step: --------------------------------------------------------------------------------SVYVPDEWEVSREKITLL
[2026-03-10 12:55:43,665][rfdiffusion.inference.utils][INFO] - Sampled motif RMSD: 0.18
[2026-03-10 12:55:43,667][rfdiffusion.inference.model_runners][INFO] - Timestep 21, input to next step: --------------------------------------------------------------------------------SVYVPDEWEVSREKITLL
[2026-03-10 12:55:44,122][rfdiffusion.inference.utils][INFO] - Sampled motif RMSD: 0.18
[2026-03-10 12:55:44,124][rfdiffusion.inference.model_runners][INFO] - Timestep 20, input to next step: --------------------------------------------------------------------------------SVYVPDEWEVSREKITLL
[2026-03-10 12:55:45,680][rfdiffusion.inference.utils][INFO] - Sampled motif RMSD: 0.18
[2026-03-10 12:55:45,682][rfdiffusion.inference.model_runners][INFO] - Timestep 19, input to next step: --------------------------------------------------------------------------------SVYVPDEWEVSREKITLL
[2026-03-10 12:55:47,188][rfdiffusion.inference.utils][INFO] - Sampled motif RMSD: 0.18
[2026-03-10 12:55:47,190][rfdiffusion.inference.model_runners][INFO] - Timestep 18, input to next step: --------------------------------------------------------------------------------SVYVPDEWEVSREKITLL
[2026-03-10 12:55:48,683][rfdiffusion.inference.utils][INFO] - Sampled motif RMSD: 0.18
[2026-03-10 12:55:48,685][rfdiffusion.inference.model_runners][INFO] - Timestep 17, input to next step: --------------------------------------------------------------------------------SVYVPDEWEVSREKITLL
[2026-03-10 12:55:50,203][rfdiffusion.inference.utils][INFO] - Sampled motif RMSD: 0.19
[2026-03-10 12:55:50,205][rfdiffusion.inference.model_runners][INFO] - Timestep 16, input to next step: --------------------------------------------------------------------------------SVYVPDEWEVSREKITLL
[2026-03-10 12:55:51,772][rfdiffusion.inference.utils][INFO] - Sampled motif RMSD: 0.18
[2026-03-10 12:55:51,774][rfdiffusion.inference.model_runners][INFO] - Timestep 15, input to next step: --------------------------------------------------------------------------------SVYVPDEWEVSREKITLL
[2026-03-10 12:55:53,268][rfdiffusion.inference.utils][INFO] - Sampled motif RMSD: 0.18
[2026-03-10 12:55:53,270][rfdiffusion.inference.model_runners][INFO] - Timestep 14, input to next step: --------------------------------------------------------------------------------SVYVPDEWEVSREKITLL
[2026-03-10 12:55:54,780][rfdiffusion.inference.utils][INFO] - Sampled motif RMSD: 0.18
[2026-03-10 12:55:54,782][rfdiffusion.inference.model_runners][INFO] - Timestep 13, input to next step: --------------------------------------------------------------------------------SVYVPDEWEVSREKITLL
[2026-03-10 12:55:55,782][rfdiffusion.inference.utils][INFO] - Sampled motif RMSD: 0.17
[2026-03-10 12:55:55,784][rfdiffusion.inference.model_runners][INFO] - Timestep 12, input to next step: --------------------------------------------------------------------------------SVYVPDEWEVSREKITLL
[2026-03-10 12:55:56,246][rfdiffusion.inference.utils][INFO] - Sampled motif RMSD: 0.17
[2026-03-10 12:55:56,248][rfdiffusion.inference.model_runners][INFO] - Timestep 11, input to next step: --------------------------------------------------------------------------------SVYVPDEWEVSREKITLL
[2026-03-10 12:55:56,757][rfdiffusion.inference.utils][INFO] - Sampled motif RMSD: 0.17
[2026-03-10 12:55:56,759][rfdiffusion.inference.model_runners][INFO] - Timestep 10, input to next step: --------------------------------------------------------------------------------SVYVPDEWEVSREKITLL
[2026-03-10 12:55:57,215][rfdiffusion.inference.utils][INFO] - Sampled motif RMSD: 0.16
[2026-03-10 12:55:57,217][rfdiffusion.inference.model_runners][INFO] - Timestep 9, input to next step: --------------------------------------------------------------------------------SVYVPDEWEVSREKITLL
[2026-03-10 12:55:58,079][rfdiffusion.inference.utils][INFO] - Sampled motif RMSD: 0.15
[2026-03-10 12:55:58,082][rfdiffusion.inference.model_runners][INFO] - Timestep 8, input to next step: --------------------------------------------------------------------------------SVYVPDEWEVSREKITLL
[2026-03-10 12:55:58,538][rfdiffusion.inference.utils][INFO] - Sampled motif RMSD: 0.14
[2026-03-10 12:55:58,540][rfdiffusion.inference.model_runners][INFO] - Timestep 7, input to next step: --------------------------------------------------------------------------------SVYVPDEWEVSREKITLL
[2026-03-10 12:55:58,992][rfdiffusion.inference.utils][INFO] - Sampled motif RMSD: 0.13
[2026-03-10 12:55:58,994][rfdiffusion.inference.model_runners][INFO] - Timestep 6, input to next step: --------------------------------------------------------------------------------SVYVPDEWEVSREKITLL
[2026-03-10 12:55:59,451][rfdiffusion.inference.utils][INFO] - Sampled motif RMSD: 0.13
[2026-03-10 12:55:59,453][rfdiffusion.inference.model_runners][INFO] - Timestep 5, input to next step: --------------------------------------------------------------------------------SVYVPDEWEVSREKITLL
[2026-03-10 12:55:59,911][rfdiffusion.inference.utils][INFO] - Sampled motif RMSD: 0.13
[2026-03-10 12:55:59,913][rfdiffusion.inference.model_runners][INFO] - Timestep 4, input to next step: --------------------------------------------------------------------------------SVYVPDEWEVSREKITLL
[2026-03-10 12:56:00,370][rfdiffusion.inference.utils][INFO] - Sampled motif RMSD: 0.13
[2026-03-10 12:56:00,372][rfdiffusion.inference.model_runners][INFO] - Timestep 3, input to next step: --------------------------------------------------------------------------------SVYVPDEWEVSREKITLL
[2026-03-10 12:56:00,826][rfdiffusion.inference.utils][INFO] - Sampled motif RMSD: 0.13
[2026-03-10 12:56:00,828][rfdiffusion.inference.model_runners][INFO] - Timestep 2, input to next step: --------------------------------------------------------------------------------SVYVPDEWEVSREKITLL
[2026-03-10 12:56:02,148][__main__][INFO] - Finished design in 0.64 minutes
[2026-03-10 12:56:02,149][__main__][INFO] - Making design /home01/hpc194a02/test/sim_pip/outputs/rfdiffusion/2026-03-10/12-55-01/denovo/binder_1
[2026-03-10 12:56:02,207][rfdiffusion.inference.model_runners][INFO] - Using contig: ['A982-999/0 80-80']
[2026-03-10 12:56:02,420][rfdiffusion.inference.model_runners][INFO] - Sequence init: --------------------------------------------------------------------------------SVYVPDEWEVSREKITLL
[2026-03-10 12:56:03,172][rfdiffusion.inference.utils][INFO] - Sampled motif RMSD: 0.25
[2026-03-10 12:56:03,174][rfdiffusion.inference.model_runners][INFO] - Timestep 50, input to next step: --------------------------------------------------------------------------------SVYVPDEWEVSREKITLL
[2026-03-10 12:56:03,629][rfdiffusion.inference.utils][INFO] - Sampled motif RMSD: 0.21
[2026-03-10 12:56:03,631][rfdiffusion.inference.model_runners][INFO] - Timestep 49, input to next step: --------------------------------------------------------------------------------SVYVPDEWEVSREKITLL
[2026-03-10 12:56:04,087][rfdiffusion.inference.utils][INFO] - Sampled motif RMSD: 0.20
[2026-03-10 12:56:04,089][rfdiffusion.inference.model_runners][INFO] - Timestep 48, input to next step: --------------------------------------------------------------------------------SVYVPDEWEVSREKITLL
[2026-03-10 12:56:04,865][rfdiffusion.inference.utils][INFO] - Sampled motif RMSD: 0.22
[2026-03-10 12:56:04,867][rfdiffusion.inference.model_runners][INFO] - Timestep 47, input to next step: --------------------------------------------------------------------------------SVYVPDEWEVSREKITLL
[2026-03-10 12:56:05,323][rfdiffusion.inference.utils][INFO] - Sampled motif RMSD: 0.23
[2026-03-10 12:56:05,325][rfdiffusion.inference.model_runners][INFO] - Timestep 46, input to next step: --------------------------------------------------------------------------------SVYVPDEWEVSREKITLL
[2026-03-10 12:56:05,780][rfdiffusion.inference.utils][INFO] - Sampled motif RMSD: 0.26
[2026-03-10 12:56:05,782][rfdiffusion.inference.model_runners][INFO] - Timestep 45, input to next step: --------------------------------------------------------------------------------SVYVPDEWEVSREKITLL
[2026-03-10 12:56:07,279][rfdiffusion.inference.utils][INFO] - Sampled motif RMSD: 0.26
[2026-03-10 12:56:07,281][rfdiffusion.inference.model_runners][INFO] - Timestep 44, input to next step: --------------------------------------------------------------------------------SVYVPDEWEVSREKITLL
[2026-03-10 12:56:08,773][rfdiffusion.inference.utils][INFO] - Sampled motif RMSD: 0.24
[2026-03-10 12:56:08,775][rfdiffusion.inference.model_runners][INFO] - Timestep 43, input to next step: --------------------------------------------------------------------------------SVYVPDEWEVSREKITLL
[2026-03-10 12:56:10,188][rfdiffusion.inference.utils][INFO] - Sampled motif RMSD: 0.23
[2026-03-10 12:56:10,190][rfdiffusion.inference.model_runners][INFO] - Timestep 42, input to next step: --------------------------------------------------------------------------------SVYVPDEWEVSREKITLL
[2026-03-10 12:56:10,641][rfdiffusion.inference.utils][INFO] - Sampled motif RMSD: 0.23
[2026-03-10 12:56:10,643][rfdiffusion.inference.model_runners][INFO] - Timestep 41, input to next step: --------------------------------------------------------------------------------SVYVPDEWEVSREKITLL
[2026-03-10 12:56:11,105][rfdiffusion.inference.utils][INFO] - Sampled motif RMSD: 0.22
[2026-03-10 12:56:11,107][rfdiffusion.inference.model_runners][INFO] - Timestep 40, input to next step: --------------------------------------------------------------------------------SVYVPDEWEVSREKITLL
[2026-03-10 12:56:11,563][rfdiffusion.inference.utils][INFO] - Sampled motif RMSD: 0.20
[2026-03-10 12:56:11,565][rfdiffusion.inference.model_runners][INFO] - Timestep 39, input to next step: --------------------------------------------------------------------------------SVYVPDEWEVSREKITLL
[2026-03-10 12:56:12,020][rfdiffusion.inference.utils][INFO] - Sampled motif RMSD: 0.18
[2026-03-10 12:56:12,022][rfdiffusion.inference.model_runners][INFO] - Timestep 38, input to next step: --------------------------------------------------------------------------------SVYVPDEWEVSREKITLL
[2026-03-10 12:56:12,478][rfdiffusion.inference.utils][INFO] - Sampled motif RMSD: 0.17
[2026-03-10 12:56:12,480][rfdiffusion.inference.model_runners][INFO] - Timestep 37, input to next step: --------------------------------------------------------------------------------SVYVPDEWEVSREKITLL
[2026-03-10 12:56:12,935][rfdiffusion.inference.utils][INFO] - Sampled motif RMSD: 0.17
[2026-03-10 12:56:12,937][rfdiffusion.inference.model_runners][INFO] - Timestep 36, input to next step: --------------------------------------------------------------------------------SVYVPDEWEVSREKITLL
[2026-03-10 12:56:13,394][rfdiffusion.inference.utils][INFO] - Sampled motif RMSD: 0.16
[2026-03-10 12:56:13,396][rfdiffusion.inference.model_runners][INFO] - Timestep 35, input to next step: --------------------------------------------------------------------------------SVYVPDEWEVSREKITLL
[2026-03-10 12:56:13,850][rfdiffusion.inference.utils][INFO] - Sampled motif RMSD: 0.15
[2026-03-10 12:56:13,852][rfdiffusion.inference.model_runners][INFO] - Timestep 34, input to next step: --------------------------------------------------------------------------------SVYVPDEWEVSREKITLL
[2026-03-10 12:56:14,306][rfdiffusion.inference.utils][INFO] - Sampled motif RMSD: 0.15
[2026-03-10 12:56:14,308][rfdiffusion.inference.model_runners][INFO] - Timestep 33, input to next step: --------------------------------------------------------------------------------SVYVPDEWEVSREKITLL
[2026-03-10 12:56:14,768][rfdiffusion.inference.utils][INFO] - Sampled motif RMSD: 0.16
[2026-03-10 12:56:14,770][rfdiffusion.inference.model_runners][INFO] - Timestep 32, input to next step: --------------------------------------------------------------------------------SVYVPDEWEVSREKITLL
[2026-03-10 12:56:15,375][rfdiffusion.inference.utils][INFO] - Sampled motif RMSD: 0.16
[2026-03-10 12:56:15,377][rfdiffusion.inference.model_runners][INFO] - Timestep 31, input to next step: --------------------------------------------------------------------------------SVYVPDEWEVSREKITLL
[2026-03-10 12:56:15,871][rfdiffusion.inference.utils][INFO] - Sampled motif RMSD: 0.16
[2026-03-10 12:56:15,874][rfdiffusion.inference.model_runners][INFO] - Timestep 30, input to next step: --------------------------------------------------------------------------------SVYVPDEWEVSREKITLL
[2026-03-10 12:56:16,671][rfdiffusion.inference.utils][INFO] - Sampled motif RMSD: 0.16
[2026-03-10 12:56:16,673][rfdiffusion.inference.model_runners][INFO] - Timestep 29, input to next step: --------------------------------------------------------------------------------SVYVPDEWEVSREKITLL
[2026-03-10 12:56:17,127][rfdiffusion.inference.utils][INFO] - Sampled motif RMSD: 0.16
[2026-03-10 12:56:17,129][rfdiffusion.inference.model_runners][INFO] - Timestep 28, input to next step: --------------------------------------------------------------------------------SVYVPDEWEVSREKITLL
[2026-03-10 12:56:17,583][rfdiffusion.inference.utils][INFO] - Sampled motif RMSD: 0.16
[2026-03-10 12:56:17,585][rfdiffusion.inference.model_runners][INFO] - Timestep 27, input to next step: --------------------------------------------------------------------------------SVYVPDEWEVSREKITLL
[2026-03-10 12:56:18,039][rfdiffusion.inference.utils][INFO] - Sampled motif RMSD: 0.17
[2026-03-10 12:56:18,041][rfdiffusion.inference.model_runners][INFO] - Timestep 26, input to next step: --------------------------------------------------------------------------------SVYVPDEWEVSREKITLL
[2026-03-10 12:56:18,494][rfdiffusion.inference.utils][INFO] - Sampled motif RMSD: 0.18
[2026-03-10 12:56:18,496][rfdiffusion.inference.model_runners][INFO] - Timestep 25, input to next step: --------------------------------------------------------------------------------SVYVPDEWEVSREKITLL
[2026-03-10 12:56:18,949][rfdiffusion.inference.utils][INFO] - Sampled motif RMSD: 0.18
[2026-03-10 12:56:18,951][rfdiffusion.inference.model_runners][INFO] - Timestep 24, input to next step: --------------------------------------------------------------------------------SVYVPDEWEVSREKITLL
[2026-03-10 12:56:19,405][rfdiffusion.inference.utils][INFO] - Sampled motif RMSD: 0.18
[2026-03-10 12:56:19,407][rfdiffusion.inference.model_runners][INFO] - Timestep 23, input to next step: --------------------------------------------------------------------------------SVYVPDEWEVSREKITLL
[2026-03-10 12:56:19,886][rfdiffusion.inference.utils][INFO] - Sampled motif RMSD: 0.18
[2026-03-10 12:56:19,888][rfdiffusion.inference.model_runners][INFO] - Timestep 22, input to next step: --------------------------------------------------------------------------------SVYVPDEWEVSREKITLL
[2026-03-10 12:56:20,344][rfdiffusion.inference.utils][INFO] - Sampled motif RMSD: 0.18
[2026-03-10 12:56:20,347][rfdiffusion.inference.model_runners][INFO] - Timestep 21, input to next step: --------------------------------------------------------------------------------SVYVPDEWEVSREKITLL
[2026-03-10 12:56:20,805][rfdiffusion.inference.utils][INFO] - Sampled motif RMSD: 0.19
[2026-03-10 12:56:20,807][rfdiffusion.inference.model_runners][INFO] - Timestep 20, input to next step: --------------------------------------------------------------------------------SVYVPDEWEVSREKITLL
[2026-03-10 12:56:21,262][rfdiffusion.inference.utils][INFO] - Sampled motif RMSD: 0.20
[2026-03-10 12:56:21,264][rfdiffusion.inference.model_runners][INFO] - Timestep 19, input to next step: --------------------------------------------------------------------------------SVYVPDEWEVSREKITLL
[2026-03-10 12:56:21,780][rfdiffusion.inference.utils][INFO] - Sampled motif RMSD: 0.20
[2026-03-10 12:56:21,782][rfdiffusion.inference.model_runners][INFO] - Timestep 18, input to next step: --------------------------------------------------------------------------------SVYVPDEWEVSREKITLL
[2026-03-10 12:56:22,274][rfdiffusion.inference.utils][INFO] - Sampled motif RMSD: 0.20
[2026-03-10 12:56:22,276][rfdiffusion.inference.model_runners][INFO] - Timestep 17, input to next step: --------------------------------------------------------------------------------SVYVPDEWEVSREKITLL
[2026-03-10 12:56:22,729][rfdiffusion.inference.utils][INFO] - Sampled motif RMSD: 0.19
[2026-03-10 12:56:22,731][rfdiffusion.inference.model_runners][INFO] - Timestep 16, input to next step: --------------------------------------------------------------------------------SVYVPDEWEVSREKITLL
[2026-03-10 12:56:24,380][rfdiffusion.inference.utils][INFO] - Sampled motif RMSD: 0.19
[2026-03-10 12:56:24,382][rfdiffusion.inference.model_runners][INFO] - Timestep 15, input to next step: --------------------------------------------------------------------------------SVYVPDEWEVSREKITLL
[2026-03-10 12:56:25,989][rfdiffusion.inference.utils][INFO] - Sampled motif RMSD: 0.19
[2026-03-10 12:56:25,992][rfdiffusion.inference.model_runners][INFO] - Timestep 14, input to next step: --------------------------------------------------------------------------------SVYVPDEWEVSREKITLL
[2026-03-10 12:56:27,661][rfdiffusion.inference.utils][INFO] - Sampled motif RMSD: 0.20
[2026-03-10 12:56:27,664][rfdiffusion.inference.model_runners][INFO] - Timestep 13, input to next step: --------------------------------------------------------------------------------SVYVPDEWEVSREKITLL
[2026-03-10 12:56:29,285][rfdiffusion.inference.utils][INFO] - Sampled motif RMSD: 0.19
[2026-03-10 12:56:29,288][rfdiffusion.inference.model_runners][INFO] - Timestep 12, input to next step: --------------------------------------------------------------------------------SVYVPDEWEVSREKITLL
[2026-03-10 12:56:30,881][rfdiffusion.inference.utils][INFO] - Sampled motif RMSD: 0.19
[2026-03-10 12:56:30,883][rfdiffusion.inference.model_runners][INFO] - Timestep 11, input to next step: --------------------------------------------------------------------------------SVYVPDEWEVSREKITLL
[2026-03-10 12:56:32,559][rfdiffusion.inference.utils][INFO] - Sampled motif RMSD: 0.19
[2026-03-10 12:56:32,561][rfdiffusion.inference.model_runners][INFO] - Timestep 10, input to next step: --------------------------------------------------------------------------------SVYVPDEWEVSREKITLL
[2026-03-10 12:56:34,322][rfdiffusion.inference.utils][INFO] - Sampled motif RMSD: 0.19
[2026-03-10 12:56:34,325][rfdiffusion.inference.model_runners][INFO] - Timestep 9, input to next step: --------------------------------------------------------------------------------SVYVPDEWEVSREKITLL
[2026-03-10 12:56:35,465][rfdiffusion.inference.utils][INFO] - Sampled motif RMSD: 0.18
[2026-03-10 12:56:35,467][rfdiffusion.inference.model_runners][INFO] - Timestep 8, input to next step: --------------------------------------------------------------------------------SVYVPDEWEVSREKITLL
[2026-03-10 12:56:37,119][rfdiffusion.inference.utils][INFO] - Sampled motif RMSD: 0.18
[2026-03-10 12:56:37,121][rfdiffusion.inference.model_runners][INFO] - Timestep 7, input to next step: --------------------------------------------------------------------------------SVYVPDEWEVSREKITLL
[2026-03-10 12:56:38,717][rfdiffusion.inference.utils][INFO] - Sampled motif RMSD: 0.17
[2026-03-10 12:56:38,719][rfdiffusion.inference.model_runners][INFO] - Timestep 6, input to next step: --------------------------------------------------------------------------------SVYVPDEWEVSREKITLL
[2026-03-10 12:56:40,420][rfdiffusion.inference.utils][INFO] - Sampled motif RMSD: 0.16
[2026-03-10 12:56:40,422][rfdiffusion.inference.model_runners][INFO] - Timestep 5, input to next step: --------------------------------------------------------------------------------SVYVPDEWEVSREKITLL
[2026-03-10 12:56:43,743][rfdiffusion.inference.utils][INFO] - Sampled motif RMSD: 0.15
[2026-03-10 12:56:43,745][rfdiffusion.inference.model_runners][INFO] - Timestep 4, input to next step: --------------------------------------------------------------------------------SVYVPDEWEVSREKITLL
[2026-03-10 12:56:47,825][rfdiffusion.inference.utils][INFO] - Sampled motif RMSD: 0.13
[2026-03-10 12:56:47,828][rfdiffusion.inference.model_runners][INFO] - Timestep 3, input to next step: --------------------------------------------------------------------------------SVYVPDEWEVSREKITLL
[2026-03-10 12:56:51,841][rfdiffusion.inference.utils][INFO] - Sampled motif RMSD: 0.12
[2026-03-10 12:56:51,920][rfdiffusion.inference.model_runners][INFO] - Timestep 2, input to next step: --------------------------------------------------------------------------------SVYVPDEWEVSREKITLL
[2026-03-10 12:56:58,838][__main__][INFO] - Finished design in 0.94 minutes
