[2026-03-10 12:27:44,959][__main__][INFO] - Found GPU with device_name NVIDIA A100-SXM4-80GB. Will run RFdiffusion on NVIDIA A100-SXM4-80GB
[2026-03-10 12:27:44,960][rfdiffusion.inference.model_runners][INFO] - Reading checkpoint from /home01/hpc194a02/test/sim_pip/rfdiffusion/rfdiffusion/inference/../../models/Complex_base_ckpt.pt
[2026-03-10 12:28:05,185][rfdiffusion.inference.model_runners][INFO] - Loading checkpoint.
[2026-03-10 12:28:05,325][rfdiffusion.diffusion][INFO] - Using cached IGSO3.
[2026-03-10 12:28:05,539][__main__][INFO] - Making design /home01/hpc194a02/test/sim_pip/outputs/rfdiffusion/2026-03-10/12-27-40/denovo/binder_0
[2026-03-10 12:28:05,597][rfdiffusion.inference.model_runners][INFO] - Using contig: ['A982-999/0 80-80']
[2026-03-10 12:28:05,622][rfdiffusion.inference.model_runners][INFO] - Sequence init: --------------------------------------------------------------------------------SVYVPDEWEVSREKITLL
[2026-03-10 12:28:07,137][rfdiffusion.inference.utils][INFO] - Sampled motif RMSD: 0.23
[2026-03-10 12:28:07,140][rfdiffusion.inference.model_runners][INFO] - Timestep 50, input to next step: --------------------------------------------------------------------------------SVYVPDEWEVSREKITLL
[2026-03-10 12:28:07,617][rfdiffusion.inference.utils][INFO] - Sampled motif RMSD: 0.22
[2026-03-10 12:28:07,619][rfdiffusion.inference.model_runners][INFO] - Timestep 49, input to next step: --------------------------------------------------------------------------------SVYVPDEWEVSREKITLL
[2026-03-10 12:28:08,081][rfdiffusion.inference.utils][INFO] - Sampled motif RMSD: 0.22
[2026-03-10 12:28:08,083][rfdiffusion.inference.model_runners][INFO] - Timestep 48, input to next step: --------------------------------------------------------------------------------SVYVPDEWEVSREKITLL
[2026-03-10 12:28:08,590][rfdiffusion.inference.utils][INFO] - Sampled motif RMSD: 0.21
[2026-03-10 12:28:08,593][rfdiffusion.inference.model_runners][INFO] - Timestep 47, input to next step: --------------------------------------------------------------------------------SVYVPDEWEVSREKITLL
[2026-03-10 12:28:09,286][rfdiffusion.inference.utils][INFO] - Sampled motif RMSD: 0.20
[2026-03-10 12:28:09,288][rfdiffusion.inference.model_runners][INFO] - Timestep 46, input to next step: --------------------------------------------------------------------------------SVYVPDEWEVSREKITLL
[2026-03-10 12:28:10,194][rfdiffusion.inference.utils][INFO] - Sampled motif RMSD: 0.19
[2026-03-10 12:28:10,196][rfdiffusion.inference.model_runners][INFO] - Timestep 45, input to next step: --------------------------------------------------------------------------------SVYVPDEWEVSREKITLL
[2026-03-10 12:28:10,659][rfdiffusion.inference.utils][INFO] - Sampled motif RMSD: 0.20
[2026-03-10 12:28:10,661][rfdiffusion.inference.model_runners][INFO] - Timestep 44, input to next step: --------------------------------------------------------------------------------SVYVPDEWEVSREKITLL
[2026-03-10 12:28:11,125][rfdiffusion.inference.utils][INFO] - Sampled motif RMSD: 0.19
[2026-03-10 12:28:11,127][rfdiffusion.inference.model_runners][INFO] - Timestep 43, input to next step: --------------------------------------------------------------------------------SVYVPDEWEVSREKITLL
[2026-03-10 12:28:12,278][rfdiffusion.inference.utils][INFO] - Sampled motif RMSD: 0.21
[2026-03-10 12:28:12,280][rfdiffusion.inference.model_runners][INFO] - Timestep 42, input to next step: --------------------------------------------------------------------------------SVYVPDEWEVSREKITLL
[2026-03-10 12:28:13,179][rfdiffusion.inference.utils][INFO] - Sampled motif RMSD: 0.23
[2026-03-10 12:28:13,181][rfdiffusion.inference.model_runners][INFO] - Timestep 41, input to next step: --------------------------------------------------------------------------------SVYVPDEWEVSREKITLL
[2026-03-10 12:28:13,641][rfdiffusion.inference.utils][INFO] - Sampled motif RMSD: 0.24
[2026-03-10 12:28:13,643][rfdiffusion.inference.model_runners][INFO] - Timestep 40, input to next step: --------------------------------------------------------------------------------SVYVPDEWEVSREKITLL
[2026-03-10 12:28:14,103][rfdiffusion.inference.utils][INFO] - Sampled motif RMSD: 0.29
[2026-03-10 12:28:14,105][rfdiffusion.inference.model_runners][INFO] - Timestep 39, input to next step: --------------------------------------------------------------------------------SVYVPDEWEVSREKITLL
[2026-03-10 12:28:14,563][rfdiffusion.inference.utils][INFO] - Sampled motif RMSD: 0.25
[2026-03-10 12:28:14,565][rfdiffusion.inference.model_runners][INFO] - Timestep 38, input to next step: --------------------------------------------------------------------------------SVYVPDEWEVSREKITLL
[2026-03-10 12:28:16,165][rfdiffusion.inference.utils][INFO] - Sampled motif RMSD: 0.30
[2026-03-10 12:28:16,167][rfdiffusion.inference.model_runners][INFO] - Timestep 37, input to next step: --------------------------------------------------------------------------------SVYVPDEWEVSREKITLL
[2026-03-10 12:28:17,180][rfdiffusion.inference.utils][INFO] - Sampled motif RMSD: 0.30
[2026-03-10 12:28:17,182][rfdiffusion.inference.model_runners][INFO] - Timestep 36, input to next step: --------------------------------------------------------------------------------SVYVPDEWEVSREKITLL
[2026-03-10 12:28:17,640][rfdiffusion.inference.utils][INFO] - Sampled motif RMSD: 0.28
[2026-03-10 12:28:17,642][rfdiffusion.inference.model_runners][INFO] - Timestep 35, input to next step: --------------------------------------------------------------------------------SVYVPDEWEVSREKITLL
[2026-03-10 12:28:18,100][rfdiffusion.inference.utils][INFO] - Sampled motif RMSD: 0.27
[2026-03-10 12:28:18,102][rfdiffusion.inference.model_runners][INFO] - Timestep 34, input to next step: --------------------------------------------------------------------------------SVYVPDEWEVSREKITLL
[2026-03-10 12:28:18,560][rfdiffusion.inference.utils][INFO] - Sampled motif RMSD: 0.27
[2026-03-10 12:28:18,562][rfdiffusion.inference.model_runners][INFO] - Timestep 33, input to next step: --------------------------------------------------------------------------------SVYVPDEWEVSREKITLL
[2026-03-10 12:28:19,022][rfdiffusion.inference.utils][INFO] - Sampled motif RMSD: 0.27
[2026-03-10 12:28:19,024][rfdiffusion.inference.model_runners][INFO] - Timestep 32, input to next step: --------------------------------------------------------------------------------SVYVPDEWEVSREKITLL
[2026-03-10 12:28:19,486][rfdiffusion.inference.utils][INFO] - Sampled motif RMSD: 0.28
[2026-03-10 12:28:19,488][rfdiffusion.inference.model_runners][INFO] - Timestep 31, input to next step: --------------------------------------------------------------------------------SVYVPDEWEVSREKITLL
[2026-03-10 12:28:19,944][rfdiffusion.inference.utils][INFO] - Sampled motif RMSD: 0.28
[2026-03-10 12:28:19,946][rfdiffusion.inference.model_runners][INFO] - Timestep 30, input to next step: --------------------------------------------------------------------------------SVYVPDEWEVSREKITLL
[2026-03-10 12:28:20,403][rfdiffusion.inference.utils][INFO] - Sampled motif RMSD: 0.26
[2026-03-10 12:28:20,404][rfdiffusion.inference.model_runners][INFO] - Timestep 29, input to next step: --------------------------------------------------------------------------------SVYVPDEWEVSREKITLL
[2026-03-10 12:28:20,860][rfdiffusion.inference.utils][INFO] - Sampled motif RMSD: 0.23
[2026-03-10 12:28:20,862][rfdiffusion.inference.model_runners][INFO] - Timestep 28, input to next step: --------------------------------------------------------------------------------SVYVPDEWEVSREKITLL
[2026-03-10 12:28:21,318][rfdiffusion.inference.utils][INFO] - Sampled motif RMSD: 0.23
[2026-03-10 12:28:21,320][rfdiffusion.inference.model_runners][INFO] - Timestep 27, input to next step: --------------------------------------------------------------------------------SVYVPDEWEVSREKITLL
[2026-03-10 12:28:21,777][rfdiffusion.inference.utils][INFO] - Sampled motif RMSD: 0.23
[2026-03-10 12:28:21,779][rfdiffusion.inference.model_runners][INFO] - Timestep 26, input to next step: --------------------------------------------------------------------------------SVYVPDEWEVSREKITLL
[2026-03-10 12:28:22,237][rfdiffusion.inference.utils][INFO] - Sampled motif RMSD: 0.23
[2026-03-10 12:28:22,239][rfdiffusion.inference.model_runners][INFO] - Timestep 25, input to next step: --------------------------------------------------------------------------------SVYVPDEWEVSREKITLL
[2026-03-10 12:28:22,695][rfdiffusion.inference.utils][INFO] - Sampled motif RMSD: 0.22
[2026-03-10 12:28:22,697][rfdiffusion.inference.model_runners][INFO] - Timestep 24, input to next step: --------------------------------------------------------------------------------SVYVPDEWEVSREKITLL
[2026-03-10 12:28:23,153][rfdiffusion.inference.utils][INFO] - Sampled motif RMSD: 0.20
[2026-03-10 12:28:23,155][rfdiffusion.inference.model_runners][INFO] - Timestep 23, input to next step: --------------------------------------------------------------------------------SVYVPDEWEVSREKITLL
[2026-03-10 12:28:23,616][rfdiffusion.inference.utils][INFO] - Sampled motif RMSD: 0.19
[2026-03-10 12:28:23,618][rfdiffusion.inference.model_runners][INFO] - Timestep 22, input to next step: --------------------------------------------------------------------------------SVYVPDEWEVSREKITLL
[2026-03-10 12:28:24,183][rfdiffusion.inference.utils][INFO] - Sampled motif RMSD: 0.18
[2026-03-10 12:28:24,185][rfdiffusion.inference.model_runners][INFO] - Timestep 21, input to next step: --------------------------------------------------------------------------------SVYVPDEWEVSREKITLL
[2026-03-10 12:28:24,643][rfdiffusion.inference.utils][INFO] - Sampled motif RMSD: 0.16
[2026-03-10 12:28:24,645][rfdiffusion.inference.model_runners][INFO] - Timestep 20, input to next step: --------------------------------------------------------------------------------SVYVPDEWEVSREKITLL
[2026-03-10 12:28:25,481][rfdiffusion.inference.utils][INFO] - Sampled motif RMSD: 0.15
[2026-03-10 12:28:25,483][rfdiffusion.inference.model_runners][INFO] - Timestep 19, input to next step: --------------------------------------------------------------------------------SVYVPDEWEVSREKITLL
[2026-03-10 12:28:25,941][rfdiffusion.inference.utils][INFO] - Sampled motif RMSD: 0.14
[2026-03-10 12:28:25,943][rfdiffusion.inference.model_runners][INFO] - Timestep 18, input to next step: --------------------------------------------------------------------------------SVYVPDEWEVSREKITLL
[2026-03-10 12:28:26,399][rfdiffusion.inference.utils][INFO] - Sampled motif RMSD: 0.14
[2026-03-10 12:28:26,401][rfdiffusion.inference.model_runners][INFO] - Timestep 17, input to next step: --------------------------------------------------------------------------------SVYVPDEWEVSREKITLL
[2026-03-10 12:28:26,856][rfdiffusion.inference.utils][INFO] - Sampled motif RMSD: 0.14
[2026-03-10 12:28:26,858][rfdiffusion.inference.model_runners][INFO] - Timestep 16, input to next step: --------------------------------------------------------------------------------SVYVPDEWEVSREKITLL
[2026-03-10 12:28:27,314][rfdiffusion.inference.utils][INFO] - Sampled motif RMSD: 0.14
[2026-03-10 12:28:27,316][rfdiffusion.inference.model_runners][INFO] - Timestep 15, input to next step: --------------------------------------------------------------------------------SVYVPDEWEVSREKITLL
[2026-03-10 12:28:28,074][rfdiffusion.inference.utils][INFO] - Sampled motif RMSD: 0.13
[2026-03-10 12:28:28,076][rfdiffusion.inference.model_runners][INFO] - Timestep 14, input to next step: --------------------------------------------------------------------------------SVYVPDEWEVSREKITLL
[2026-03-10 12:28:28,536][rfdiffusion.inference.utils][INFO] - Sampled motif RMSD: 0.14
[2026-03-10 12:28:28,538][rfdiffusion.inference.model_runners][INFO] - Timestep 13, input to next step: --------------------------------------------------------------------------------SVYVPDEWEVSREKITLL
[2026-03-10 12:28:28,994][rfdiffusion.inference.utils][INFO] - Sampled motif RMSD: 0.14
[2026-03-10 12:28:28,996][rfdiffusion.inference.model_runners][INFO] - Timestep 12, input to next step: --------------------------------------------------------------------------------SVYVPDEWEVSREKITLL
[2026-03-10 12:28:29,453][rfdiffusion.inference.utils][INFO] - Sampled motif RMSD: 0.15
[2026-03-10 12:28:29,455][rfdiffusion.inference.model_runners][INFO] - Timestep 11, input to next step: --------------------------------------------------------------------------------SVYVPDEWEVSREKITLL
[2026-03-10 12:28:29,911][rfdiffusion.inference.utils][INFO] - Sampled motif RMSD: 0.14
[2026-03-10 12:28:29,913][rfdiffusion.inference.model_runners][INFO] - Timestep 10, input to next step: --------------------------------------------------------------------------------SVYVPDEWEVSREKITLL
[2026-03-10 12:28:30,378][rfdiffusion.inference.utils][INFO] - Sampled motif RMSD: 0.14
[2026-03-10 12:28:30,380][rfdiffusion.inference.model_runners][INFO] - Timestep 9, input to next step: --------------------------------------------------------------------------------SVYVPDEWEVSREKITLL
[2026-03-10 12:28:30,835][rfdiffusion.inference.utils][INFO] - Sampled motif RMSD: 0.14
[2026-03-10 12:28:30,837][rfdiffusion.inference.model_runners][INFO] - Timestep 8, input to next step: --------------------------------------------------------------------------------SVYVPDEWEVSREKITLL
[2026-03-10 12:28:31,292][rfdiffusion.inference.utils][INFO] - Sampled motif RMSD: 0.15
[2026-03-10 12:28:31,294][rfdiffusion.inference.model_runners][INFO] - Timestep 7, input to next step: --------------------------------------------------------------------------------SVYVPDEWEVSREKITLL
[2026-03-10 12:28:32,585][rfdiffusion.inference.utils][INFO] - Sampled motif RMSD: 0.15
[2026-03-10 12:28:32,587][rfdiffusion.inference.model_runners][INFO] - Timestep 6, input to next step: --------------------------------------------------------------------------------SVYVPDEWEVSREKITLL
[2026-03-10 12:28:33,047][rfdiffusion.inference.utils][INFO] - Sampled motif RMSD: 0.14
[2026-03-10 12:28:33,049][rfdiffusion.inference.model_runners][INFO] - Timestep 5, input to next step: --------------------------------------------------------------------------------SVYVPDEWEVSREKITLL
[2026-03-10 12:28:33,509][rfdiffusion.inference.utils][INFO] - Sampled motif RMSD: 0.13
[2026-03-10 12:28:33,512][rfdiffusion.inference.model_runners][INFO] - Timestep 4, input to next step: --------------------------------------------------------------------------------SVYVPDEWEVSREKITLL
[2026-03-10 12:28:33,973][rfdiffusion.inference.utils][INFO] - Sampled motif RMSD: 0.12
[2026-03-10 12:28:33,975][rfdiffusion.inference.model_runners][INFO] - Timestep 3, input to next step: --------------------------------------------------------------------------------SVYVPDEWEVSREKITLL
[2026-03-10 12:28:34,433][rfdiffusion.inference.utils][INFO] - Sampled motif RMSD: 0.11
[2026-03-10 12:28:34,435][rfdiffusion.inference.model_runners][INFO] - Timestep 2, input to next step: --------------------------------------------------------------------------------SVYVPDEWEVSREKITLL
[2026-03-10 12:28:35,751][__main__][INFO] - Finished design in 0.50 minutes
[2026-03-10 12:28:35,751][__main__][INFO] - Making design /home01/hpc194a02/test/sim_pip/outputs/rfdiffusion/2026-03-10/12-27-40/denovo/binder_1
[2026-03-10 12:28:35,805][rfdiffusion.inference.model_runners][INFO] - Using contig: ['A982-999/0 80-80']
[2026-03-10 12:28:35,820][rfdiffusion.inference.model_runners][INFO] - Sequence init: --------------------------------------------------------------------------------SVYVPDEWEVSREKITLL
[2026-03-10 12:28:36,279][rfdiffusion.inference.utils][INFO] - Sampled motif RMSD: 0.22
[2026-03-10 12:28:36,281][rfdiffusion.inference.model_runners][INFO] - Timestep 50, input to next step: --------------------------------------------------------------------------------SVYVPDEWEVSREKITLL
[2026-03-10 12:28:36,739][rfdiffusion.inference.utils][INFO] - Sampled motif RMSD: 0.21
[2026-03-10 12:28:36,741][rfdiffusion.inference.model_runners][INFO] - Timestep 49, input to next step: --------------------------------------------------------------------------------SVYVPDEWEVSREKITLL
[2026-03-10 12:28:37,198][rfdiffusion.inference.utils][INFO] - Sampled motif RMSD: 0.26
[2026-03-10 12:28:37,200][rfdiffusion.inference.model_runners][INFO] - Timestep 48, input to next step: --------------------------------------------------------------------------------SVYVPDEWEVSREKITLL
[2026-03-10 12:28:37,660][rfdiffusion.inference.utils][INFO] - Sampled motif RMSD: 0.34
[2026-03-10 12:28:37,662][rfdiffusion.inference.model_runners][INFO] - Timestep 47, input to next step: --------------------------------------------------------------------------------SVYVPDEWEVSREKITLL
[2026-03-10 12:28:38,121][rfdiffusion.inference.utils][INFO] - Sampled motif RMSD: 0.34
[2026-03-10 12:28:38,123][rfdiffusion.inference.model_runners][INFO] - Timestep 46, input to next step: --------------------------------------------------------------------------------SVYVPDEWEVSREKITLL
[2026-03-10 12:28:38,581][rfdiffusion.inference.utils][INFO] - Sampled motif RMSD: 0.31
[2026-03-10 12:28:38,583][rfdiffusion.inference.model_runners][INFO] - Timestep 45, input to next step: --------------------------------------------------------------------------------SVYVPDEWEVSREKITLL
[2026-03-10 12:28:39,978][rfdiffusion.inference.utils][INFO] - Sampled motif RMSD: 0.30
[2026-03-10 12:28:39,980][rfdiffusion.inference.model_runners][INFO] - Timestep 44, input to next step: --------------------------------------------------------------------------------SVYVPDEWEVSREKITLL
[2026-03-10 12:28:40,445][rfdiffusion.inference.utils][INFO] - Sampled motif RMSD: 0.29
[2026-03-10 12:28:40,448][rfdiffusion.inference.model_runners][INFO] - Timestep 43, input to next step: --------------------------------------------------------------------------------SVYVPDEWEVSREKITLL
[2026-03-10 12:28:40,907][rfdiffusion.inference.utils][INFO] - Sampled motif RMSD: 0.27
[2026-03-10 12:28:40,909][rfdiffusion.inference.model_runners][INFO] - Timestep 42, input to next step: --------------------------------------------------------------------------------SVYVPDEWEVSREKITLL
[2026-03-10 12:28:41,366][rfdiffusion.inference.utils][INFO] - Sampled motif RMSD: 0.25
[2026-03-10 12:28:41,368][rfdiffusion.inference.model_runners][INFO] - Timestep 41, input to next step: --------------------------------------------------------------------------------SVYVPDEWEVSREKITLL
[2026-03-10 12:28:41,834][rfdiffusion.inference.utils][INFO] - Sampled motif RMSD: 0.24
[2026-03-10 12:28:41,836][rfdiffusion.inference.model_runners][INFO] - Timestep 40, input to next step: --------------------------------------------------------------------------------SVYVPDEWEVSREKITLL
[2026-03-10 12:28:42,292][rfdiffusion.inference.utils][INFO] - Sampled motif RMSD: 0.24
[2026-03-10 12:28:42,294][rfdiffusion.inference.model_runners][INFO] - Timestep 39, input to next step: --------------------------------------------------------------------------------SVYVPDEWEVSREKITLL
[2026-03-10 12:28:42,752][rfdiffusion.inference.utils][INFO] - Sampled motif RMSD: 0.24
[2026-03-10 12:28:42,754][rfdiffusion.inference.model_runners][INFO] - Timestep 38, input to next step: --------------------------------------------------------------------------------SVYVPDEWEVSREKITLL
[2026-03-10 12:28:43,214][rfdiffusion.inference.utils][INFO] - Sampled motif RMSD: 0.24
[2026-03-10 12:28:43,216][rfdiffusion.inference.model_runners][INFO] - Timestep 37, input to next step: --------------------------------------------------------------------------------SVYVPDEWEVSREKITLL
[2026-03-10 12:28:43,674][rfdiffusion.inference.utils][INFO] - Sampled motif RMSD: 0.25
[2026-03-10 12:28:43,676][rfdiffusion.inference.model_runners][INFO] - Timestep 36, input to next step: --------------------------------------------------------------------------------SVYVPDEWEVSREKITLL
[2026-03-10 12:28:44,132][rfdiffusion.inference.utils][INFO] - Sampled motif RMSD: 0.25
[2026-03-10 12:28:44,134][rfdiffusion.inference.model_runners][INFO] - Timestep 35, input to next step: --------------------------------------------------------------------------------SVYVPDEWEVSREKITLL
[2026-03-10 12:28:44,593][rfdiffusion.inference.utils][INFO] - Sampled motif RMSD: 0.25
[2026-03-10 12:28:44,595][rfdiffusion.inference.model_runners][INFO] - Timestep 34, input to next step: --------------------------------------------------------------------------------SVYVPDEWEVSREKITLL
[2026-03-10 12:28:45,474][rfdiffusion.inference.utils][INFO] - Sampled motif RMSD: 0.25
[2026-03-10 12:28:45,476][rfdiffusion.inference.model_runners][INFO] - Timestep 33, input to next step: --------------------------------------------------------------------------------SVYVPDEWEVSREKITLL
[2026-03-10 12:28:45,934][rfdiffusion.inference.utils][INFO] - Sampled motif RMSD: 0.24
[2026-03-10 12:28:45,936][rfdiffusion.inference.model_runners][INFO] - Timestep 32, input to next step: --------------------------------------------------------------------------------SVYVPDEWEVSREKITLL
[2026-03-10 12:28:46,580][rfdiffusion.inference.utils][INFO] - Sampled motif RMSD: 0.25
[2026-03-10 12:28:46,582][rfdiffusion.inference.model_runners][INFO] - Timestep 31, input to next step: --------------------------------------------------------------------------------SVYVPDEWEVSREKITLL
[2026-03-10 12:28:47,041][rfdiffusion.inference.utils][INFO] - Sampled motif RMSD: 0.26
[2026-03-10 12:28:47,043][rfdiffusion.inference.model_runners][INFO] - Timestep 30, input to next step: --------------------------------------------------------------------------------SVYVPDEWEVSREKITLL
[2026-03-10 12:28:47,500][rfdiffusion.inference.utils][INFO] - Sampled motif RMSD: 0.26
[2026-03-10 12:28:47,502][rfdiffusion.inference.model_runners][INFO] - Timestep 29, input to next step: --------------------------------------------------------------------------------SVYVPDEWEVSREKITLL
[2026-03-10 12:28:47,961][rfdiffusion.inference.utils][INFO] - Sampled motif RMSD: 0.26
[2026-03-10 12:28:47,963][rfdiffusion.inference.model_runners][INFO] - Timestep 28, input to next step: --------------------------------------------------------------------------------SVYVPDEWEVSREKITLL
[2026-03-10 12:28:48,429][rfdiffusion.inference.utils][INFO] - Sampled motif RMSD: 0.25
[2026-03-10 12:28:48,431][rfdiffusion.inference.model_runners][INFO] - Timestep 27, input to next step: --------------------------------------------------------------------------------SVYVPDEWEVSREKITLL
[2026-03-10 12:28:48,889][rfdiffusion.inference.utils][INFO] - Sampled motif RMSD: 0.24
[2026-03-10 12:28:48,891][rfdiffusion.inference.model_runners][INFO] - Timestep 26, input to next step: --------------------------------------------------------------------------------SVYVPDEWEVSREKITLL
[2026-03-10 12:28:49,351][rfdiffusion.inference.utils][INFO] - Sampled motif RMSD: 0.22
[2026-03-10 12:28:49,353][rfdiffusion.inference.model_runners][INFO] - Timestep 25, input to next step: --------------------------------------------------------------------------------SVYVPDEWEVSREKITLL
[2026-03-10 12:28:50,189][rfdiffusion.inference.utils][INFO] - Sampled motif RMSD: 0.20
[2026-03-10 12:28:50,191][rfdiffusion.inference.model_runners][INFO] - Timestep 24, input to next step: --------------------------------------------------------------------------------SVYVPDEWEVSREKITLL
[2026-03-10 12:28:51,773][rfdiffusion.inference.utils][INFO] - Sampled motif RMSD: 0.19
[2026-03-10 12:28:51,775][rfdiffusion.inference.model_runners][INFO] - Timestep 23, input to next step: --------------------------------------------------------------------------------SVYVPDEWEVSREKITLL
[2026-03-10 12:28:53,285][rfdiffusion.inference.utils][INFO] - Sampled motif RMSD: 0.17
[2026-03-10 12:28:53,287][rfdiffusion.inference.model_runners][INFO] - Timestep 22, input to next step: --------------------------------------------------------------------------------SVYVPDEWEVSREKITLL
[2026-03-10 12:28:54,078][rfdiffusion.inference.utils][INFO] - Sampled motif RMSD: 0.18
[2026-03-10 12:28:54,080][rfdiffusion.inference.model_runners][INFO] - Timestep 21, input to next step: --------------------------------------------------------------------------------SVYVPDEWEVSREKITLL
[2026-03-10 12:28:55,585][rfdiffusion.inference.utils][INFO] - Sampled motif RMSD: 0.17
[2026-03-10 12:28:55,587][rfdiffusion.inference.model_runners][INFO] - Timestep 20, input to next step: --------------------------------------------------------------------------------SVYVPDEWEVSREKITLL
[2026-03-10 12:28:57,087][rfdiffusion.inference.utils][INFO] - Sampled motif RMSD: 0.17
[2026-03-10 12:28:57,089][rfdiffusion.inference.model_runners][INFO] - Timestep 19, input to next step: --------------------------------------------------------------------------------SVYVPDEWEVSREKITLL
[2026-03-10 12:28:58,569][rfdiffusion.inference.utils][INFO] - Sampled motif RMSD: 0.18
[2026-03-10 12:28:58,571][rfdiffusion.inference.model_runners][INFO] - Timestep 18, input to next step: --------------------------------------------------------------------------------SVYVPDEWEVSREKITLL
[2026-03-10 12:28:59,377][rfdiffusion.inference.utils][INFO] - Sampled motif RMSD: 0.18
[2026-03-10 12:28:59,379][rfdiffusion.inference.model_runners][INFO] - Timestep 17, input to next step: --------------------------------------------------------------------------------SVYVPDEWEVSREKITLL
[2026-03-10 12:28:59,840][rfdiffusion.inference.utils][INFO] - Sampled motif RMSD: 0.19
[2026-03-10 12:28:59,842][rfdiffusion.inference.model_runners][INFO] - Timestep 16, input to next step: --------------------------------------------------------------------------------SVYVPDEWEVSREKITLL
[2026-03-10 12:29:00,298][rfdiffusion.inference.utils][INFO] - Sampled motif RMSD: 0.19
[2026-03-10 12:29:00,300][rfdiffusion.inference.model_runners][INFO] - Timestep 15, input to next step: --------------------------------------------------------------------------------SVYVPDEWEVSREKITLL
[2026-03-10 12:29:00,757][rfdiffusion.inference.utils][INFO] - Sampled motif RMSD: 0.19
[2026-03-10 12:29:00,759][rfdiffusion.inference.model_runners][INFO] - Timestep 14, input to next step: --------------------------------------------------------------------------------SVYVPDEWEVSREKITLL
[2026-03-10 12:29:01,685][rfdiffusion.inference.utils][INFO] - Sampled motif RMSD: 0.19
[2026-03-10 12:29:01,687][rfdiffusion.inference.model_runners][INFO] - Timestep 13, input to next step: --------------------------------------------------------------------------------SVYVPDEWEVSREKITLL
[2026-03-10 12:29:02,375][rfdiffusion.inference.utils][INFO] - Sampled motif RMSD: 0.19
[2026-03-10 12:29:02,377][rfdiffusion.inference.model_runners][INFO] - Timestep 12, input to next step: --------------------------------------------------------------------------------SVYVPDEWEVSREKITLL
[2026-03-10 12:29:02,834][rfdiffusion.inference.utils][INFO] - Sampled motif RMSD: 0.18
[2026-03-10 12:29:02,836][rfdiffusion.inference.model_runners][INFO] - Timestep 11, input to next step: --------------------------------------------------------------------------------SVYVPDEWEVSREKITLL
[2026-03-10 12:29:04,389][rfdiffusion.inference.utils][INFO] - Sampled motif RMSD: 0.18
[2026-03-10 12:29:04,391][rfdiffusion.inference.model_runners][INFO] - Timestep 10, input to next step: --------------------------------------------------------------------------------SVYVPDEWEVSREKITLL
[2026-03-10 12:29:04,977][rfdiffusion.inference.utils][INFO] - Sampled motif RMSD: 0.18
[2026-03-10 12:29:04,979][rfdiffusion.inference.model_runners][INFO] - Timestep 9, input to next step: --------------------------------------------------------------------------------SVYVPDEWEVSREKITLL
[2026-03-10 12:29:05,436][rfdiffusion.inference.utils][INFO] - Sampled motif RMSD: 0.18
[2026-03-10 12:29:05,438][rfdiffusion.inference.model_runners][INFO] - Timestep 8, input to next step: --------------------------------------------------------------------------------SVYVPDEWEVSREKITLL
[2026-03-10 12:29:05,894][rfdiffusion.inference.utils][INFO] - Sampled motif RMSD: 0.17
[2026-03-10 12:29:05,896][rfdiffusion.inference.model_runners][INFO] - Timestep 7, input to next step: --------------------------------------------------------------------------------SVYVPDEWEVSREKITLL
[2026-03-10 12:29:06,353][rfdiffusion.inference.utils][INFO] - Sampled motif RMSD: 0.16
[2026-03-10 12:29:06,355][rfdiffusion.inference.model_runners][INFO] - Timestep 6, input to next step: --------------------------------------------------------------------------------SVYVPDEWEVSREKITLL
[2026-03-10 12:29:06,811][rfdiffusion.inference.utils][INFO] - Sampled motif RMSD: 0.15
[2026-03-10 12:29:06,813][rfdiffusion.inference.model_runners][INFO] - Timestep 5, input to next step: --------------------------------------------------------------------------------SVYVPDEWEVSREKITLL
[2026-03-10 12:29:07,268][rfdiffusion.inference.utils][INFO] - Sampled motif RMSD: 0.14
[2026-03-10 12:29:07,270][rfdiffusion.inference.model_runners][INFO] - Timestep 4, input to next step: --------------------------------------------------------------------------------SVYVPDEWEVSREKITLL
[2026-03-10 12:29:07,726][rfdiffusion.inference.utils][INFO] - Sampled motif RMSD: 0.13
[2026-03-10 12:29:07,727][rfdiffusion.inference.model_runners][INFO] - Timestep 3, input to next step: --------------------------------------------------------------------------------SVYVPDEWEVSREKITLL
[2026-03-10 12:29:08,574][rfdiffusion.inference.utils][INFO] - Sampled motif RMSD: 0.12
[2026-03-10 12:29:08,576][rfdiffusion.inference.model_runners][INFO] - Timestep 2, input to next step: --------------------------------------------------------------------------------SVYVPDEWEVSREKITLL
[2026-03-10 12:29:10,126][__main__][INFO] - Finished design in 0.57 minutes
