[2026-03-10 18:25:18,784][__main__][INFO] - Found GPU with device_name NVIDIA A100-SXM4-80GB. Will run RFdiffusion on NVIDIA A100-SXM4-80GB
[2026-03-10 18:25:18,786][rfdiffusion.inference.model_runners][INFO] - Reading checkpoint from /home01/hpc194a02/test/sim_pip/rfdiffusion/rfdiffusion/inference/../../models/Complex_base_ckpt.pt
[2026-03-10 18:25:41,398][rfdiffusion.inference.model_runners][INFO] - Loading checkpoint.
[2026-03-10 18:25:41,607][rfdiffusion.diffusion][INFO] - Using cached IGSO3.
[2026-03-10 18:25:42,392][__main__][INFO] - Making design /home01/hpc194a02/test/sim_pip/outputs/rfdiffusion/2026-03-10/18-23-25/denovo/binder_0
[2026-03-10 18:25:42,449][rfdiffusion.inference.model_runners][INFO] - Using contig: ['A982-999/0 80-80']
[2026-03-10 18:25:44,753][rfdiffusion.inference.model_runners][INFO] - Sequence init: --------------------------------------------------------------------------------SVYVPDEWEVSREKITLL
[2026-03-10 18:26:03,375][rfdiffusion.inference.utils][INFO] - Sampled motif RMSD: 0.23
[2026-03-10 18:26:03,855][rfdiffusion.inference.model_runners][INFO] - Timestep 50, input to next step: --------------------------------------------------------------------------------SVYVPDEWEVSREKITLL
[2026-03-10 18:26:04,792][rfdiffusion.inference.utils][INFO] - Sampled motif RMSD: 0.21
[2026-03-10 18:26:04,794][rfdiffusion.inference.model_runners][INFO] - Timestep 49, input to next step: --------------------------------------------------------------------------------SVYVPDEWEVSREKITLL
[2026-03-10 18:26:05,253][rfdiffusion.inference.utils][INFO] - Sampled motif RMSD: 0.20
[2026-03-10 18:26:05,255][rfdiffusion.inference.model_runners][INFO] - Timestep 48, input to next step: --------------------------------------------------------------------------------SVYVPDEWEVSREKITLL
[2026-03-10 18:26:05,714][rfdiffusion.inference.utils][INFO] - Sampled motif RMSD: 0.19
[2026-03-10 18:26:05,716][rfdiffusion.inference.model_runners][INFO] - Timestep 47, input to next step: --------------------------------------------------------------------------------SVYVPDEWEVSREKITLL
[2026-03-10 18:26:06,175][rfdiffusion.inference.utils][INFO] - Sampled motif RMSD: 0.18
[2026-03-10 18:26:06,177][rfdiffusion.inference.model_runners][INFO] - Timestep 46, input to next step: --------------------------------------------------------------------------------SVYVPDEWEVSREKITLL
[2026-03-10 18:26:06,635][rfdiffusion.inference.utils][INFO] - Sampled motif RMSD: 0.19
[2026-03-10 18:26:06,637][rfdiffusion.inference.model_runners][INFO] - Timestep 45, input to next step: --------------------------------------------------------------------------------SVYVPDEWEVSREKITLL
[2026-03-10 18:26:07,095][rfdiffusion.inference.utils][INFO] - Sampled motif RMSD: 0.19
[2026-03-10 18:26:07,097][rfdiffusion.inference.model_runners][INFO] - Timestep 44, input to next step: --------------------------------------------------------------------------------SVYVPDEWEVSREKITLL
[2026-03-10 18:26:07,555][rfdiffusion.inference.utils][INFO] - Sampled motif RMSD: 0.24
[2026-03-10 18:26:07,557][rfdiffusion.inference.model_runners][INFO] - Timestep 43, input to next step: --------------------------------------------------------------------------------SVYVPDEWEVSREKITLL
[2026-03-10 18:26:08,022][rfdiffusion.inference.utils][INFO] - Sampled motif RMSD: 0.27
[2026-03-10 18:26:08,024][rfdiffusion.inference.model_runners][INFO] - Timestep 42, input to next step: --------------------------------------------------------------------------------SVYVPDEWEVSREKITLL
[2026-03-10 18:26:08,789][rfdiffusion.inference.utils][INFO] - Sampled motif RMSD: 0.29
[2026-03-10 18:26:08,791][rfdiffusion.inference.model_runners][INFO] - Timestep 41, input to next step: --------------------------------------------------------------------------------SVYVPDEWEVSREKITLL
[2026-03-10 18:26:09,477][rfdiffusion.inference.utils][INFO] - Sampled motif RMSD: 0.31
[2026-03-10 18:26:09,479][rfdiffusion.inference.model_runners][INFO] - Timestep 40, input to next step: --------------------------------------------------------------------------------SVYVPDEWEVSREKITLL
[2026-03-10 18:26:09,941][rfdiffusion.inference.utils][INFO] - Sampled motif RMSD: 0.33
[2026-03-10 18:26:09,943][rfdiffusion.inference.model_runners][INFO] - Timestep 39, input to next step: --------------------------------------------------------------------------------SVYVPDEWEVSREKITLL
[2026-03-10 18:26:10,489][rfdiffusion.inference.utils][INFO] - Sampled motif RMSD: 0.37
[2026-03-10 18:26:10,491][rfdiffusion.inference.model_runners][INFO] - Timestep 38, input to next step: --------------------------------------------------------------------------------SVYVPDEWEVSREKITLL
[2026-03-10 18:26:10,959][rfdiffusion.inference.utils][INFO] - Sampled motif RMSD: 0.40
[2026-03-10 18:26:10,961][rfdiffusion.inference.model_runners][INFO] - Timestep 37, input to next step: --------------------------------------------------------------------------------SVYVPDEWEVSREKITLL
[2026-03-10 18:26:11,423][rfdiffusion.inference.utils][INFO] - Sampled motif RMSD: 0.43
[2026-03-10 18:26:11,425][rfdiffusion.inference.model_runners][INFO] - Timestep 36, input to next step: --------------------------------------------------------------------------------SVYVPDEWEVSREKITLL
[2026-03-10 18:26:11,885][rfdiffusion.inference.utils][INFO] - Sampled motif RMSD: 0.46
[2026-03-10 18:26:11,887][rfdiffusion.inference.model_runners][INFO] - Timestep 35, input to next step: --------------------------------------------------------------------------------SVYVPDEWEVSREKITLL
[2026-03-10 18:26:12,353][rfdiffusion.inference.utils][INFO] - Sampled motif RMSD: 0.47
[2026-03-10 18:26:12,355][rfdiffusion.inference.model_runners][INFO] - Timestep 34, input to next step: --------------------------------------------------------------------------------SVYVPDEWEVSREKITLL
[2026-03-10 18:26:12,815][rfdiffusion.inference.utils][INFO] - Sampled motif RMSD: 0.48
[2026-03-10 18:26:12,817][rfdiffusion.inference.model_runners][INFO] - Timestep 33, input to next step: --------------------------------------------------------------------------------SVYVPDEWEVSREKITLL
[2026-03-10 18:26:13,275][rfdiffusion.inference.utils][INFO] - Sampled motif RMSD: 0.48
[2026-03-10 18:26:13,277][rfdiffusion.inference.model_runners][INFO] - Timestep 32, input to next step: --------------------------------------------------------------------------------SVYVPDEWEVSREKITLL
[2026-03-10 18:26:13,737][rfdiffusion.inference.utils][INFO] - Sampled motif RMSD: 0.47
[2026-03-10 18:26:13,739][rfdiffusion.inference.model_runners][INFO] - Timestep 31, input to next step: --------------------------------------------------------------------------------SVYVPDEWEVSREKITLL
[2026-03-10 18:26:14,198][rfdiffusion.inference.utils][INFO] - Sampled motif RMSD: 0.46
[2026-03-10 18:26:14,200][rfdiffusion.inference.model_runners][INFO] - Timestep 30, input to next step: --------------------------------------------------------------------------------SVYVPDEWEVSREKITLL
[2026-03-10 18:26:14,660][rfdiffusion.inference.utils][INFO] - Sampled motif RMSD: 0.45
[2026-03-10 18:26:14,662][rfdiffusion.inference.model_runners][INFO] - Timestep 29, input to next step: --------------------------------------------------------------------------------SVYVPDEWEVSREKITLL
[2026-03-10 18:26:15,575][rfdiffusion.inference.utils][INFO] - Sampled motif RMSD: 0.45
[2026-03-10 18:26:15,577][rfdiffusion.inference.model_runners][INFO] - Timestep 28, input to next step: --------------------------------------------------------------------------------SVYVPDEWEVSREKITLL
[2026-03-10 18:26:16,036][rfdiffusion.inference.utils][INFO] - Sampled motif RMSD: 0.43
[2026-03-10 18:26:16,038][rfdiffusion.inference.model_runners][INFO] - Timestep 27, input to next step: --------------------------------------------------------------------------------SVYVPDEWEVSREKITLL
[2026-03-10 18:26:17,183][rfdiffusion.inference.utils][INFO] - Sampled motif RMSD: 0.41
[2026-03-10 18:26:17,185][rfdiffusion.inference.model_runners][INFO] - Timestep 26, input to next step: --------------------------------------------------------------------------------SVYVPDEWEVSREKITLL
[2026-03-10 18:26:17,643][rfdiffusion.inference.utils][INFO] - Sampled motif RMSD: 0.39
[2026-03-10 18:26:17,645][rfdiffusion.inference.model_runners][INFO] - Timestep 25, input to next step: --------------------------------------------------------------------------------SVYVPDEWEVSREKITLL
[2026-03-10 18:26:18,104][rfdiffusion.inference.utils][INFO] - Sampled motif RMSD: 0.35
[2026-03-10 18:26:18,106][rfdiffusion.inference.model_runners][INFO] - Timestep 24, input to next step: --------------------------------------------------------------------------------SVYVPDEWEVSREKITLL
[2026-03-10 18:26:18,564][rfdiffusion.inference.utils][INFO] - Sampled motif RMSD: 0.32
[2026-03-10 18:26:18,566][rfdiffusion.inference.model_runners][INFO] - Timestep 23, input to next step: --------------------------------------------------------------------------------SVYVPDEWEVSREKITLL
[2026-03-10 18:26:19,023][rfdiffusion.inference.utils][INFO] - Sampled motif RMSD: 0.29
[2026-03-10 18:26:19,025][rfdiffusion.inference.model_runners][INFO] - Timestep 22, input to next step: --------------------------------------------------------------------------------SVYVPDEWEVSREKITLL
[2026-03-10 18:26:19,482][rfdiffusion.inference.utils][INFO] - Sampled motif RMSD: 0.28
[2026-03-10 18:26:19,484][rfdiffusion.inference.model_runners][INFO] - Timestep 21, input to next step: --------------------------------------------------------------------------------SVYVPDEWEVSREKITLL
[2026-03-10 18:26:19,944][rfdiffusion.inference.utils][INFO] - Sampled motif RMSD: 0.26
[2026-03-10 18:26:19,946][rfdiffusion.inference.model_runners][INFO] - Timestep 20, input to next step: --------------------------------------------------------------------------------SVYVPDEWEVSREKITLL
[2026-03-10 18:26:20,405][rfdiffusion.inference.utils][INFO] - Sampled motif RMSD: 0.24
[2026-03-10 18:26:20,407][rfdiffusion.inference.model_runners][INFO] - Timestep 19, input to next step: --------------------------------------------------------------------------------SVYVPDEWEVSREKITLL
[2026-03-10 18:26:20,865][rfdiffusion.inference.utils][INFO] - Sampled motif RMSD: 0.21
[2026-03-10 18:26:20,867][rfdiffusion.inference.model_runners][INFO] - Timestep 18, input to next step: --------------------------------------------------------------------------------SVYVPDEWEVSREKITLL
[2026-03-10 18:26:21,324][rfdiffusion.inference.utils][INFO] - Sampled motif RMSD: 0.20
[2026-03-10 18:26:21,326][rfdiffusion.inference.model_runners][INFO] - Timestep 17, input to next step: --------------------------------------------------------------------------------SVYVPDEWEVSREKITLL
[2026-03-10 18:26:21,789][rfdiffusion.inference.utils][INFO] - Sampled motif RMSD: 0.20
[2026-03-10 18:26:21,791][rfdiffusion.inference.model_runners][INFO] - Timestep 16, input to next step: --------------------------------------------------------------------------------SVYVPDEWEVSREKITLL
[2026-03-10 18:26:22,254][rfdiffusion.inference.utils][INFO] - Sampled motif RMSD: 0.19
[2026-03-10 18:26:22,256][rfdiffusion.inference.model_runners][INFO] - Timestep 15, input to next step: --------------------------------------------------------------------------------SVYVPDEWEVSREKITLL
[2026-03-10 18:26:22,727][rfdiffusion.inference.utils][INFO] - Sampled motif RMSD: 0.18
[2026-03-10 18:26:22,728][rfdiffusion.inference.model_runners][INFO] - Timestep 14, input to next step: --------------------------------------------------------------------------------SVYVPDEWEVSREKITLL
[2026-03-10 18:26:23,187][rfdiffusion.inference.utils][INFO] - Sampled motif RMSD: 0.18
[2026-03-10 18:26:23,189][rfdiffusion.inference.model_runners][INFO] - Timestep 13, input to next step: --------------------------------------------------------------------------------SVYVPDEWEVSREKITLL
[2026-03-10 18:26:23,646][rfdiffusion.inference.utils][INFO] - Sampled motif RMSD: 0.18
[2026-03-10 18:26:23,648][rfdiffusion.inference.model_runners][INFO] - Timestep 12, input to next step: --------------------------------------------------------------------------------SVYVPDEWEVSREKITLL
[2026-03-10 18:26:24,106][rfdiffusion.inference.utils][INFO] - Sampled motif RMSD: 0.17
[2026-03-10 18:26:24,108][rfdiffusion.inference.model_runners][INFO] - Timestep 11, input to next step: --------------------------------------------------------------------------------SVYVPDEWEVSREKITLL
[2026-03-10 18:26:24,565][rfdiffusion.inference.utils][INFO] - Sampled motif RMSD: 0.16
[2026-03-10 18:26:24,567][rfdiffusion.inference.model_runners][INFO] - Timestep 10, input to next step: --------------------------------------------------------------------------------SVYVPDEWEVSREKITLL
[2026-03-10 18:26:25,031][rfdiffusion.inference.utils][INFO] - Sampled motif RMSD: 0.16
[2026-03-10 18:26:25,033][rfdiffusion.inference.model_runners][INFO] - Timestep 9, input to next step: --------------------------------------------------------------------------------SVYVPDEWEVSREKITLL
[2026-03-10 18:26:25,499][rfdiffusion.inference.utils][INFO] - Sampled motif RMSD: 0.16
[2026-03-10 18:26:25,501][rfdiffusion.inference.model_runners][INFO] - Timestep 8, input to next step: --------------------------------------------------------------------------------SVYVPDEWEVSREKITLL
[2026-03-10 18:26:25,958][rfdiffusion.inference.utils][INFO] - Sampled motif RMSD: 0.16
[2026-03-10 18:26:25,960][rfdiffusion.inference.model_runners][INFO] - Timestep 7, input to next step: --------------------------------------------------------------------------------SVYVPDEWEVSREKITLL
[2026-03-10 18:26:26,419][rfdiffusion.inference.utils][INFO] - Sampled motif RMSD: 0.16
[2026-03-10 18:26:26,421][rfdiffusion.inference.model_runners][INFO] - Timestep 6, input to next step: --------------------------------------------------------------------------------SVYVPDEWEVSREKITLL
[2026-03-10 18:26:26,879][rfdiffusion.inference.utils][INFO] - Sampled motif RMSD: 0.15
[2026-03-10 18:26:26,881][rfdiffusion.inference.model_runners][INFO] - Timestep 5, input to next step: --------------------------------------------------------------------------------SVYVPDEWEVSREKITLL
[2026-03-10 18:26:27,338][rfdiffusion.inference.utils][INFO] - Sampled motif RMSD: 0.13
[2026-03-10 18:26:27,340][rfdiffusion.inference.model_runners][INFO] - Timestep 4, input to next step: --------------------------------------------------------------------------------SVYVPDEWEVSREKITLL
[2026-03-10 18:26:28,384][rfdiffusion.inference.utils][INFO] - Sampled motif RMSD: 0.12
[2026-03-10 18:26:28,386][rfdiffusion.inference.model_runners][INFO] - Timestep 3, input to next step: --------------------------------------------------------------------------------SVYVPDEWEVSREKITLL
[2026-03-10 18:26:29,076][rfdiffusion.inference.utils][INFO] - Sampled motif RMSD: 0.12
[2026-03-10 18:26:29,078][rfdiffusion.inference.model_runners][INFO] - Timestep 2, input to next step: --------------------------------------------------------------------------------SVYVPDEWEVSREKITLL
[2026-03-10 18:26:30,535][__main__][INFO] - Finished design in 0.80 minutes
