[2026-03-10 12:36:28,235][__main__][INFO] - Found GPU with device_name NVIDIA A100-SXM4-80GB. Will run RFdiffusion on NVIDIA A100-SXM4-80GB
[2026-03-10 12:36:28,236][rfdiffusion.inference.model_runners][INFO] - Reading checkpoint from /home01/hpc194a02/test/sim_pip/rfdiffusion/rfdiffusion/inference/../../models/Complex_base_ckpt.pt
[2026-03-10 12:36:50,126][rfdiffusion.inference.model_runners][INFO] - Loading checkpoint.
[2026-03-10 12:36:50,273][rfdiffusion.diffusion][INFO] - Using cached IGSO3.
[2026-03-10 12:36:50,526][__main__][INFO] - Making design /home01/hpc194a02/test/sim_pip/outputs/rfdiffusion/2026-03-10/12-36-24/denovo/binder_0
[2026-03-10 12:36:50,589][rfdiffusion.inference.model_runners][INFO] - Using contig: ['A982-999/0 80-80']
[2026-03-10 12:36:50,626][rfdiffusion.inference.model_runners][INFO] - Sequence init: --------------------------------------------------------------------------------SVYVPDEWEVSREKITLL
[2026-03-10 12:36:51,738][rfdiffusion.inference.utils][INFO] - Sampled motif RMSD: 0.23
[2026-03-10 12:36:51,742][rfdiffusion.inference.model_runners][INFO] - Timestep 50, input to next step: --------------------------------------------------------------------------------SVYVPDEWEVSREKITLL
[2026-03-10 12:36:52,216][rfdiffusion.inference.utils][INFO] - Sampled motif RMSD: 0.21
[2026-03-10 12:36:52,218][rfdiffusion.inference.model_runners][INFO] - Timestep 49, input to next step: --------------------------------------------------------------------------------SVYVPDEWEVSREKITLL
[2026-03-10 12:36:52,688][rfdiffusion.inference.utils][INFO] - Sampled motif RMSD: 0.21
[2026-03-10 12:36:52,690][rfdiffusion.inference.model_runners][INFO] - Timestep 48, input to next step: --------------------------------------------------------------------------------SVYVPDEWEVSREKITLL
[2026-03-10 12:36:53,697][rfdiffusion.inference.utils][INFO] - Sampled motif RMSD: 0.22
[2026-03-10 12:36:53,699][rfdiffusion.inference.model_runners][INFO] - Timestep 47, input to next step: --------------------------------------------------------------------------------SVYVPDEWEVSREKITLL
[2026-03-10 12:36:54,167][rfdiffusion.inference.utils][INFO] - Sampled motif RMSD: 0.21
[2026-03-10 12:36:54,170][rfdiffusion.inference.model_runners][INFO] - Timestep 46, input to next step: --------------------------------------------------------------------------------SVYVPDEWEVSREKITLL
[2026-03-10 12:36:54,652][rfdiffusion.inference.utils][INFO] - Sampled motif RMSD: 0.24
[2026-03-10 12:36:54,654][rfdiffusion.inference.model_runners][INFO] - Timestep 45, input to next step: --------------------------------------------------------------------------------SVYVPDEWEVSREKITLL
[2026-03-10 12:36:55,415][rfdiffusion.inference.utils][INFO] - Sampled motif RMSD: 0.26
[2026-03-10 12:36:55,417][rfdiffusion.inference.model_runners][INFO] - Timestep 44, input to next step: --------------------------------------------------------------------------------SVYVPDEWEVSREKITLL
[2026-03-10 12:36:55,887][rfdiffusion.inference.utils][INFO] - Sampled motif RMSD: 0.26
[2026-03-10 12:36:55,889][rfdiffusion.inference.model_runners][INFO] - Timestep 43, input to next step: --------------------------------------------------------------------------------SVYVPDEWEVSREKITLL
[2026-03-10 12:36:56,352][rfdiffusion.inference.utils][INFO] - Sampled motif RMSD: 0.26
[2026-03-10 12:36:56,354][rfdiffusion.inference.model_runners][INFO] - Timestep 42, input to next step: --------------------------------------------------------------------------------SVYVPDEWEVSREKITLL
[2026-03-10 12:36:57,372][rfdiffusion.inference.utils][INFO] - Sampled motif RMSD: 0.28
[2026-03-10 12:36:57,375][rfdiffusion.inference.model_runners][INFO] - Timestep 41, input to next step: --------------------------------------------------------------------------------SVYVPDEWEVSREKITLL
[2026-03-10 12:36:57,971][rfdiffusion.inference.utils][INFO] - Sampled motif RMSD: 0.29
[2026-03-10 12:36:57,973][rfdiffusion.inference.model_runners][INFO] - Timestep 40, input to next step: --------------------------------------------------------------------------------SVYVPDEWEVSREKITLL
[2026-03-10 12:36:58,423][rfdiffusion.inference.utils][INFO] - Sampled motif RMSD: 0.27
[2026-03-10 12:36:58,426][rfdiffusion.inference.model_runners][INFO] - Timestep 39, input to next step: --------------------------------------------------------------------------------SVYVPDEWEVSREKITLL
[2026-03-10 12:36:58,894][rfdiffusion.inference.utils][INFO] - Sampled motif RMSD: 0.25
[2026-03-10 12:36:58,897][rfdiffusion.inference.model_runners][INFO] - Timestep 38, input to next step: --------------------------------------------------------------------------------SVYVPDEWEVSREKITLL
[2026-03-10 12:36:59,360][rfdiffusion.inference.utils][INFO] - Sampled motif RMSD: 0.26
[2026-03-10 12:36:59,363][rfdiffusion.inference.model_runners][INFO] - Timestep 37, input to next step: --------------------------------------------------------------------------------SVYVPDEWEVSREKITLL
[2026-03-10 12:36:59,833][rfdiffusion.inference.utils][INFO] - Sampled motif RMSD: 0.26
[2026-03-10 12:36:59,835][rfdiffusion.inference.model_runners][INFO] - Timestep 36, input to next step: --------------------------------------------------------------------------------SVYVPDEWEVSREKITLL
[2026-03-10 12:37:00,289][rfdiffusion.inference.utils][INFO] - Sampled motif RMSD: 0.29
[2026-03-10 12:37:00,291][rfdiffusion.inference.model_runners][INFO] - Timestep 35, input to next step: --------------------------------------------------------------------------------SVYVPDEWEVSREKITLL
[2026-03-10 12:37:00,744][rfdiffusion.inference.utils][INFO] - Sampled motif RMSD: 0.30
[2026-03-10 12:37:00,746][rfdiffusion.inference.model_runners][INFO] - Timestep 34, input to next step: --------------------------------------------------------------------------------SVYVPDEWEVSREKITLL
[2026-03-10 12:37:01,203][rfdiffusion.inference.utils][INFO] - Sampled motif RMSD: 0.33
[2026-03-10 12:37:01,205][rfdiffusion.inference.model_runners][INFO] - Timestep 33, input to next step: --------------------------------------------------------------------------------SVYVPDEWEVSREKITLL
[2026-03-10 12:37:01,769][rfdiffusion.inference.utils][INFO] - Sampled motif RMSD: 0.31
[2026-03-10 12:37:01,771][rfdiffusion.inference.model_runners][INFO] - Timestep 32, input to next step: --------------------------------------------------------------------------------SVYVPDEWEVSREKITLL
[2026-03-10 12:37:02,232][rfdiffusion.inference.utils][INFO] - Sampled motif RMSD: 0.28
[2026-03-10 12:37:02,234][rfdiffusion.inference.model_runners][INFO] - Timestep 31, input to next step: --------------------------------------------------------------------------------SVYVPDEWEVSREKITLL
[2026-03-10 12:37:02,685][rfdiffusion.inference.utils][INFO] - Sampled motif RMSD: 0.24
[2026-03-10 12:37:02,687][rfdiffusion.inference.model_runners][INFO] - Timestep 30, input to next step: --------------------------------------------------------------------------------SVYVPDEWEVSREKITLL
[2026-03-10 12:37:03,139][rfdiffusion.inference.utils][INFO] - Sampled motif RMSD: 0.20
[2026-03-10 12:37:03,141][rfdiffusion.inference.model_runners][INFO] - Timestep 29, input to next step: --------------------------------------------------------------------------------SVYVPDEWEVSREKITLL
[2026-03-10 12:37:03,876][rfdiffusion.inference.utils][INFO] - Sampled motif RMSD: 0.21
[2026-03-10 12:37:03,879][rfdiffusion.inference.model_runners][INFO] - Timestep 28, input to next step: --------------------------------------------------------------------------------SVYVPDEWEVSREKITLL
[2026-03-10 12:37:04,335][rfdiffusion.inference.utils][INFO] - Sampled motif RMSD: 0.21
[2026-03-10 12:37:04,337][rfdiffusion.inference.model_runners][INFO] - Timestep 27, input to next step: --------------------------------------------------------------------------------SVYVPDEWEVSREKITLL
[2026-03-10 12:37:04,786][rfdiffusion.inference.utils][INFO] - Sampled motif RMSD: 0.22
[2026-03-10 12:37:04,788][rfdiffusion.inference.model_runners][INFO] - Timestep 26, input to next step: --------------------------------------------------------------------------------SVYVPDEWEVSREKITLL
[2026-03-10 12:37:05,240][rfdiffusion.inference.utils][INFO] - Sampled motif RMSD: 0.21
[2026-03-10 12:37:05,242][rfdiffusion.inference.model_runners][INFO] - Timestep 25, input to next step: --------------------------------------------------------------------------------SVYVPDEWEVSREKITLL
[2026-03-10 12:37:05,692][rfdiffusion.inference.utils][INFO] - Sampled motif RMSD: 0.21
[2026-03-10 12:37:05,694][rfdiffusion.inference.model_runners][INFO] - Timestep 24, input to next step: --------------------------------------------------------------------------------SVYVPDEWEVSREKITLL
[2026-03-10 12:37:06,145][rfdiffusion.inference.utils][INFO] - Sampled motif RMSD: 0.20
[2026-03-10 12:37:06,147][rfdiffusion.inference.model_runners][INFO] - Timestep 23, input to next step: --------------------------------------------------------------------------------SVYVPDEWEVSREKITLL
[2026-03-10 12:37:06,594][rfdiffusion.inference.utils][INFO] - Sampled motif RMSD: 0.20
[2026-03-10 12:37:06,596][rfdiffusion.inference.model_runners][INFO] - Timestep 22, input to next step: --------------------------------------------------------------------------------SVYVPDEWEVSREKITLL
[2026-03-10 12:37:07,044][rfdiffusion.inference.utils][INFO] - Sampled motif RMSD: 0.20
[2026-03-10 12:37:07,046][rfdiffusion.inference.model_runners][INFO] - Timestep 21, input to next step: --------------------------------------------------------------------------------SVYVPDEWEVSREKITLL
[2026-03-10 12:37:07,496][rfdiffusion.inference.utils][INFO] - Sampled motif RMSD: 0.19
[2026-03-10 12:37:07,498][rfdiffusion.inference.model_runners][INFO] - Timestep 20, input to next step: --------------------------------------------------------------------------------SVYVPDEWEVSREKITLL
[2026-03-10 12:37:07,961][rfdiffusion.inference.utils][INFO] - Sampled motif RMSD: 0.19
[2026-03-10 12:37:07,964][rfdiffusion.inference.model_runners][INFO] - Timestep 19, input to next step: --------------------------------------------------------------------------------SVYVPDEWEVSREKITLL
[2026-03-10 12:37:08,583][rfdiffusion.inference.utils][INFO] - Sampled motif RMSD: 0.18
[2026-03-10 12:37:08,585][rfdiffusion.inference.model_runners][INFO] - Timestep 18, input to next step: --------------------------------------------------------------------------------SVYVPDEWEVSREKITLL
[2026-03-10 12:37:09,573][rfdiffusion.inference.utils][INFO] - Sampled motif RMSD: 0.18
[2026-03-10 12:37:09,575][rfdiffusion.inference.model_runners][INFO] - Timestep 17, input to next step: --------------------------------------------------------------------------------SVYVPDEWEVSREKITLL
[2026-03-10 12:37:10,029][rfdiffusion.inference.utils][INFO] - Sampled motif RMSD: 0.18
[2026-03-10 12:37:10,031][rfdiffusion.inference.model_runners][INFO] - Timestep 16, input to next step: --------------------------------------------------------------------------------SVYVPDEWEVSREKITLL
[2026-03-10 12:37:11,078][rfdiffusion.inference.utils][INFO] - Sampled motif RMSD: 0.18
[2026-03-10 12:37:11,080][rfdiffusion.inference.model_runners][INFO] - Timestep 15, input to next step: --------------------------------------------------------------------------------SVYVPDEWEVSREKITLL
[2026-03-10 12:37:11,531][rfdiffusion.inference.utils][INFO] - Sampled motif RMSD: 0.18
[2026-03-10 12:37:11,533][rfdiffusion.inference.model_runners][INFO] - Timestep 14, input to next step: --------------------------------------------------------------------------------SVYVPDEWEVSREKITLL
[2026-03-10 12:37:11,988][rfdiffusion.inference.utils][INFO] - Sampled motif RMSD: 0.18
[2026-03-10 12:37:11,990][rfdiffusion.inference.model_runners][INFO] - Timestep 13, input to next step: --------------------------------------------------------------------------------SVYVPDEWEVSREKITLL
[2026-03-10 12:37:12,775][rfdiffusion.inference.utils][INFO] - Sampled motif RMSD: 0.18
[2026-03-10 12:37:12,777][rfdiffusion.inference.model_runners][INFO] - Timestep 12, input to next step: --------------------------------------------------------------------------------SVYVPDEWEVSREKITLL
[2026-03-10 12:37:13,241][rfdiffusion.inference.utils][INFO] - Sampled motif RMSD: 0.18
[2026-03-10 12:37:13,243][rfdiffusion.inference.model_runners][INFO] - Timestep 11, input to next step: --------------------------------------------------------------------------------SVYVPDEWEVSREKITLL
[2026-03-10 12:37:13,696][rfdiffusion.inference.utils][INFO] - Sampled motif RMSD: 0.17
[2026-03-10 12:37:13,698][rfdiffusion.inference.model_runners][INFO] - Timestep 10, input to next step: --------------------------------------------------------------------------------SVYVPDEWEVSREKITLL
[2026-03-10 12:37:14,148][rfdiffusion.inference.utils][INFO] - Sampled motif RMSD: 0.16
[2026-03-10 12:37:14,150][rfdiffusion.inference.model_runners][INFO] - Timestep 9, input to next step: --------------------------------------------------------------------------------SVYVPDEWEVSREKITLL
[2026-03-10 12:37:14,674][rfdiffusion.inference.utils][INFO] - Sampled motif RMSD: 0.16
[2026-03-10 12:37:14,676][rfdiffusion.inference.model_runners][INFO] - Timestep 8, input to next step: --------------------------------------------------------------------------------SVYVPDEWEVSREKITLL
[2026-03-10 12:37:16,174][rfdiffusion.inference.utils][INFO] - Sampled motif RMSD: 0.16
[2026-03-10 12:37:16,176][rfdiffusion.inference.model_runners][INFO] - Timestep 7, input to next step: --------------------------------------------------------------------------------SVYVPDEWEVSREKITLL
[2026-03-10 12:37:17,683][rfdiffusion.inference.utils][INFO] - Sampled motif RMSD: 0.15
[2026-03-10 12:37:17,685][rfdiffusion.inference.model_runners][INFO] - Timestep 6, input to next step: --------------------------------------------------------------------------------SVYVPDEWEVSREKITLL
[2026-03-10 12:37:18,155][rfdiffusion.inference.utils][INFO] - Sampled motif RMSD: 0.14
[2026-03-10 12:37:18,157][rfdiffusion.inference.model_runners][INFO] - Timestep 5, input to next step: --------------------------------------------------------------------------------SVYVPDEWEVSREKITLL
[2026-03-10 12:37:18,610][rfdiffusion.inference.utils][INFO] - Sampled motif RMSD: 0.13
[2026-03-10 12:37:18,612][rfdiffusion.inference.model_runners][INFO] - Timestep 4, input to next step: --------------------------------------------------------------------------------SVYVPDEWEVSREKITLL
[2026-03-10 12:37:19,085][rfdiffusion.inference.utils][INFO] - Sampled motif RMSD: 0.12
[2026-03-10 12:37:19,087][rfdiffusion.inference.model_runners][INFO] - Timestep 3, input to next step: --------------------------------------------------------------------------------SVYVPDEWEVSREKITLL
[2026-03-10 12:37:19,546][rfdiffusion.inference.utils][INFO] - Sampled motif RMSD: 0.11
[2026-03-10 12:37:19,548][rfdiffusion.inference.model_runners][INFO] - Timestep 2, input to next step: --------------------------------------------------------------------------------SVYVPDEWEVSREKITLL
[2026-03-10 12:37:20,837][__main__][INFO] - Finished design in 0.51 minutes
[2026-03-10 12:37:20,837][__main__][INFO] - Making design /home01/hpc194a02/test/sim_pip/outputs/rfdiffusion/2026-03-10/12-36-24/denovo/binder_1
[2026-03-10 12:37:20,891][rfdiffusion.inference.model_runners][INFO] - Using contig: ['A982-999/0 80-80']
[2026-03-10 12:37:20,907][rfdiffusion.inference.model_runners][INFO] - Sequence init: --------------------------------------------------------------------------------SVYVPDEWEVSREKITLL
[2026-03-10 12:37:21,364][rfdiffusion.inference.utils][INFO] - Sampled motif RMSD: 0.28
[2026-03-10 12:37:21,366][rfdiffusion.inference.model_runners][INFO] - Timestep 50, input to next step: --------------------------------------------------------------------------------SVYVPDEWEVSREKITLL
[2026-03-10 12:37:21,817][rfdiffusion.inference.utils][INFO] - Sampled motif RMSD: 0.26
[2026-03-10 12:37:21,819][rfdiffusion.inference.model_runners][INFO] - Timestep 49, input to next step: --------------------------------------------------------------------------------SVYVPDEWEVSREKITLL
[2026-03-10 12:37:22,276][rfdiffusion.inference.utils][INFO] - Sampled motif RMSD: 0.25
[2026-03-10 12:37:22,278][rfdiffusion.inference.model_runners][INFO] - Timestep 48, input to next step: --------------------------------------------------------------------------------SVYVPDEWEVSREKITLL
[2026-03-10 12:37:22,736][rfdiffusion.inference.utils][INFO] - Sampled motif RMSD: 0.24
[2026-03-10 12:37:22,738][rfdiffusion.inference.model_runners][INFO] - Timestep 47, input to next step: --------------------------------------------------------------------------------SVYVPDEWEVSREKITLL
[2026-03-10 12:37:23,205][rfdiffusion.inference.utils][INFO] - Sampled motif RMSD: 0.24
[2026-03-10 12:37:23,208][rfdiffusion.inference.model_runners][INFO] - Timestep 46, input to next step: --------------------------------------------------------------------------------SVYVPDEWEVSREKITLL
[2026-03-10 12:37:23,663][rfdiffusion.inference.utils][INFO] - Sampled motif RMSD: 0.23
[2026-03-10 12:37:23,665][rfdiffusion.inference.model_runners][INFO] - Timestep 45, input to next step: --------------------------------------------------------------------------------SVYVPDEWEVSREKITLL
[2026-03-10 12:37:24,122][rfdiffusion.inference.utils][INFO] - Sampled motif RMSD: 0.23
[2026-03-10 12:37:24,124][rfdiffusion.inference.model_runners][INFO] - Timestep 44, input to next step: --------------------------------------------------------------------------------SVYVPDEWEVSREKITLL
[2026-03-10 12:37:24,576][rfdiffusion.inference.utils][INFO] - Sampled motif RMSD: 0.24
[2026-03-10 12:37:24,578][rfdiffusion.inference.model_runners][INFO] - Timestep 43, input to next step: --------------------------------------------------------------------------------SVYVPDEWEVSREKITLL
[2026-03-10 12:37:26,085][rfdiffusion.inference.utils][INFO] - Sampled motif RMSD: 0.24
[2026-03-10 12:37:26,087][rfdiffusion.inference.model_runners][INFO] - Timestep 42, input to next step: --------------------------------------------------------------------------------SVYVPDEWEVSREKITLL
[2026-03-10 12:37:27,375][rfdiffusion.inference.utils][INFO] - Sampled motif RMSD: 0.24
[2026-03-10 12:37:27,377][rfdiffusion.inference.model_runners][INFO] - Timestep 41, input to next step: --------------------------------------------------------------------------------SVYVPDEWEVSREKITLL
[2026-03-10 12:37:28,873][rfdiffusion.inference.utils][INFO] - Sampled motif RMSD: 0.23
[2026-03-10 12:37:28,875][rfdiffusion.inference.model_runners][INFO] - Timestep 40, input to next step: --------------------------------------------------------------------------------SVYVPDEWEVSREKITLL
[2026-03-10 12:37:29,336][rfdiffusion.inference.utils][INFO] - Sampled motif RMSD: 0.23
[2026-03-10 12:37:29,338][rfdiffusion.inference.model_runners][INFO] - Timestep 39, input to next step: --------------------------------------------------------------------------------SVYVPDEWEVSREKITLL
[2026-03-10 12:37:29,793][rfdiffusion.inference.utils][INFO] - Sampled motif RMSD: 0.19
[2026-03-10 12:37:29,795][rfdiffusion.inference.model_runners][INFO] - Timestep 38, input to next step: --------------------------------------------------------------------------------SVYVPDEWEVSREKITLL
[2026-03-10 12:37:30,249][rfdiffusion.inference.utils][INFO] - Sampled motif RMSD: 0.18
[2026-03-10 12:37:30,251][rfdiffusion.inference.model_runners][INFO] - Timestep 37, input to next step: --------------------------------------------------------------------------------SVYVPDEWEVSREKITLL
[2026-03-10 12:37:30,706][rfdiffusion.inference.utils][INFO] - Sampled motif RMSD: 0.18
[2026-03-10 12:37:30,708][rfdiffusion.inference.model_runners][INFO] - Timestep 36, input to next step: --------------------------------------------------------------------------------SVYVPDEWEVSREKITLL
[2026-03-10 12:37:31,162][rfdiffusion.inference.utils][INFO] - Sampled motif RMSD: 0.18
[2026-03-10 12:37:31,164][rfdiffusion.inference.model_runners][INFO] - Timestep 35, input to next step: --------------------------------------------------------------------------------SVYVPDEWEVSREKITLL
[2026-03-10 12:37:32,073][rfdiffusion.inference.utils][INFO] - Sampled motif RMSD: 0.18
[2026-03-10 12:37:32,075][rfdiffusion.inference.model_runners][INFO] - Timestep 34, input to next step: --------------------------------------------------------------------------------SVYVPDEWEVSREKITLL
[2026-03-10 12:37:32,531][rfdiffusion.inference.utils][INFO] - Sampled motif RMSD: 0.18
[2026-03-10 12:37:32,533][rfdiffusion.inference.model_runners][INFO] - Timestep 33, input to next step: --------------------------------------------------------------------------------SVYVPDEWEVSREKITLL
[2026-03-10 12:37:32,989][rfdiffusion.inference.utils][INFO] - Sampled motif RMSD: 0.19
[2026-03-10 12:37:32,991][rfdiffusion.inference.model_runners][INFO] - Timestep 32, input to next step: --------------------------------------------------------------------------------SVYVPDEWEVSREKITLL
[2026-03-10 12:37:33,446][rfdiffusion.inference.utils][INFO] - Sampled motif RMSD: 0.20
[2026-03-10 12:37:33,448][rfdiffusion.inference.model_runners][INFO] - Timestep 31, input to next step: --------------------------------------------------------------------------------SVYVPDEWEVSREKITLL
[2026-03-10 12:37:33,977][rfdiffusion.inference.utils][INFO] - Sampled motif RMSD: 0.21
[2026-03-10 12:37:33,979][rfdiffusion.inference.model_runners][INFO] - Timestep 30, input to next step: --------------------------------------------------------------------------------SVYVPDEWEVSREKITLL
[2026-03-10 12:37:34,578][rfdiffusion.inference.utils][INFO] - Sampled motif RMSD: 0.21
[2026-03-10 12:37:34,581][rfdiffusion.inference.model_runners][INFO] - Timestep 29, input to next step: --------------------------------------------------------------------------------SVYVPDEWEVSREKITLL
[2026-03-10 12:37:35,044][rfdiffusion.inference.utils][INFO] - Sampled motif RMSD: 0.20
[2026-03-10 12:37:35,046][rfdiffusion.inference.model_runners][INFO] - Timestep 28, input to next step: --------------------------------------------------------------------------------SVYVPDEWEVSREKITLL
[2026-03-10 12:37:35,503][rfdiffusion.inference.utils][INFO] - Sampled motif RMSD: 0.21
[2026-03-10 12:37:35,505][rfdiffusion.inference.model_runners][INFO] - Timestep 27, input to next step: --------------------------------------------------------------------------------SVYVPDEWEVSREKITLL
[2026-03-10 12:37:35,958][rfdiffusion.inference.utils][INFO] - Sampled motif RMSD: 0.21
[2026-03-10 12:37:35,959][rfdiffusion.inference.model_runners][INFO] - Timestep 26, input to next step: --------------------------------------------------------------------------------SVYVPDEWEVSREKITLL
[2026-03-10 12:37:36,413][rfdiffusion.inference.utils][INFO] - Sampled motif RMSD: 0.21
[2026-03-10 12:37:36,415][rfdiffusion.inference.model_runners][INFO] - Timestep 25, input to next step: --------------------------------------------------------------------------------SVYVPDEWEVSREKITLL
[2026-03-10 12:37:36,867][rfdiffusion.inference.utils][INFO] - Sampled motif RMSD: 0.22
[2026-03-10 12:37:36,869][rfdiffusion.inference.model_runners][INFO] - Timestep 24, input to next step: --------------------------------------------------------------------------------SVYVPDEWEVSREKITLL
[2026-03-10 12:37:37,318][rfdiffusion.inference.utils][INFO] - Sampled motif RMSD: 0.22
[2026-03-10 12:37:37,320][rfdiffusion.inference.model_runners][INFO] - Timestep 23, input to next step: --------------------------------------------------------------------------------SVYVPDEWEVSREKITLL
[2026-03-10 12:37:37,772][rfdiffusion.inference.utils][INFO] - Sampled motif RMSD: 0.23
[2026-03-10 12:37:37,774][rfdiffusion.inference.model_runners][INFO] - Timestep 22, input to next step: --------------------------------------------------------------------------------SVYVPDEWEVSREKITLL
[2026-03-10 12:37:38,941][rfdiffusion.inference.utils][INFO] - Sampled motif RMSD: 0.23
[2026-03-10 12:37:38,944][rfdiffusion.inference.model_runners][INFO] - Timestep 21, input to next step: --------------------------------------------------------------------------------SVYVPDEWEVSREKITLL
[2026-03-10 12:37:39,694][rfdiffusion.inference.utils][INFO] - Sampled motif RMSD: 0.24
[2026-03-10 12:37:39,696][rfdiffusion.inference.model_runners][INFO] - Timestep 20, input to next step: --------------------------------------------------------------------------------SVYVPDEWEVSREKITLL
[2026-03-10 12:37:40,206][rfdiffusion.inference.utils][INFO] - Sampled motif RMSD: 0.24
[2026-03-10 12:37:40,208][rfdiffusion.inference.model_runners][INFO] - Timestep 19, input to next step: --------------------------------------------------------------------------------SVYVPDEWEVSREKITLL
[2026-03-10 12:37:40,704][rfdiffusion.inference.utils][INFO] - Sampled motif RMSD: 0.23
[2026-03-10 12:37:40,706][rfdiffusion.inference.model_runners][INFO] - Timestep 18, input to next step: --------------------------------------------------------------------------------SVYVPDEWEVSREKITLL
[2026-03-10 12:37:41,161][rfdiffusion.inference.utils][INFO] - Sampled motif RMSD: 0.23
[2026-03-10 12:37:41,163][rfdiffusion.inference.model_runners][INFO] - Timestep 17, input to next step: --------------------------------------------------------------------------------SVYVPDEWEVSREKITLL
[2026-03-10 12:37:41,635][rfdiffusion.inference.utils][INFO] - Sampled motif RMSD: 0.22
[2026-03-10 12:37:41,637][rfdiffusion.inference.model_runners][INFO] - Timestep 16, input to next step: --------------------------------------------------------------------------------SVYVPDEWEVSREKITLL
[2026-03-10 12:37:42,097][rfdiffusion.inference.utils][INFO] - Sampled motif RMSD: 0.22
[2026-03-10 12:37:42,099][rfdiffusion.inference.model_runners][INFO] - Timestep 15, input to next step: --------------------------------------------------------------------------------SVYVPDEWEVSREKITLL
[2026-03-10 12:37:42,563][rfdiffusion.inference.utils][INFO] - Sampled motif RMSD: 0.22
[2026-03-10 12:37:42,565][rfdiffusion.inference.model_runners][INFO] - Timestep 14, input to next step: --------------------------------------------------------------------------------SVYVPDEWEVSREKITLL
[2026-03-10 12:37:43,027][rfdiffusion.inference.utils][INFO] - Sampled motif RMSD: 0.22
[2026-03-10 12:37:43,029][rfdiffusion.inference.model_runners][INFO] - Timestep 13, input to next step: --------------------------------------------------------------------------------SVYVPDEWEVSREKITLL
[2026-03-10 12:37:43,498][rfdiffusion.inference.utils][INFO] - Sampled motif RMSD: 0.21
[2026-03-10 12:37:43,500][rfdiffusion.inference.model_runners][INFO] - Timestep 12, input to next step: --------------------------------------------------------------------------------SVYVPDEWEVSREKITLL
[2026-03-10 12:37:43,955][rfdiffusion.inference.utils][INFO] - Sampled motif RMSD: 0.20
[2026-03-10 12:37:43,957][rfdiffusion.inference.model_runners][INFO] - Timestep 11, input to next step: --------------------------------------------------------------------------------SVYVPDEWEVSREKITLL
[2026-03-10 12:37:44,411][rfdiffusion.inference.utils][INFO] - Sampled motif RMSD: 0.19
[2026-03-10 12:37:44,413][rfdiffusion.inference.model_runners][INFO] - Timestep 10, input to next step: --------------------------------------------------------------------------------SVYVPDEWEVSREKITLL
[2026-03-10 12:37:44,897][rfdiffusion.inference.utils][INFO] - Sampled motif RMSD: 0.18
[2026-03-10 12:37:44,899][rfdiffusion.inference.model_runners][INFO] - Timestep 9, input to next step: --------------------------------------------------------------------------------SVYVPDEWEVSREKITLL
[2026-03-10 12:37:45,354][rfdiffusion.inference.utils][INFO] - Sampled motif RMSD: 0.17
[2026-03-10 12:37:45,356][rfdiffusion.inference.model_runners][INFO] - Timestep 8, input to next step: --------------------------------------------------------------------------------SVYVPDEWEVSREKITLL
[2026-03-10 12:37:45,814][rfdiffusion.inference.utils][INFO] - Sampled motif RMSD: 0.16
[2026-03-10 12:37:45,817][rfdiffusion.inference.model_runners][INFO] - Timestep 7, input to next step: --------------------------------------------------------------------------------SVYVPDEWEVSREKITLL
[2026-03-10 12:37:47,274][rfdiffusion.inference.utils][INFO] - Sampled motif RMSD: 0.15
[2026-03-10 12:37:47,276][rfdiffusion.inference.model_runners][INFO] - Timestep 6, input to next step: --------------------------------------------------------------------------------SVYVPDEWEVSREKITLL
[2026-03-10 12:37:47,735][rfdiffusion.inference.utils][INFO] - Sampled motif RMSD: 0.14
[2026-03-10 12:37:47,737][rfdiffusion.inference.model_runners][INFO] - Timestep 5, input to next step: --------------------------------------------------------------------------------SVYVPDEWEVSREKITLL
[2026-03-10 12:37:48,194][rfdiffusion.inference.utils][INFO] - Sampled motif RMSD: 0.13
[2026-03-10 12:37:48,196][rfdiffusion.inference.model_runners][INFO] - Timestep 4, input to next step: --------------------------------------------------------------------------------SVYVPDEWEVSREKITLL
[2026-03-10 12:37:49,387][rfdiffusion.inference.utils][INFO] - Sampled motif RMSD: 0.12
[2026-03-10 12:37:49,390][rfdiffusion.inference.model_runners][INFO] - Timestep 3, input to next step: --------------------------------------------------------------------------------SVYVPDEWEVSREKITLL
[2026-03-10 12:37:50,192][rfdiffusion.inference.utils][INFO] - Sampled motif RMSD: 0.12
[2026-03-10 12:37:50,194][rfdiffusion.inference.model_runners][INFO] - Timestep 2, input to next step: --------------------------------------------------------------------------------SVYVPDEWEVSREKITLL
[2026-03-10 12:37:51,587][__main__][INFO] - Finished design in 0.51 minutes
