[2026-03-08 21:29:50,019][__main__][INFO] - Found GPU with device_name NVIDIA A100-SXM4-80GB. Will run RFdiffusion on NVIDIA A100-SXM4-80GB
[2026-03-08 21:29:50,020][rfdiffusion.inference.model_runners][INFO] - Reading checkpoint from /home01/hpc194a02/test/sim_pip/rfdiffusion/rfdiffusion/inference/../../models/Complex_base_ckpt.pt
[2026-03-08 21:30:06,282][rfdiffusion.inference.model_runners][INFO] - Loading checkpoint.
[2026-03-08 21:30:06,447][rfdiffusion.diffusion][INFO] - Using cached IGSO3.
[2026-03-08 21:30:06,767][__main__][INFO] - Making design /home01/hpc194a02/test/sim_pip/outputs/rfdiffusion/2026-03-08/21-29-43/denovo/binder_0
[2026-03-08 21:30:06,836][rfdiffusion.inference.model_runners][INFO] - Using contig: ['A982-999/0 80-80']
[2026-03-08 21:30:07,465][rfdiffusion.inference.model_runners][INFO] - Sequence init: --------------------------------------------------------------------------------SVYVPDEWEVSREKITLL
[2026-03-08 21:30:10,989][rfdiffusion.inference.utils][INFO] - Sampled motif RMSD: 0.26
[2026-03-08 21:30:11,058][rfdiffusion.inference.model_runners][INFO] - Timestep 50, input to next step: --------------------------------------------------------------------------------SVYVPDEWEVSREKITLL
[2026-03-08 21:30:11,576][rfdiffusion.inference.utils][INFO] - Sampled motif RMSD: 0.21
[2026-03-08 21:30:11,578][rfdiffusion.inference.model_runners][INFO] - Timestep 49, input to next step: --------------------------------------------------------------------------------SVYVPDEWEVSREKITLL
[2026-03-08 21:30:12,039][rfdiffusion.inference.utils][INFO] - Sampled motif RMSD: 0.21
[2026-03-08 21:30:12,041][rfdiffusion.inference.model_runners][INFO] - Timestep 48, input to next step: --------------------------------------------------------------------------------SVYVPDEWEVSREKITLL
[2026-03-08 21:30:12,501][rfdiffusion.inference.utils][INFO] - Sampled motif RMSD: 0.23
[2026-03-08 21:30:12,503][rfdiffusion.inference.model_runners][INFO] - Timestep 47, input to next step: --------------------------------------------------------------------------------SVYVPDEWEVSREKITLL
[2026-03-08 21:30:12,963][rfdiffusion.inference.utils][INFO] - Sampled motif RMSD: 0.25
[2026-03-08 21:30:12,965][rfdiffusion.inference.model_runners][INFO] - Timestep 46, input to next step: --------------------------------------------------------------------------------SVYVPDEWEVSREKITLL
[2026-03-08 21:30:13,427][rfdiffusion.inference.utils][INFO] - Sampled motif RMSD: 0.25
[2026-03-08 21:30:13,429][rfdiffusion.inference.model_runners][INFO] - Timestep 45, input to next step: --------------------------------------------------------------------------------SVYVPDEWEVSREKITLL
[2026-03-08 21:30:13,892][rfdiffusion.inference.utils][INFO] - Sampled motif RMSD: 0.25
[2026-03-08 21:30:13,894][rfdiffusion.inference.model_runners][INFO] - Timestep 44, input to next step: --------------------------------------------------------------------------------SVYVPDEWEVSREKITLL
[2026-03-08 21:30:14,485][rfdiffusion.inference.utils][INFO] - Sampled motif RMSD: 0.23
[2026-03-08 21:30:14,488][rfdiffusion.inference.model_runners][INFO] - Timestep 43, input to next step: --------------------------------------------------------------------------------SVYVPDEWEVSREKITLL
[2026-03-08 21:30:14,951][rfdiffusion.inference.utils][INFO] - Sampled motif RMSD: 0.22
[2026-03-08 21:30:14,953][rfdiffusion.inference.model_runners][INFO] - Timestep 42, input to next step: --------------------------------------------------------------------------------SVYVPDEWEVSREKITLL
[2026-03-08 21:30:15,410][rfdiffusion.inference.utils][INFO] - Sampled motif RMSD: 0.21
[2026-03-08 21:30:15,412][rfdiffusion.inference.model_runners][INFO] - Timestep 41, input to next step: --------------------------------------------------------------------------------SVYVPDEWEVSREKITLL
[2026-03-08 21:30:16,183][rfdiffusion.inference.utils][INFO] - Sampled motif RMSD: 0.20
[2026-03-08 21:30:16,185][rfdiffusion.inference.model_runners][INFO] - Timestep 40, input to next step: --------------------------------------------------------------------------------SVYVPDEWEVSREKITLL
[2026-03-08 21:30:16,683][rfdiffusion.inference.utils][INFO] - Sampled motif RMSD: 0.19
[2026-03-08 21:30:16,685][rfdiffusion.inference.model_runners][INFO] - Timestep 39, input to next step: --------------------------------------------------------------------------------SVYVPDEWEVSREKITLL
[2026-03-08 21:30:17,139][rfdiffusion.inference.utils][INFO] - Sampled motif RMSD: 0.19
[2026-03-08 21:30:17,141][rfdiffusion.inference.model_runners][INFO] - Timestep 38, input to next step: --------------------------------------------------------------------------------SVYVPDEWEVSREKITLL
[2026-03-08 21:30:17,596][rfdiffusion.inference.utils][INFO] - Sampled motif RMSD: 0.18
[2026-03-08 21:30:17,598][rfdiffusion.inference.model_runners][INFO] - Timestep 37, input to next step: --------------------------------------------------------------------------------SVYVPDEWEVSREKITLL
[2026-03-08 21:30:18,052][rfdiffusion.inference.utils][INFO] - Sampled motif RMSD: 0.17
[2026-03-08 21:30:18,054][rfdiffusion.inference.model_runners][INFO] - Timestep 36, input to next step: --------------------------------------------------------------------------------SVYVPDEWEVSREKITLL
[2026-03-08 21:30:18,537][rfdiffusion.inference.utils][INFO] - Sampled motif RMSD: 0.17
[2026-03-08 21:30:18,540][rfdiffusion.inference.model_runners][INFO] - Timestep 35, input to next step: --------------------------------------------------------------------------------SVYVPDEWEVSREKITLL
[2026-03-08 21:30:19,282][rfdiffusion.inference.utils][INFO] - Sampled motif RMSD: 0.17
[2026-03-08 21:30:19,284][rfdiffusion.inference.model_runners][INFO] - Timestep 34, input to next step: --------------------------------------------------------------------------------SVYVPDEWEVSREKITLL
[2026-03-08 21:30:19,741][rfdiffusion.inference.utils][INFO] - Sampled motif RMSD: 0.17
[2026-03-08 21:30:19,743][rfdiffusion.inference.model_runners][INFO] - Timestep 33, input to next step: --------------------------------------------------------------------------------SVYVPDEWEVSREKITLL
[2026-03-08 21:30:20,200][rfdiffusion.inference.utils][INFO] - Sampled motif RMSD: 0.16
[2026-03-08 21:30:20,202][rfdiffusion.inference.model_runners][INFO] - Timestep 32, input to next step: --------------------------------------------------------------------------------SVYVPDEWEVSREKITLL
[2026-03-08 21:30:20,665][rfdiffusion.inference.utils][INFO] - Sampled motif RMSD: 0.17
[2026-03-08 21:30:20,667][rfdiffusion.inference.model_runners][INFO] - Timestep 31, input to next step: --------------------------------------------------------------------------------SVYVPDEWEVSREKITLL
[2026-03-08 21:30:21,187][rfdiffusion.inference.utils][INFO] - Sampled motif RMSD: 0.16
[2026-03-08 21:30:21,190][rfdiffusion.inference.model_runners][INFO] - Timestep 30, input to next step: --------------------------------------------------------------------------------SVYVPDEWEVSREKITLL
[2026-03-08 21:30:21,661][rfdiffusion.inference.utils][INFO] - Sampled motif RMSD: 0.16
[2026-03-08 21:30:21,663][rfdiffusion.inference.model_runners][INFO] - Timestep 29, input to next step: --------------------------------------------------------------------------------SVYVPDEWEVSREKITLL
[2026-03-08 21:30:22,127][rfdiffusion.inference.utils][INFO] - Sampled motif RMSD: 0.16
[2026-03-08 21:30:22,129][rfdiffusion.inference.model_runners][INFO] - Timestep 28, input to next step: --------------------------------------------------------------------------------SVYVPDEWEVSREKITLL
[2026-03-08 21:30:22,588][rfdiffusion.inference.utils][INFO] - Sampled motif RMSD: 0.17
[2026-03-08 21:30:22,590][rfdiffusion.inference.model_runners][INFO] - Timestep 27, input to next step: --------------------------------------------------------------------------------SVYVPDEWEVSREKITLL
[2026-03-08 21:30:23,051][rfdiffusion.inference.utils][INFO] - Sampled motif RMSD: 0.17
[2026-03-08 21:30:23,053][rfdiffusion.inference.model_runners][INFO] - Timestep 26, input to next step: --------------------------------------------------------------------------------SVYVPDEWEVSREKITLL
[2026-03-08 21:30:23,512][rfdiffusion.inference.utils][INFO] - Sampled motif RMSD: 0.17
[2026-03-08 21:30:23,514][rfdiffusion.inference.model_runners][INFO] - Timestep 25, input to next step: --------------------------------------------------------------------------------SVYVPDEWEVSREKITLL
[2026-03-08 21:30:23,968][rfdiffusion.inference.utils][INFO] - Sampled motif RMSD: 0.18
[2026-03-08 21:30:23,970][rfdiffusion.inference.model_runners][INFO] - Timestep 24, input to next step: --------------------------------------------------------------------------------SVYVPDEWEVSREKITLL
[2026-03-08 21:30:24,424][rfdiffusion.inference.utils][INFO] - Sampled motif RMSD: 0.18
[2026-03-08 21:30:24,426][rfdiffusion.inference.model_runners][INFO] - Timestep 23, input to next step: --------------------------------------------------------------------------------SVYVPDEWEVSREKITLL
[2026-03-08 21:30:25,072][rfdiffusion.inference.utils][INFO] - Sampled motif RMSD: 0.19
[2026-03-08 21:30:25,074][rfdiffusion.inference.model_runners][INFO] - Timestep 22, input to next step: --------------------------------------------------------------------------------SVYVPDEWEVSREKITLL
[2026-03-08 21:30:25,530][rfdiffusion.inference.utils][INFO] - Sampled motif RMSD: 0.19
[2026-03-08 21:30:25,532][rfdiffusion.inference.model_runners][INFO] - Timestep 21, input to next step: --------------------------------------------------------------------------------SVYVPDEWEVSREKITLL
[2026-03-08 21:30:26,970][rfdiffusion.inference.utils][INFO] - Sampled motif RMSD: 0.19
[2026-03-08 21:30:26,972][rfdiffusion.inference.model_runners][INFO] - Timestep 20, input to next step: --------------------------------------------------------------------------------SVYVPDEWEVSREKITLL
[2026-03-08 21:30:27,425][rfdiffusion.inference.utils][INFO] - Sampled motif RMSD: 0.20
[2026-03-08 21:30:27,427][rfdiffusion.inference.model_runners][INFO] - Timestep 19, input to next step: --------------------------------------------------------------------------------SVYVPDEWEVSREKITLL
[2026-03-08 21:30:27,880][rfdiffusion.inference.utils][INFO] - Sampled motif RMSD: 0.20
[2026-03-08 21:30:27,882][rfdiffusion.inference.model_runners][INFO] - Timestep 18, input to next step: --------------------------------------------------------------------------------SVYVPDEWEVSREKITLL
[2026-03-08 21:30:28,334][rfdiffusion.inference.utils][INFO] - Sampled motif RMSD: 0.20
[2026-03-08 21:30:28,336][rfdiffusion.inference.model_runners][INFO] - Timestep 17, input to next step: --------------------------------------------------------------------------------SVYVPDEWEVSREKITLL
[2026-03-08 21:30:28,872][rfdiffusion.inference.utils][INFO] - Sampled motif RMSD: 0.20
[2026-03-08 21:30:28,874][rfdiffusion.inference.model_runners][INFO] - Timestep 16, input to next step: --------------------------------------------------------------------------------SVYVPDEWEVSREKITLL
[2026-03-08 21:30:29,327][rfdiffusion.inference.utils][INFO] - Sampled motif RMSD: 0.20
[2026-03-08 21:30:29,329][rfdiffusion.inference.model_runners][INFO] - Timestep 15, input to next step: --------------------------------------------------------------------------------SVYVPDEWEVSREKITLL
[2026-03-08 21:30:29,793][rfdiffusion.inference.utils][INFO] - Sampled motif RMSD: 0.20
[2026-03-08 21:30:29,795][rfdiffusion.inference.model_runners][INFO] - Timestep 14, input to next step: --------------------------------------------------------------------------------SVYVPDEWEVSREKITLL
[2026-03-08 21:30:30,274][rfdiffusion.inference.utils][INFO] - Sampled motif RMSD: 0.20
[2026-03-08 21:30:30,276][rfdiffusion.inference.model_runners][INFO] - Timestep 13, input to next step: --------------------------------------------------------------------------------SVYVPDEWEVSREKITLL
[2026-03-08 21:30:30,866][rfdiffusion.inference.utils][INFO] - Sampled motif RMSD: 0.19
[2026-03-08 21:30:30,868][rfdiffusion.inference.model_runners][INFO] - Timestep 12, input to next step: --------------------------------------------------------------------------------SVYVPDEWEVSREKITLL
[2026-03-08 21:30:31,322][rfdiffusion.inference.utils][INFO] - Sampled motif RMSD: 0.18
[2026-03-08 21:30:31,324][rfdiffusion.inference.model_runners][INFO] - Timestep 11, input to next step: --------------------------------------------------------------------------------SVYVPDEWEVSREKITLL
[2026-03-08 21:30:31,778][rfdiffusion.inference.utils][INFO] - Sampled motif RMSD: 0.16
[2026-03-08 21:30:31,780][rfdiffusion.inference.model_runners][INFO] - Timestep 10, input to next step: --------------------------------------------------------------------------------SVYVPDEWEVSREKITLL
[2026-03-08 21:30:32,282][rfdiffusion.inference.utils][INFO] - Sampled motif RMSD: 0.15
[2026-03-08 21:30:32,284][rfdiffusion.inference.model_runners][INFO] - Timestep 9, input to next step: --------------------------------------------------------------------------------SVYVPDEWEVSREKITLL
[2026-03-08 21:30:32,891][rfdiffusion.inference.utils][INFO] - Sampled motif RMSD: 0.14
[2026-03-08 21:30:32,894][rfdiffusion.inference.model_runners][INFO] - Timestep 8, input to next step: --------------------------------------------------------------------------------SVYVPDEWEVSREKITLL
[2026-03-08 21:30:33,354][rfdiffusion.inference.utils][INFO] - Sampled motif RMSD: 0.14
[2026-03-08 21:30:33,356][rfdiffusion.inference.model_runners][INFO] - Timestep 7, input to next step: --------------------------------------------------------------------------------SVYVPDEWEVSREKITLL
[2026-03-08 21:30:33,824][rfdiffusion.inference.utils][INFO] - Sampled motif RMSD: 0.14
[2026-03-08 21:30:33,826][rfdiffusion.inference.model_runners][INFO] - Timestep 6, input to next step: --------------------------------------------------------------------------------SVYVPDEWEVSREKITLL
[2026-03-08 21:30:34,281][rfdiffusion.inference.utils][INFO] - Sampled motif RMSD: 0.15
[2026-03-08 21:30:34,283][rfdiffusion.inference.model_runners][INFO] - Timestep 5, input to next step: --------------------------------------------------------------------------------SVYVPDEWEVSREKITLL
[2026-03-08 21:30:34,740][rfdiffusion.inference.utils][INFO] - Sampled motif RMSD: 0.15
[2026-03-08 21:30:34,742][rfdiffusion.inference.model_runners][INFO] - Timestep 4, input to next step: --------------------------------------------------------------------------------SVYVPDEWEVSREKITLL
[2026-03-08 21:30:35,197][rfdiffusion.inference.utils][INFO] - Sampled motif RMSD: 0.15
[2026-03-08 21:30:35,199][rfdiffusion.inference.model_runners][INFO] - Timestep 3, input to next step: --------------------------------------------------------------------------------SVYVPDEWEVSREKITLL
[2026-03-08 21:30:35,656][rfdiffusion.inference.utils][INFO] - Sampled motif RMSD: 0.15
[2026-03-08 21:30:35,658][rfdiffusion.inference.model_runners][INFO] - Timestep 2, input to next step: --------------------------------------------------------------------------------SVYVPDEWEVSREKITLL
[2026-03-08 21:30:36,969][__main__][INFO] - Finished design in 0.50 minutes
[2026-03-08 21:30:36,969][__main__][INFO] - Making design /home01/hpc194a02/test/sim_pip/outputs/rfdiffusion/2026-03-08/21-29-43/denovo/binder_1
[2026-03-08 21:30:37,029][rfdiffusion.inference.model_runners][INFO] - Using contig: ['A982-999/0 80-80']
[2026-03-08 21:30:37,231][rfdiffusion.inference.model_runners][INFO] - Sequence init: --------------------------------------------------------------------------------SVYVPDEWEVSREKITLL
[2026-03-08 21:30:38,288][rfdiffusion.inference.utils][INFO] - Sampled motif RMSD: 0.23
[2026-03-08 21:30:38,291][rfdiffusion.inference.model_runners][INFO] - Timestep 50, input to next step: --------------------------------------------------------------------------------SVYVPDEWEVSREKITLL
[2026-03-08 21:30:39,785][rfdiffusion.inference.utils][INFO] - Sampled motif RMSD: 0.21
[2026-03-08 21:30:39,787][rfdiffusion.inference.model_runners][INFO] - Timestep 49, input to next step: --------------------------------------------------------------------------------SVYVPDEWEVSREKITLL
[2026-03-08 21:30:40,241][rfdiffusion.inference.utils][INFO] - Sampled motif RMSD: 0.21
[2026-03-08 21:30:40,243][rfdiffusion.inference.model_runners][INFO] - Timestep 48, input to next step: --------------------------------------------------------------------------------SVYVPDEWEVSREKITLL
[2026-03-08 21:30:40,705][rfdiffusion.inference.utils][INFO] - Sampled motif RMSD: 0.21
[2026-03-08 21:30:40,707][rfdiffusion.inference.model_runners][INFO] - Timestep 47, input to next step: --------------------------------------------------------------------------------SVYVPDEWEVSREKITLL
[2026-03-08 21:30:41,161][rfdiffusion.inference.utils][INFO] - Sampled motif RMSD: 0.21
[2026-03-08 21:30:41,163][rfdiffusion.inference.model_runners][INFO] - Timestep 46, input to next step: --------------------------------------------------------------------------------SVYVPDEWEVSREKITLL
[2026-03-08 21:30:41,615][rfdiffusion.inference.utils][INFO] - Sampled motif RMSD: 0.19
[2026-03-08 21:30:41,617][rfdiffusion.inference.model_runners][INFO] - Timestep 45, input to next step: --------------------------------------------------------------------------------SVYVPDEWEVSREKITLL
[2026-03-08 21:30:42,068][rfdiffusion.inference.utils][INFO] - Sampled motif RMSD: 0.18
[2026-03-08 21:30:42,070][rfdiffusion.inference.model_runners][INFO] - Timestep 44, input to next step: --------------------------------------------------------------------------------SVYVPDEWEVSREKITLL
[2026-03-08 21:30:42,528][rfdiffusion.inference.utils][INFO] - Sampled motif RMSD: 0.17
[2026-03-08 21:30:42,530][rfdiffusion.inference.model_runners][INFO] - Timestep 43, input to next step: --------------------------------------------------------------------------------SVYVPDEWEVSREKITLL
[2026-03-08 21:30:42,987][rfdiffusion.inference.utils][INFO] - Sampled motif RMSD: 0.17
[2026-03-08 21:30:42,989][rfdiffusion.inference.model_runners][INFO] - Timestep 42, input to next step: --------------------------------------------------------------------------------SVYVPDEWEVSREKITLL
[2026-03-08 21:30:43,444][rfdiffusion.inference.utils][INFO] - Sampled motif RMSD: 0.18
[2026-03-08 21:30:43,446][rfdiffusion.inference.model_runners][INFO] - Timestep 41, input to next step: --------------------------------------------------------------------------------SVYVPDEWEVSREKITLL
[2026-03-08 21:30:43,914][rfdiffusion.inference.utils][INFO] - Sampled motif RMSD: 0.18
[2026-03-08 21:30:43,916][rfdiffusion.inference.model_runners][INFO] - Timestep 40, input to next step: --------------------------------------------------------------------------------SVYVPDEWEVSREKITLL
[2026-03-08 21:30:44,373][rfdiffusion.inference.utils][INFO] - Sampled motif RMSD: 0.19
[2026-03-08 21:30:44,375][rfdiffusion.inference.model_runners][INFO] - Timestep 39, input to next step: --------------------------------------------------------------------------------SVYVPDEWEVSREKITLL
[2026-03-08 21:30:44,884][rfdiffusion.inference.utils][INFO] - Sampled motif RMSD: 0.18
[2026-03-08 21:30:44,886][rfdiffusion.inference.model_runners][INFO] - Timestep 38, input to next step: --------------------------------------------------------------------------------SVYVPDEWEVSREKITLL
[2026-03-08 21:30:45,342][rfdiffusion.inference.utils][INFO] - Sampled motif RMSD: 0.17
[2026-03-08 21:30:45,344][rfdiffusion.inference.model_runners][INFO] - Timestep 37, input to next step: --------------------------------------------------------------------------------SVYVPDEWEVSREKITLL
[2026-03-08 21:30:46,175][rfdiffusion.inference.utils][INFO] - Sampled motif RMSD: 0.17
[2026-03-08 21:30:46,177][rfdiffusion.inference.model_runners][INFO] - Timestep 36, input to next step: --------------------------------------------------------------------------------SVYVPDEWEVSREKITLL
[2026-03-08 21:30:46,631][rfdiffusion.inference.utils][INFO] - Sampled motif RMSD: 0.17
[2026-03-08 21:30:46,633][rfdiffusion.inference.model_runners][INFO] - Timestep 35, input to next step: --------------------------------------------------------------------------------SVYVPDEWEVSREKITLL
[2026-03-08 21:30:47,086][rfdiffusion.inference.utils][INFO] - Sampled motif RMSD: 0.16
[2026-03-08 21:30:47,088][rfdiffusion.inference.model_runners][INFO] - Timestep 34, input to next step: --------------------------------------------------------------------------------SVYVPDEWEVSREKITLL
[2026-03-08 21:30:47,541][rfdiffusion.inference.utils][INFO] - Sampled motif RMSD: 0.17
[2026-03-08 21:30:47,543][rfdiffusion.inference.model_runners][INFO] - Timestep 33, input to next step: --------------------------------------------------------------------------------SVYVPDEWEVSREKITLL
[2026-03-08 21:30:47,998][rfdiffusion.inference.utils][INFO] - Sampled motif RMSD: 0.17
[2026-03-08 21:30:48,000][rfdiffusion.inference.model_runners][INFO] - Timestep 32, input to next step: --------------------------------------------------------------------------------SVYVPDEWEVSREKITLL
[2026-03-08 21:30:48,453][rfdiffusion.inference.utils][INFO] - Sampled motif RMSD: 0.17
[2026-03-08 21:30:48,455][rfdiffusion.inference.model_runners][INFO] - Timestep 31, input to next step: --------------------------------------------------------------------------------SVYVPDEWEVSREKITLL
[2026-03-08 21:30:48,910][rfdiffusion.inference.utils][INFO] - Sampled motif RMSD: 0.17
[2026-03-08 21:30:48,912][rfdiffusion.inference.model_runners][INFO] - Timestep 30, input to next step: --------------------------------------------------------------------------------SVYVPDEWEVSREKITLL
[2026-03-08 21:30:49,371][rfdiffusion.inference.utils][INFO] - Sampled motif RMSD: 0.18
[2026-03-08 21:30:49,372][rfdiffusion.inference.model_runners][INFO] - Timestep 29, input to next step: --------------------------------------------------------------------------------SVYVPDEWEVSREKITLL
[2026-03-08 21:30:49,825][rfdiffusion.inference.utils][INFO] - Sampled motif RMSD: 0.18
[2026-03-08 21:30:49,827][rfdiffusion.inference.model_runners][INFO] - Timestep 28, input to next step: --------------------------------------------------------------------------------SVYVPDEWEVSREKITLL
[2026-03-08 21:30:50,292][rfdiffusion.inference.utils][INFO] - Sampled motif RMSD: 0.18
[2026-03-08 21:30:50,294][rfdiffusion.inference.model_runners][INFO] - Timestep 27, input to next step: --------------------------------------------------------------------------------SVYVPDEWEVSREKITLL
[2026-03-08 21:30:50,744][rfdiffusion.inference.utils][INFO] - Sampled motif RMSD: 0.18
[2026-03-08 21:30:50,746][rfdiffusion.inference.model_runners][INFO] - Timestep 26, input to next step: --------------------------------------------------------------------------------SVYVPDEWEVSREKITLL
[2026-03-08 21:30:51,198][rfdiffusion.inference.utils][INFO] - Sampled motif RMSD: 0.17
[2026-03-08 21:30:51,200][rfdiffusion.inference.model_runners][INFO] - Timestep 25, input to next step: --------------------------------------------------------------------------------SVYVPDEWEVSREKITLL
[2026-03-08 21:30:51,652][rfdiffusion.inference.utils][INFO] - Sampled motif RMSD: 0.17
[2026-03-08 21:30:51,654][rfdiffusion.inference.model_runners][INFO] - Timestep 24, input to next step: --------------------------------------------------------------------------------SVYVPDEWEVSREKITLL
[2026-03-08 21:30:52,784][rfdiffusion.inference.utils][INFO] - Sampled motif RMSD: 0.16
[2026-03-08 21:30:52,786][rfdiffusion.inference.model_runners][INFO] - Timestep 23, input to next step: --------------------------------------------------------------------------------SVYVPDEWEVSREKITLL
[2026-03-08 21:30:53,254][rfdiffusion.inference.utils][INFO] - Sampled motif RMSD: 0.15
[2026-03-08 21:30:53,256][rfdiffusion.inference.model_runners][INFO] - Timestep 22, input to next step: --------------------------------------------------------------------------------SVYVPDEWEVSREKITLL
[2026-03-08 21:30:53,723][rfdiffusion.inference.utils][INFO] - Sampled motif RMSD: 0.14
[2026-03-08 21:30:53,726][rfdiffusion.inference.model_runners][INFO] - Timestep 21, input to next step: --------------------------------------------------------------------------------SVYVPDEWEVSREKITLL
[2026-03-08 21:30:54,191][rfdiffusion.inference.utils][INFO] - Sampled motif RMSD: 0.14
[2026-03-08 21:30:54,193][rfdiffusion.inference.model_runners][INFO] - Timestep 20, input to next step: --------------------------------------------------------------------------------SVYVPDEWEVSREKITLL
[2026-03-08 21:30:55,379][rfdiffusion.inference.utils][INFO] - Sampled motif RMSD: 0.14
[2026-03-08 21:30:55,382][rfdiffusion.inference.model_runners][INFO] - Timestep 19, input to next step: --------------------------------------------------------------------------------SVYVPDEWEVSREKITLL
[2026-03-08 21:30:55,845][rfdiffusion.inference.utils][INFO] - Sampled motif RMSD: 0.14
[2026-03-08 21:30:55,848][rfdiffusion.inference.model_runners][INFO] - Timestep 18, input to next step: --------------------------------------------------------------------------------SVYVPDEWEVSREKITLL
[2026-03-08 21:30:56,304][rfdiffusion.inference.utils][INFO] - Sampled motif RMSD: 0.14
[2026-03-08 21:30:56,306][rfdiffusion.inference.model_runners][INFO] - Timestep 17, input to next step: --------------------------------------------------------------------------------SVYVPDEWEVSREKITLL
[2026-03-08 21:30:56,760][rfdiffusion.inference.utils][INFO] - Sampled motif RMSD: 0.14
[2026-03-08 21:30:56,763][rfdiffusion.inference.model_runners][INFO] - Timestep 16, input to next step: --------------------------------------------------------------------------------SVYVPDEWEVSREKITLL
[2026-03-08 21:30:57,677][rfdiffusion.inference.utils][INFO] - Sampled motif RMSD: 0.14
[2026-03-08 21:30:57,679][rfdiffusion.inference.model_runners][INFO] - Timestep 15, input to next step: --------------------------------------------------------------------------------SVYVPDEWEVSREKITLL
[2026-03-08 21:30:58,136][rfdiffusion.inference.utils][INFO] - Sampled motif RMSD: 0.14
[2026-03-08 21:30:58,138][rfdiffusion.inference.model_runners][INFO] - Timestep 14, input to next step: --------------------------------------------------------------------------------SVYVPDEWEVSREKITLL
[2026-03-08 21:30:58,599][rfdiffusion.inference.utils][INFO] - Sampled motif RMSD: 0.14
[2026-03-08 21:30:58,601][rfdiffusion.inference.model_runners][INFO] - Timestep 13, input to next step: --------------------------------------------------------------------------------SVYVPDEWEVSREKITLL
[2026-03-08 21:30:59,063][rfdiffusion.inference.utils][INFO] - Sampled motif RMSD: 0.13
[2026-03-08 21:30:59,065][rfdiffusion.inference.model_runners][INFO] - Timestep 12, input to next step: --------------------------------------------------------------------------------SVYVPDEWEVSREKITLL
[2026-03-08 21:30:59,524][rfdiffusion.inference.utils][INFO] - Sampled motif RMSD: 0.13
[2026-03-08 21:30:59,526][rfdiffusion.inference.model_runners][INFO] - Timestep 11, input to next step: --------------------------------------------------------------------------------SVYVPDEWEVSREKITLL
[2026-03-08 21:30:59,986][rfdiffusion.inference.utils][INFO] - Sampled motif RMSD: 0.13
[2026-03-08 21:30:59,988][rfdiffusion.inference.model_runners][INFO] - Timestep 10, input to next step: --------------------------------------------------------------------------------SVYVPDEWEVSREKITLL
[2026-03-08 21:31:01,078][rfdiffusion.inference.utils][INFO] - Sampled motif RMSD: 0.12
[2026-03-08 21:31:01,080][rfdiffusion.inference.model_runners][INFO] - Timestep 9, input to next step: --------------------------------------------------------------------------------SVYVPDEWEVSREKITLL
[2026-03-08 21:31:01,546][rfdiffusion.inference.utils][INFO] - Sampled motif RMSD: 0.12
[2026-03-08 21:31:01,548][rfdiffusion.inference.model_runners][INFO] - Timestep 8, input to next step: --------------------------------------------------------------------------------SVYVPDEWEVSREKITLL
[2026-03-08 21:31:02,006][rfdiffusion.inference.utils][INFO] - Sampled motif RMSD: 0.12
[2026-03-08 21:31:02,008][rfdiffusion.inference.model_runners][INFO] - Timestep 7, input to next step: --------------------------------------------------------------------------------SVYVPDEWEVSREKITLL
[2026-03-08 21:31:02,464][rfdiffusion.inference.utils][INFO] - Sampled motif RMSD: 0.13
[2026-03-08 21:31:02,466][rfdiffusion.inference.model_runners][INFO] - Timestep 6, input to next step: --------------------------------------------------------------------------------SVYVPDEWEVSREKITLL
[2026-03-08 21:31:03,084][rfdiffusion.inference.utils][INFO] - Sampled motif RMSD: 0.13
[2026-03-08 21:31:03,086][rfdiffusion.inference.model_runners][INFO] - Timestep 5, input to next step: --------------------------------------------------------------------------------SVYVPDEWEVSREKITLL
[2026-03-08 21:31:03,545][rfdiffusion.inference.utils][INFO] - Sampled motif RMSD: 0.13
[2026-03-08 21:31:03,547][rfdiffusion.inference.model_runners][INFO] - Timestep 4, input to next step: --------------------------------------------------------------------------------SVYVPDEWEVSREKITLL
[2026-03-08 21:31:04,009][rfdiffusion.inference.utils][INFO] - Sampled motif RMSD: 0.13
[2026-03-08 21:31:04,011][rfdiffusion.inference.model_runners][INFO] - Timestep 3, input to next step: --------------------------------------------------------------------------------SVYVPDEWEVSREKITLL
[2026-03-08 21:31:04,469][rfdiffusion.inference.utils][INFO] - Sampled motif RMSD: 0.12
[2026-03-08 21:31:04,471][rfdiffusion.inference.model_runners][INFO] - Timestep 2, input to next step: --------------------------------------------------------------------------------SVYVPDEWEVSREKITLL
[2026-03-08 21:31:05,757][__main__][INFO] - Finished design in 0.48 minutes
