[2026-03-09 09:02:37,197][__main__][INFO] - Found GPU with device_name NVIDIA A100-SXM4-80GB. Will run RFdiffusion on NVIDIA A100-SXM4-80GB
[2026-03-09 09:02:37,198][rfdiffusion.inference.model_runners][INFO] - Reading checkpoint from /home01/hpc194a02/test/sim_pip/rfdiffusion/rfdiffusion/inference/../../models/Complex_base_ckpt.pt
[2026-03-09 09:02:59,945][rfdiffusion.inference.model_runners][INFO] - Loading checkpoint.
[2026-03-09 09:03:00,236][rfdiffusion.diffusion][INFO] - Using cached IGSO3.
[2026-03-09 09:03:00,924][__main__][INFO] - Making design /home01/hpc194a02/test/sim_pip/outputs/rfdiffusion/2026-03-09/09-00-45/denovo/binder_0
[2026-03-09 09:03:00,987][rfdiffusion.inference.model_runners][INFO] - Using contig: ['A982-999/0 80-80']
[2026-03-09 09:03:04,031][rfdiffusion.inference.model_runners][INFO] - Sequence init: --------------------------------------------------------------------------------SVYVPDEWEVSREKITLL
[2026-03-09 09:03:23,961][rfdiffusion.inference.utils][INFO] - Sampled motif RMSD: 0.29
[2026-03-09 09:03:24,640][rfdiffusion.inference.model_runners][INFO] - Timestep 50, input to next step: --------------------------------------------------------------------------------SVYVPDEWEVSREKITLL
[2026-03-09 09:03:25,852][rfdiffusion.inference.utils][INFO] - Sampled motif RMSD: 0.24
[2026-03-09 09:03:25,854][rfdiffusion.inference.model_runners][INFO] - Timestep 49, input to next step: --------------------------------------------------------------------------------SVYVPDEWEVSREKITLL
[2026-03-09 09:03:26,365][rfdiffusion.inference.utils][INFO] - Sampled motif RMSD: 0.25
[2026-03-09 09:03:26,367][rfdiffusion.inference.model_runners][INFO] - Timestep 48, input to next step: --------------------------------------------------------------------------------SVYVPDEWEVSREKITLL
[2026-03-09 09:03:26,819][rfdiffusion.inference.utils][INFO] - Sampled motif RMSD: 0.23
[2026-03-09 09:03:26,821][rfdiffusion.inference.model_runners][INFO] - Timestep 47, input to next step: --------------------------------------------------------------------------------SVYVPDEWEVSREKITLL
[2026-03-09 09:03:27,867][rfdiffusion.inference.utils][INFO] - Sampled motif RMSD: 0.25
[2026-03-09 09:03:27,869][rfdiffusion.inference.model_runners][INFO] - Timestep 46, input to next step: --------------------------------------------------------------------------------SVYVPDEWEVSREKITLL
[2026-03-09 09:03:28,320][rfdiffusion.inference.utils][INFO] - Sampled motif RMSD: 0.23
[2026-03-09 09:03:28,322][rfdiffusion.inference.model_runners][INFO] - Timestep 45, input to next step: --------------------------------------------------------------------------------SVYVPDEWEVSREKITLL
[2026-03-09 09:03:28,772][rfdiffusion.inference.utils][INFO] - Sampled motif RMSD: 0.24
[2026-03-09 09:03:28,773][rfdiffusion.inference.model_runners][INFO] - Timestep 44, input to next step: --------------------------------------------------------------------------------SVYVPDEWEVSREKITLL
[2026-03-09 09:03:29,224][rfdiffusion.inference.utils][INFO] - Sampled motif RMSD: 0.24
[2026-03-09 09:03:29,226][rfdiffusion.inference.model_runners][INFO] - Timestep 43, input to next step: --------------------------------------------------------------------------------SVYVPDEWEVSREKITLL
[2026-03-09 09:03:29,677][rfdiffusion.inference.utils][INFO] - Sampled motif RMSD: 0.27
[2026-03-09 09:03:29,679][rfdiffusion.inference.model_runners][INFO] - Timestep 42, input to next step: --------------------------------------------------------------------------------SVYVPDEWEVSREKITLL
[2026-03-09 09:03:30,169][rfdiffusion.inference.utils][INFO] - Sampled motif RMSD: 0.26
[2026-03-09 09:03:30,171][rfdiffusion.inference.model_runners][INFO] - Timestep 41, input to next step: --------------------------------------------------------------------------------SVYVPDEWEVSREKITLL
[2026-03-09 09:03:30,965][rfdiffusion.inference.utils][INFO] - Sampled motif RMSD: 0.25
[2026-03-09 09:03:30,967][rfdiffusion.inference.model_runners][INFO] - Timestep 40, input to next step: --------------------------------------------------------------------------------SVYVPDEWEVSREKITLL
[2026-03-09 09:03:31,416][rfdiffusion.inference.utils][INFO] - Sampled motif RMSD: 0.26
[2026-03-09 09:03:31,418][rfdiffusion.inference.model_runners][INFO] - Timestep 39, input to next step: --------------------------------------------------------------------------------SVYVPDEWEVSREKITLL
[2026-03-09 09:03:32,369][rfdiffusion.inference.utils][INFO] - Sampled motif RMSD: 0.24
[2026-03-09 09:03:32,371][rfdiffusion.inference.model_runners][INFO] - Timestep 38, input to next step: --------------------------------------------------------------------------------SVYVPDEWEVSREKITLL
[2026-03-09 09:03:33,370][rfdiffusion.inference.utils][INFO] - Sampled motif RMSD: 0.21
[2026-03-09 09:03:33,372][rfdiffusion.inference.model_runners][INFO] - Timestep 37, input to next step: --------------------------------------------------------------------------------SVYVPDEWEVSREKITLL
[2026-03-09 09:03:33,826][rfdiffusion.inference.utils][INFO] - Sampled motif RMSD: 0.21
[2026-03-09 09:03:33,828][rfdiffusion.inference.model_runners][INFO] - Timestep 36, input to next step: --------------------------------------------------------------------------------SVYVPDEWEVSREKITLL
[2026-03-09 09:03:34,279][rfdiffusion.inference.utils][INFO] - Sampled motif RMSD: 0.21
[2026-03-09 09:03:34,281][rfdiffusion.inference.model_runners][INFO] - Timestep 35, input to next step: --------------------------------------------------------------------------------SVYVPDEWEVSREKITLL
[2026-03-09 09:03:34,729][rfdiffusion.inference.utils][INFO] - Sampled motif RMSD: 0.21
[2026-03-09 09:03:34,731][rfdiffusion.inference.model_runners][INFO] - Timestep 34, input to next step: --------------------------------------------------------------------------------SVYVPDEWEVSREKITLL
[2026-03-09 09:03:35,189][rfdiffusion.inference.utils][INFO] - Sampled motif RMSD: 0.21
[2026-03-09 09:03:35,191][rfdiffusion.inference.model_runners][INFO] - Timestep 33, input to next step: --------------------------------------------------------------------------------SVYVPDEWEVSREKITLL
[2026-03-09 09:03:35,867][rfdiffusion.inference.utils][INFO] - Sampled motif RMSD: 0.21
[2026-03-09 09:03:35,869][rfdiffusion.inference.model_runners][INFO] - Timestep 32, input to next step: --------------------------------------------------------------------------------SVYVPDEWEVSREKITLL
[2026-03-09 09:03:36,321][rfdiffusion.inference.utils][INFO] - Sampled motif RMSD: 0.21
[2026-03-09 09:03:36,323][rfdiffusion.inference.model_runners][INFO] - Timestep 31, input to next step: --------------------------------------------------------------------------------SVYVPDEWEVSREKITLL
[2026-03-09 09:03:36,772][rfdiffusion.inference.utils][INFO] - Sampled motif RMSD: 0.21
[2026-03-09 09:03:36,774][rfdiffusion.inference.model_runners][INFO] - Timestep 30, input to next step: --------------------------------------------------------------------------------SVYVPDEWEVSREKITLL
[2026-03-09 09:03:37,223][rfdiffusion.inference.utils][INFO] - Sampled motif RMSD: 0.21
[2026-03-09 09:03:37,225][rfdiffusion.inference.model_runners][INFO] - Timestep 29, input to next step: --------------------------------------------------------------------------------SVYVPDEWEVSREKITLL
[2026-03-09 09:03:37,675][rfdiffusion.inference.utils][INFO] - Sampled motif RMSD: 0.20
[2026-03-09 09:03:37,677][rfdiffusion.inference.model_runners][INFO] - Timestep 28, input to next step: --------------------------------------------------------------------------------SVYVPDEWEVSREKITLL
[2026-03-09 09:03:38,276][rfdiffusion.inference.utils][INFO] - Sampled motif RMSD: 0.20
[2026-03-09 09:03:38,278][rfdiffusion.inference.model_runners][INFO] - Timestep 27, input to next step: --------------------------------------------------------------------------------SVYVPDEWEVSREKITLL
[2026-03-09 09:03:39,078][rfdiffusion.inference.utils][INFO] - Sampled motif RMSD: 0.20
[2026-03-09 09:03:39,080][rfdiffusion.inference.model_runners][INFO] - Timestep 26, input to next step: --------------------------------------------------------------------------------SVYVPDEWEVSREKITLL
[2026-03-09 09:03:39,529][rfdiffusion.inference.utils][INFO] - Sampled motif RMSD: 0.20
[2026-03-09 09:03:39,531][rfdiffusion.inference.model_runners][INFO] - Timestep 25, input to next step: --------------------------------------------------------------------------------SVYVPDEWEVSREKITLL
[2026-03-09 09:03:39,979][rfdiffusion.inference.utils][INFO] - Sampled motif RMSD: 0.20
[2026-03-09 09:03:39,981][rfdiffusion.inference.model_runners][INFO] - Timestep 24, input to next step: --------------------------------------------------------------------------------SVYVPDEWEVSREKITLL
[2026-03-09 09:03:40,884][rfdiffusion.inference.utils][INFO] - Sampled motif RMSD: 0.19
[2026-03-09 09:03:40,886][rfdiffusion.inference.model_runners][INFO] - Timestep 23, input to next step: --------------------------------------------------------------------------------SVYVPDEWEVSREKITLL
[2026-03-09 09:03:41,344][rfdiffusion.inference.utils][INFO] - Sampled motif RMSD: 0.20
[2026-03-09 09:03:41,346][rfdiffusion.inference.model_runners][INFO] - Timestep 22, input to next step: --------------------------------------------------------------------------------SVYVPDEWEVSREKITLL
[2026-03-09 09:03:41,804][rfdiffusion.inference.utils][INFO] - Sampled motif RMSD: 0.20
[2026-03-09 09:03:41,806][rfdiffusion.inference.model_runners][INFO] - Timestep 21, input to next step: --------------------------------------------------------------------------------SVYVPDEWEVSREKITLL
[2026-03-09 09:03:42,262][rfdiffusion.inference.utils][INFO] - Sampled motif RMSD: 0.19
[2026-03-09 09:03:42,264][rfdiffusion.inference.model_runners][INFO] - Timestep 20, input to next step: --------------------------------------------------------------------------------SVYVPDEWEVSREKITLL
[2026-03-09 09:03:42,722][rfdiffusion.inference.utils][INFO] - Sampled motif RMSD: 0.19
[2026-03-09 09:03:42,724][rfdiffusion.inference.model_runners][INFO] - Timestep 19, input to next step: --------------------------------------------------------------------------------SVYVPDEWEVSREKITLL
[2026-03-09 09:03:43,181][rfdiffusion.inference.utils][INFO] - Sampled motif RMSD: 0.19
[2026-03-09 09:03:43,183][rfdiffusion.inference.model_runners][INFO] - Timestep 18, input to next step: --------------------------------------------------------------------------------SVYVPDEWEVSREKITLL
[2026-03-09 09:03:43,640][rfdiffusion.inference.utils][INFO] - Sampled motif RMSD: 0.19
[2026-03-09 09:03:43,641][rfdiffusion.inference.model_runners][INFO] - Timestep 17, input to next step: --------------------------------------------------------------------------------SVYVPDEWEVSREKITLL
[2026-03-09 09:03:44,098][rfdiffusion.inference.utils][INFO] - Sampled motif RMSD: 0.18
[2026-03-09 09:03:44,100][rfdiffusion.inference.model_runners][INFO] - Timestep 16, input to next step: --------------------------------------------------------------------------------SVYVPDEWEVSREKITLL
[2026-03-09 09:03:44,556][rfdiffusion.inference.utils][INFO] - Sampled motif RMSD: 0.18
[2026-03-09 09:03:44,558][rfdiffusion.inference.model_runners][INFO] - Timestep 15, input to next step: --------------------------------------------------------------------------------SVYVPDEWEVSREKITLL
[2026-03-09 09:03:45,014][rfdiffusion.inference.utils][INFO] - Sampled motif RMSD: 0.18
[2026-03-09 09:03:45,016][rfdiffusion.inference.model_runners][INFO] - Timestep 14, input to next step: --------------------------------------------------------------------------------SVYVPDEWEVSREKITLL
[2026-03-09 09:03:45,474][rfdiffusion.inference.utils][INFO] - Sampled motif RMSD: 0.17
[2026-03-09 09:03:45,476][rfdiffusion.inference.model_runners][INFO] - Timestep 13, input to next step: --------------------------------------------------------------------------------SVYVPDEWEVSREKITLL
[2026-03-09 09:03:46,771][rfdiffusion.inference.utils][INFO] - Sampled motif RMSD: 0.17
[2026-03-09 09:03:46,773][rfdiffusion.inference.model_runners][INFO] - Timestep 12, input to next step: --------------------------------------------------------------------------------SVYVPDEWEVSREKITLL
[2026-03-09 09:03:47,231][rfdiffusion.inference.utils][INFO] - Sampled motif RMSD: 0.16
[2026-03-09 09:03:47,233][rfdiffusion.inference.model_runners][INFO] - Timestep 11, input to next step: --------------------------------------------------------------------------------SVYVPDEWEVSREKITLL
[2026-03-09 09:03:47,882][rfdiffusion.inference.utils][INFO] - Sampled motif RMSD: 0.16
[2026-03-09 09:03:47,884][rfdiffusion.inference.model_runners][INFO] - Timestep 10, input to next step: --------------------------------------------------------------------------------SVYVPDEWEVSREKITLL
[2026-03-09 09:03:48,336][rfdiffusion.inference.utils][INFO] - Sampled motif RMSD: 0.15
[2026-03-09 09:03:48,338][rfdiffusion.inference.model_runners][INFO] - Timestep 9, input to next step: --------------------------------------------------------------------------------SVYVPDEWEVSREKITLL
[2026-03-09 09:03:48,788][rfdiffusion.inference.utils][INFO] - Sampled motif RMSD: 0.15
[2026-03-09 09:03:48,790][rfdiffusion.inference.model_runners][INFO] - Timestep 8, input to next step: --------------------------------------------------------------------------------SVYVPDEWEVSREKITLL
[2026-03-09 09:03:49,240][rfdiffusion.inference.utils][INFO] - Sampled motif RMSD: 0.14
[2026-03-09 09:03:49,242][rfdiffusion.inference.model_runners][INFO] - Timestep 7, input to next step: --------------------------------------------------------------------------------SVYVPDEWEVSREKITLL
[2026-03-09 09:03:49,693][rfdiffusion.inference.utils][INFO] - Sampled motif RMSD: 0.14
[2026-03-09 09:03:49,695][rfdiffusion.inference.model_runners][INFO] - Timestep 6, input to next step: --------------------------------------------------------------------------------SVYVPDEWEVSREKITLL
[2026-03-09 09:03:50,145][rfdiffusion.inference.utils][INFO] - Sampled motif RMSD: 0.13
[2026-03-09 09:03:50,147][rfdiffusion.inference.model_runners][INFO] - Timestep 5, input to next step: --------------------------------------------------------------------------------SVYVPDEWEVSREKITLL
[2026-03-09 09:03:50,598][rfdiffusion.inference.utils][INFO] - Sampled motif RMSD: 0.13
[2026-03-09 09:03:50,600][rfdiffusion.inference.model_runners][INFO] - Timestep 4, input to next step: --------------------------------------------------------------------------------SVYVPDEWEVSREKITLL
[2026-03-09 09:03:51,050][rfdiffusion.inference.utils][INFO] - Sampled motif RMSD: 0.12
[2026-03-09 09:03:51,052][rfdiffusion.inference.model_runners][INFO] - Timestep 3, input to next step: --------------------------------------------------------------------------------SVYVPDEWEVSREKITLL
[2026-03-09 09:03:51,504][rfdiffusion.inference.utils][INFO] - Sampled motif RMSD: 0.12
[2026-03-09 09:03:51,506][rfdiffusion.inference.model_runners][INFO] - Timestep 2, input to next step: --------------------------------------------------------------------------------SVYVPDEWEVSREKITLL
[2026-03-09 09:03:52,978][__main__][INFO] - Finished design in 0.87 minutes
[2026-03-09 09:03:52,978][__main__][INFO] - Making design /home01/hpc194a02/test/sim_pip/outputs/rfdiffusion/2026-03-09/09-00-45/denovo/binder_1
[2026-03-09 09:03:53,031][rfdiffusion.inference.model_runners][INFO] - Using contig: ['A982-999/0 80-80']
[2026-03-09 09:03:53,045][rfdiffusion.inference.model_runners][INFO] - Sequence init: --------------------------------------------------------------------------------SVYVPDEWEVSREKITLL
[2026-03-09 09:03:53,549][rfdiffusion.inference.utils][INFO] - Sampled motif RMSD: 0.24
[2026-03-09 09:03:53,551][rfdiffusion.inference.model_runners][INFO] - Timestep 50, input to next step: --------------------------------------------------------------------------------SVYVPDEWEVSREKITLL
[2026-03-09 09:03:54,003][rfdiffusion.inference.utils][INFO] - Sampled motif RMSD: 0.19
[2026-03-09 09:03:54,005][rfdiffusion.inference.model_runners][INFO] - Timestep 49, input to next step: --------------------------------------------------------------------------------SVYVPDEWEVSREKITLL
[2026-03-09 09:03:54,457][rfdiffusion.inference.utils][INFO] - Sampled motif RMSD: 0.19
[2026-03-09 09:03:54,459][rfdiffusion.inference.model_runners][INFO] - Timestep 48, input to next step: --------------------------------------------------------------------------------SVYVPDEWEVSREKITLL
[2026-03-09 09:03:55,280][rfdiffusion.inference.utils][INFO] - Sampled motif RMSD: 0.17
[2026-03-09 09:03:55,282][rfdiffusion.inference.model_runners][INFO] - Timestep 47, input to next step: --------------------------------------------------------------------------------SVYVPDEWEVSREKITLL
[2026-03-09 09:03:55,735][rfdiffusion.inference.utils][INFO] - Sampled motif RMSD: 0.17
[2026-03-09 09:03:55,738][rfdiffusion.inference.model_runners][INFO] - Timestep 46, input to next step: --------------------------------------------------------------------------------SVYVPDEWEVSREKITLL
[2026-03-09 09:03:56,190][rfdiffusion.inference.utils][INFO] - Sampled motif RMSD: 0.17
[2026-03-09 09:03:56,192][rfdiffusion.inference.model_runners][INFO] - Timestep 45, input to next step: --------------------------------------------------------------------------------SVYVPDEWEVSREKITLL
[2026-03-09 09:03:56,644][rfdiffusion.inference.utils][INFO] - Sampled motif RMSD: 0.18
[2026-03-09 09:03:56,646][rfdiffusion.inference.model_runners][INFO] - Timestep 44, input to next step: --------------------------------------------------------------------------------SVYVPDEWEVSREKITLL
[2026-03-09 09:03:57,100][rfdiffusion.inference.utils][INFO] - Sampled motif RMSD: 0.18
[2026-03-09 09:03:57,102][rfdiffusion.inference.model_runners][INFO] - Timestep 43, input to next step: --------------------------------------------------------------------------------SVYVPDEWEVSREKITLL
[2026-03-09 09:03:57,565][rfdiffusion.inference.utils][INFO] - Sampled motif RMSD: 0.18
[2026-03-09 09:03:57,567][rfdiffusion.inference.model_runners][INFO] - Timestep 42, input to next step: --------------------------------------------------------------------------------SVYVPDEWEVSREKITLL
[2026-03-09 09:03:58,020][rfdiffusion.inference.utils][INFO] - Sampled motif RMSD: 0.17
[2026-03-09 09:03:58,022][rfdiffusion.inference.model_runners][INFO] - Timestep 41, input to next step: --------------------------------------------------------------------------------SVYVPDEWEVSREKITLL
[2026-03-09 09:03:58,475][rfdiffusion.inference.utils][INFO] - Sampled motif RMSD: 0.17
[2026-03-09 09:03:58,477][rfdiffusion.inference.model_runners][INFO] - Timestep 40, input to next step: --------------------------------------------------------------------------------SVYVPDEWEVSREKITLL
[2026-03-09 09:03:58,931][rfdiffusion.inference.utils][INFO] - Sampled motif RMSD: 0.17
[2026-03-09 09:03:58,933][rfdiffusion.inference.model_runners][INFO] - Timestep 39, input to next step: --------------------------------------------------------------------------------SVYVPDEWEVSREKITLL
[2026-03-09 09:03:59,386][rfdiffusion.inference.utils][INFO] - Sampled motif RMSD: 0.17
[2026-03-09 09:03:59,388][rfdiffusion.inference.model_runners][INFO] - Timestep 38, input to next step: --------------------------------------------------------------------------------SVYVPDEWEVSREKITLL
[2026-03-09 09:03:59,842][rfdiffusion.inference.utils][INFO] - Sampled motif RMSD: 0.17
[2026-03-09 09:03:59,844][rfdiffusion.inference.model_runners][INFO] - Timestep 37, input to next step: --------------------------------------------------------------------------------SVYVPDEWEVSREKITLL
[2026-03-09 09:04:00,298][rfdiffusion.inference.utils][INFO] - Sampled motif RMSD: 0.16
[2026-03-09 09:04:00,300][rfdiffusion.inference.model_runners][INFO] - Timestep 36, input to next step: --------------------------------------------------------------------------------SVYVPDEWEVSREKITLL
[2026-03-09 09:04:01,681][rfdiffusion.inference.utils][INFO] - Sampled motif RMSD: 0.16
[2026-03-09 09:04:01,683][rfdiffusion.inference.model_runners][INFO] - Timestep 35, input to next step: --------------------------------------------------------------------------------SVYVPDEWEVSREKITLL
[2026-03-09 09:04:03,182][rfdiffusion.inference.utils][INFO] - Sampled motif RMSD: 0.15
[2026-03-09 09:04:03,184][rfdiffusion.inference.model_runners][INFO] - Timestep 34, input to next step: --------------------------------------------------------------------------------SVYVPDEWEVSREKITLL
[2026-03-09 09:04:03,676][rfdiffusion.inference.utils][INFO] - Sampled motif RMSD: 0.14
[2026-03-09 09:04:03,678][rfdiffusion.inference.model_runners][INFO] - Timestep 33, input to next step: --------------------------------------------------------------------------------SVYVPDEWEVSREKITLL
[2026-03-09 09:04:04,131][rfdiffusion.inference.utils][INFO] - Sampled motif RMSD: 0.14
[2026-03-09 09:04:04,133][rfdiffusion.inference.model_runners][INFO] - Timestep 32, input to next step: --------------------------------------------------------------------------------SVYVPDEWEVSREKITLL
[2026-03-09 09:04:04,585][rfdiffusion.inference.utils][INFO] - Sampled motif RMSD: 0.14
[2026-03-09 09:04:04,587][rfdiffusion.inference.model_runners][INFO] - Timestep 31, input to next step: --------------------------------------------------------------------------------SVYVPDEWEVSREKITLL
[2026-03-09 09:04:05,040][rfdiffusion.inference.utils][INFO] - Sampled motif RMSD: 0.15
[2026-03-09 09:04:05,041][rfdiffusion.inference.model_runners][INFO] - Timestep 30, input to next step: --------------------------------------------------------------------------------SVYVPDEWEVSREKITLL
[2026-03-09 09:04:05,494][rfdiffusion.inference.utils][INFO] - Sampled motif RMSD: 0.16
[2026-03-09 09:04:05,496][rfdiffusion.inference.model_runners][INFO] - Timestep 29, input to next step: --------------------------------------------------------------------------------SVYVPDEWEVSREKITLL
[2026-03-09 09:04:05,949][rfdiffusion.inference.utils][INFO] - Sampled motif RMSD: 0.17
[2026-03-09 09:04:05,951][rfdiffusion.inference.model_runners][INFO] - Timestep 28, input to next step: --------------------------------------------------------------------------------SVYVPDEWEVSREKITLL
[2026-03-09 09:04:06,403][rfdiffusion.inference.utils][INFO] - Sampled motif RMSD: 0.17
[2026-03-09 09:04:06,405][rfdiffusion.inference.model_runners][INFO] - Timestep 27, input to next step: --------------------------------------------------------------------------------SVYVPDEWEVSREKITLL
[2026-03-09 09:04:06,858][rfdiffusion.inference.utils][INFO] - Sampled motif RMSD: 0.18
[2026-03-09 09:04:06,860][rfdiffusion.inference.model_runners][INFO] - Timestep 26, input to next step: --------------------------------------------------------------------------------SVYVPDEWEVSREKITLL
[2026-03-09 09:04:07,313][rfdiffusion.inference.utils][INFO] - Sampled motif RMSD: 0.17
[2026-03-09 09:04:07,315][rfdiffusion.inference.model_runners][INFO] - Timestep 25, input to next step: --------------------------------------------------------------------------------SVYVPDEWEVSREKITLL
[2026-03-09 09:04:07,769][rfdiffusion.inference.utils][INFO] - Sampled motif RMSD: 0.16
[2026-03-09 09:04:07,771][rfdiffusion.inference.model_runners][INFO] - Timestep 24, input to next step: --------------------------------------------------------------------------------SVYVPDEWEVSREKITLL
[2026-03-09 09:04:08,283][rfdiffusion.inference.utils][INFO] - Sampled motif RMSD: 0.15
[2026-03-09 09:04:08,285][rfdiffusion.inference.model_runners][INFO] - Timestep 23, input to next step: --------------------------------------------------------------------------------SVYVPDEWEVSREKITLL
[2026-03-09 09:04:09,075][rfdiffusion.inference.utils][INFO] - Sampled motif RMSD: 0.15
[2026-03-09 09:04:09,077][rfdiffusion.inference.model_runners][INFO] - Timestep 22, input to next step: --------------------------------------------------------------------------------SVYVPDEWEVSREKITLL
[2026-03-09 09:04:09,537][rfdiffusion.inference.utils][INFO] - Sampled motif RMSD: 0.14
[2026-03-09 09:04:09,539][rfdiffusion.inference.model_runners][INFO] - Timestep 21, input to next step: --------------------------------------------------------------------------------SVYVPDEWEVSREKITLL
[2026-03-09 09:04:09,995][rfdiffusion.inference.utils][INFO] - Sampled motif RMSD: 0.14
[2026-03-09 09:04:09,997][rfdiffusion.inference.model_runners][INFO] - Timestep 20, input to next step: --------------------------------------------------------------------------------SVYVPDEWEVSREKITLL
[2026-03-09 09:04:10,450][rfdiffusion.inference.utils][INFO] - Sampled motif RMSD: 0.14
[2026-03-09 09:04:10,452][rfdiffusion.inference.model_runners][INFO] - Timestep 19, input to next step: --------------------------------------------------------------------------------SVYVPDEWEVSREKITLL
[2026-03-09 09:04:10,905][rfdiffusion.inference.utils][INFO] - Sampled motif RMSD: 0.15
[2026-03-09 09:04:10,907][rfdiffusion.inference.model_runners][INFO] - Timestep 18, input to next step: --------------------------------------------------------------------------------SVYVPDEWEVSREKITLL
[2026-03-09 09:04:11,361][rfdiffusion.inference.utils][INFO] - Sampled motif RMSD: 0.15
[2026-03-09 09:04:11,363][rfdiffusion.inference.model_runners][INFO] - Timestep 17, input to next step: --------------------------------------------------------------------------------SVYVPDEWEVSREKITLL
[2026-03-09 09:04:11,816][rfdiffusion.inference.utils][INFO] - Sampled motif RMSD: 0.15
[2026-03-09 09:04:11,818][rfdiffusion.inference.model_runners][INFO] - Timestep 16, input to next step: --------------------------------------------------------------------------------SVYVPDEWEVSREKITLL
[2026-03-09 09:04:12,270][rfdiffusion.inference.utils][INFO] - Sampled motif RMSD: 0.15
[2026-03-09 09:04:12,272][rfdiffusion.inference.model_runners][INFO] - Timestep 15, input to next step: --------------------------------------------------------------------------------SVYVPDEWEVSREKITLL
[2026-03-09 09:04:12,726][rfdiffusion.inference.utils][INFO] - Sampled motif RMSD: 0.15
[2026-03-09 09:04:12,728][rfdiffusion.inference.model_runners][INFO] - Timestep 14, input to next step: --------------------------------------------------------------------------------SVYVPDEWEVSREKITLL
[2026-03-09 09:04:13,183][rfdiffusion.inference.utils][INFO] - Sampled motif RMSD: 0.15
[2026-03-09 09:04:13,185][rfdiffusion.inference.model_runners][INFO] - Timestep 13, input to next step: --------------------------------------------------------------------------------SVYVPDEWEVSREKITLL
[2026-03-09 09:04:13,641][rfdiffusion.inference.utils][INFO] - Sampled motif RMSD: 0.15
[2026-03-09 09:04:13,643][rfdiffusion.inference.model_runners][INFO] - Timestep 12, input to next step: --------------------------------------------------------------------------------SVYVPDEWEVSREKITLL
[2026-03-09 09:04:14,266][rfdiffusion.inference.utils][INFO] - Sampled motif RMSD: 0.14
[2026-03-09 09:04:14,268][rfdiffusion.inference.model_runners][INFO] - Timestep 11, input to next step: --------------------------------------------------------------------------------SVYVPDEWEVSREKITLL
[2026-03-09 09:04:14,973][rfdiffusion.inference.utils][INFO] - Sampled motif RMSD: 0.14
[2026-03-09 09:04:14,975][rfdiffusion.inference.model_runners][INFO] - Timestep 10, input to next step: --------------------------------------------------------------------------------SVYVPDEWEVSREKITLL
[2026-03-09 09:04:15,429][rfdiffusion.inference.utils][INFO] - Sampled motif RMSD: 0.13
[2026-03-09 09:04:15,431][rfdiffusion.inference.model_runners][INFO] - Timestep 9, input to next step: --------------------------------------------------------------------------------SVYVPDEWEVSREKITLL
[2026-03-09 09:04:16,872][rfdiffusion.inference.utils][INFO] - Sampled motif RMSD: 0.13
[2026-03-09 09:04:16,874][rfdiffusion.inference.model_runners][INFO] - Timestep 8, input to next step: --------------------------------------------------------------------------------SVYVPDEWEVSREKITLL
[2026-03-09 09:04:17,970][rfdiffusion.inference.utils][INFO] - Sampled motif RMSD: 0.12
[2026-03-09 09:04:17,972][rfdiffusion.inference.model_runners][INFO] - Timestep 7, input to next step: --------------------------------------------------------------------------------SVYVPDEWEVSREKITLL
[2026-03-09 09:04:18,426][rfdiffusion.inference.utils][INFO] - Sampled motif RMSD: 0.12
[2026-03-09 09:04:18,428][rfdiffusion.inference.model_runners][INFO] - Timestep 6, input to next step: --------------------------------------------------------------------------------SVYVPDEWEVSREKITLL
[2026-03-09 09:04:19,681][rfdiffusion.inference.utils][INFO] - Sampled motif RMSD: 0.11
[2026-03-09 09:04:19,684][rfdiffusion.inference.model_runners][INFO] - Timestep 5, input to next step: --------------------------------------------------------------------------------SVYVPDEWEVSREKITLL
[2026-03-09 09:04:20,134][rfdiffusion.inference.utils][INFO] - Sampled motif RMSD: 0.11
[2026-03-09 09:04:20,136][rfdiffusion.inference.model_runners][INFO] - Timestep 4, input to next step: --------------------------------------------------------------------------------SVYVPDEWEVSREKITLL
[2026-03-09 09:04:20,585][rfdiffusion.inference.utils][INFO] - Sampled motif RMSD: 0.11
[2026-03-09 09:04:20,587][rfdiffusion.inference.model_runners][INFO] - Timestep 3, input to next step: --------------------------------------------------------------------------------SVYVPDEWEVSREKITLL
[2026-03-09 09:04:21,036][rfdiffusion.inference.utils][INFO] - Sampled motif RMSD: 0.11
[2026-03-09 09:04:21,038][rfdiffusion.inference.model_runners][INFO] - Timestep 2, input to next step: --------------------------------------------------------------------------------SVYVPDEWEVSREKITLL
[2026-03-09 09:04:22,313][__main__][INFO] - Finished design in 0.49 minutes
