[2026-03-10 12:29:35,914][__main__][INFO] - Found GPU with device_name NVIDIA A100-SXM4-80GB. Will run RFdiffusion on NVIDIA A100-SXM4-80GB
[2026-03-10 12:29:35,915][rfdiffusion.inference.model_runners][INFO] - Reading checkpoint from /home01/hpc194a02/test/sim_pip/rfdiffusion/rfdiffusion/inference/../../models/Complex_base_ckpt.pt
[2026-03-10 12:29:50,416][rfdiffusion.inference.model_runners][INFO] - Loading checkpoint.
[2026-03-10 12:29:50,586][rfdiffusion.diffusion][INFO] - Using cached IGSO3.
[2026-03-10 12:29:50,839][__main__][INFO] - Making design /home01/hpc194a02/test/sim_pip/outputs/rfdiffusion/2026-03-10/12-29-31/denovo/binder_0
[2026-03-10 12:29:50,903][rfdiffusion.inference.model_runners][INFO] - Using contig: ['A982-999/0 80-80']
[2026-03-10 12:29:51,043][rfdiffusion.inference.model_runners][INFO] - Sequence init: --------------------------------------------------------------------------------SVYVPDEWEVSREKITLL
[2026-03-10 12:29:52,869][rfdiffusion.inference.utils][INFO] - Sampled motif RMSD: 0.21
[2026-03-10 12:29:52,872][rfdiffusion.inference.model_runners][INFO] - Timestep 50, input to next step: --------------------------------------------------------------------------------SVYVPDEWEVSREKITLL
[2026-03-10 12:29:53,342][rfdiffusion.inference.utils][INFO] - Sampled motif RMSD: 0.15
[2026-03-10 12:29:53,345][rfdiffusion.inference.model_runners][INFO] - Timestep 49, input to next step: --------------------------------------------------------------------------------SVYVPDEWEVSREKITLL
[2026-03-10 12:29:54,175][rfdiffusion.inference.utils][INFO] - Sampled motif RMSD: 0.16
[2026-03-10 12:29:54,177][rfdiffusion.inference.model_runners][INFO] - Timestep 48, input to next step: --------------------------------------------------------------------------------SVYVPDEWEVSREKITLL
[2026-03-10 12:29:54,632][rfdiffusion.inference.utils][INFO] - Sampled motif RMSD: 0.17
[2026-03-10 12:29:54,634][rfdiffusion.inference.model_runners][INFO] - Timestep 47, input to next step: --------------------------------------------------------------------------------SVYVPDEWEVSREKITLL
[2026-03-10 12:29:55,516][rfdiffusion.inference.utils][INFO] - Sampled motif RMSD: 0.16
[2026-03-10 12:29:55,519][rfdiffusion.inference.model_runners][INFO] - Timestep 46, input to next step: --------------------------------------------------------------------------------SVYVPDEWEVSREKITLL
[2026-03-10 12:29:56,193][rfdiffusion.inference.utils][INFO] - Sampled motif RMSD: 0.16
[2026-03-10 12:29:56,195][rfdiffusion.inference.model_runners][INFO] - Timestep 45, input to next step: --------------------------------------------------------------------------------SVYVPDEWEVSREKITLL
[2026-03-10 12:29:56,653][rfdiffusion.inference.utils][INFO] - Sampled motif RMSD: 0.16
[2026-03-10 12:29:56,656][rfdiffusion.inference.model_runners][INFO] - Timestep 44, input to next step: --------------------------------------------------------------------------------SVYVPDEWEVSREKITLL
[2026-03-10 12:29:57,113][rfdiffusion.inference.utils][INFO] - Sampled motif RMSD: 0.15
[2026-03-10 12:29:57,115][rfdiffusion.inference.model_runners][INFO] - Timestep 43, input to next step: --------------------------------------------------------------------------------SVYVPDEWEVSREKITLL
[2026-03-10 12:29:57,573][rfdiffusion.inference.utils][INFO] - Sampled motif RMSD: 0.17
[2026-03-10 12:29:57,575][rfdiffusion.inference.model_runners][INFO] - Timestep 42, input to next step: --------------------------------------------------------------------------------SVYVPDEWEVSREKITLL
[2026-03-10 12:29:58,044][rfdiffusion.inference.utils][INFO] - Sampled motif RMSD: 0.17
[2026-03-10 12:29:58,046][rfdiffusion.inference.model_runners][INFO] - Timestep 41, input to next step: --------------------------------------------------------------------------------SVYVPDEWEVSREKITLL
[2026-03-10 12:29:58,985][rfdiffusion.inference.utils][INFO] - Sampled motif RMSD: 0.16
[2026-03-10 12:29:58,987][rfdiffusion.inference.model_runners][INFO] - Timestep 40, input to next step: --------------------------------------------------------------------------------SVYVPDEWEVSREKITLL
[2026-03-10 12:29:59,445][rfdiffusion.inference.utils][INFO] - Sampled motif RMSD: 0.15
[2026-03-10 12:29:59,447][rfdiffusion.inference.model_runners][INFO] - Timestep 39, input to next step: --------------------------------------------------------------------------------SVYVPDEWEVSREKITLL
[2026-03-10 12:29:59,904][rfdiffusion.inference.utils][INFO] - Sampled motif RMSD: 0.15
[2026-03-10 12:29:59,906][rfdiffusion.inference.model_runners][INFO] - Timestep 38, input to next step: --------------------------------------------------------------------------------SVYVPDEWEVSREKITLL
[2026-03-10 12:30:00,385][rfdiffusion.inference.utils][INFO] - Sampled motif RMSD: 0.15
[2026-03-10 12:30:00,387][rfdiffusion.inference.model_runners][INFO] - Timestep 37, input to next step: --------------------------------------------------------------------------------SVYVPDEWEVSREKITLL
[2026-03-10 12:30:00,843][rfdiffusion.inference.utils][INFO] - Sampled motif RMSD: 0.15
[2026-03-10 12:30:00,845][rfdiffusion.inference.model_runners][INFO] - Timestep 36, input to next step: --------------------------------------------------------------------------------SVYVPDEWEVSREKITLL
[2026-03-10 12:30:01,302][rfdiffusion.inference.utils][INFO] - Sampled motif RMSD: 0.15
[2026-03-10 12:30:01,304][rfdiffusion.inference.model_runners][INFO] - Timestep 35, input to next step: --------------------------------------------------------------------------------SVYVPDEWEVSREKITLL
[2026-03-10 12:30:01,793][rfdiffusion.inference.utils][INFO] - Sampled motif RMSD: 0.15
[2026-03-10 12:30:01,795][rfdiffusion.inference.model_runners][INFO] - Timestep 34, input to next step: --------------------------------------------------------------------------------SVYVPDEWEVSREKITLL
[2026-03-10 12:30:02,254][rfdiffusion.inference.utils][INFO] - Sampled motif RMSD: 0.14
[2026-03-10 12:30:02,256][rfdiffusion.inference.model_runners][INFO] - Timestep 33, input to next step: --------------------------------------------------------------------------------SVYVPDEWEVSREKITLL
[2026-03-10 12:30:02,719][rfdiffusion.inference.utils][INFO] - Sampled motif RMSD: 0.14
[2026-03-10 12:30:02,721][rfdiffusion.inference.model_runners][INFO] - Timestep 32, input to next step: --------------------------------------------------------------------------------SVYVPDEWEVSREKITLL
[2026-03-10 12:30:03,248][rfdiffusion.inference.utils][INFO] - Sampled motif RMSD: 0.15
[2026-03-10 12:30:03,250][rfdiffusion.inference.model_runners][INFO] - Timestep 31, input to next step: --------------------------------------------------------------------------------SVYVPDEWEVSREKITLL
[2026-03-10 12:30:04,588][rfdiffusion.inference.utils][INFO] - Sampled motif RMSD: 0.15
[2026-03-10 12:30:04,590][rfdiffusion.inference.model_runners][INFO] - Timestep 30, input to next step: --------------------------------------------------------------------------------SVYVPDEWEVSREKITLL
[2026-03-10 12:30:05,050][rfdiffusion.inference.utils][INFO] - Sampled motif RMSD: 0.17
[2026-03-10 12:30:05,052][rfdiffusion.inference.model_runners][INFO] - Timestep 29, input to next step: --------------------------------------------------------------------------------SVYVPDEWEVSREKITLL
[2026-03-10 12:30:05,511][rfdiffusion.inference.utils][INFO] - Sampled motif RMSD: 0.17
[2026-03-10 12:30:05,513][rfdiffusion.inference.model_runners][INFO] - Timestep 28, input to next step: --------------------------------------------------------------------------------SVYVPDEWEVSREKITLL
[2026-03-10 12:30:05,970][rfdiffusion.inference.utils][INFO] - Sampled motif RMSD: 0.16
[2026-03-10 12:30:05,972][rfdiffusion.inference.model_runners][INFO] - Timestep 27, input to next step: --------------------------------------------------------------------------------SVYVPDEWEVSREKITLL
[2026-03-10 12:30:06,428][rfdiffusion.inference.utils][INFO] - Sampled motif RMSD: 0.16
[2026-03-10 12:30:06,430][rfdiffusion.inference.model_runners][INFO] - Timestep 26, input to next step: --------------------------------------------------------------------------------SVYVPDEWEVSREKITLL
[2026-03-10 12:30:06,891][rfdiffusion.inference.utils][INFO] - Sampled motif RMSD: 0.15
[2026-03-10 12:30:06,893][rfdiffusion.inference.model_runners][INFO] - Timestep 25, input to next step: --------------------------------------------------------------------------------SVYVPDEWEVSREKITLL
[2026-03-10 12:30:07,350][rfdiffusion.inference.utils][INFO] - Sampled motif RMSD: 0.14
[2026-03-10 12:30:07,352][rfdiffusion.inference.model_runners][INFO] - Timestep 24, input to next step: --------------------------------------------------------------------------------SVYVPDEWEVSREKITLL
[2026-03-10 12:30:07,808][rfdiffusion.inference.utils][INFO] - Sampled motif RMSD: 0.13
[2026-03-10 12:30:07,810][rfdiffusion.inference.model_runners][INFO] - Timestep 23, input to next step: --------------------------------------------------------------------------------SVYVPDEWEVSREKITLL
[2026-03-10 12:30:08,784][rfdiffusion.inference.utils][INFO] - Sampled motif RMSD: 0.14
[2026-03-10 12:30:08,786][rfdiffusion.inference.model_runners][INFO] - Timestep 22, input to next step: --------------------------------------------------------------------------------SVYVPDEWEVSREKITLL
[2026-03-10 12:30:09,671][rfdiffusion.inference.utils][INFO] - Sampled motif RMSD: 0.14
[2026-03-10 12:30:09,674][rfdiffusion.inference.model_runners][INFO] - Timestep 21, input to next step: --------------------------------------------------------------------------------SVYVPDEWEVSREKITLL
[2026-03-10 12:30:10,178][rfdiffusion.inference.utils][INFO] - Sampled motif RMSD: 0.15
[2026-03-10 12:30:10,180][rfdiffusion.inference.model_runners][INFO] - Timestep 20, input to next step: --------------------------------------------------------------------------------SVYVPDEWEVSREKITLL
[2026-03-10 12:30:10,645][rfdiffusion.inference.utils][INFO] - Sampled motif RMSD: 0.15
[2026-03-10 12:30:10,647][rfdiffusion.inference.model_runners][INFO] - Timestep 19, input to next step: --------------------------------------------------------------------------------SVYVPDEWEVSREKITLL
[2026-03-10 12:30:11,108][rfdiffusion.inference.utils][INFO] - Sampled motif RMSD: 0.15
[2026-03-10 12:30:11,110][rfdiffusion.inference.model_runners][INFO] - Timestep 18, input to next step: --------------------------------------------------------------------------------SVYVPDEWEVSREKITLL
[2026-03-10 12:30:11,573][rfdiffusion.inference.utils][INFO] - Sampled motif RMSD: 0.14
[2026-03-10 12:30:11,575][rfdiffusion.inference.model_runners][INFO] - Timestep 17, input to next step: --------------------------------------------------------------------------------SVYVPDEWEVSREKITLL
[2026-03-10 12:30:12,034][rfdiffusion.inference.utils][INFO] - Sampled motif RMSD: 0.14
[2026-03-10 12:30:12,036][rfdiffusion.inference.model_runners][INFO] - Timestep 16, input to next step: --------------------------------------------------------------------------------SVYVPDEWEVSREKITLL
[2026-03-10 12:30:12,494][rfdiffusion.inference.utils][INFO] - Sampled motif RMSD: 0.13
[2026-03-10 12:30:12,496][rfdiffusion.inference.model_runners][INFO] - Timestep 15, input to next step: --------------------------------------------------------------------------------SVYVPDEWEVSREKITLL
[2026-03-10 12:30:12,950][rfdiffusion.inference.utils][INFO] - Sampled motif RMSD: 0.12
[2026-03-10 12:30:12,952][rfdiffusion.inference.model_runners][INFO] - Timestep 14, input to next step: --------------------------------------------------------------------------------SVYVPDEWEVSREKITLL
[2026-03-10 12:30:13,408][rfdiffusion.inference.utils][INFO] - Sampled motif RMSD: 0.12
[2026-03-10 12:30:13,410][rfdiffusion.inference.model_runners][INFO] - Timestep 13, input to next step: --------------------------------------------------------------------------------SVYVPDEWEVSREKITLL
[2026-03-10 12:30:13,868][rfdiffusion.inference.utils][INFO] - Sampled motif RMSD: 0.12
[2026-03-10 12:30:13,870][rfdiffusion.inference.model_runners][INFO] - Timestep 12, input to next step: --------------------------------------------------------------------------------SVYVPDEWEVSREKITLL
[2026-03-10 12:30:14,325][rfdiffusion.inference.utils][INFO] - Sampled motif RMSD: 0.12
[2026-03-10 12:30:14,327][rfdiffusion.inference.model_runners][INFO] - Timestep 11, input to next step: --------------------------------------------------------------------------------SVYVPDEWEVSREKITLL
[2026-03-10 12:30:14,781][rfdiffusion.inference.utils][INFO] - Sampled motif RMSD: 0.11
[2026-03-10 12:30:14,783][rfdiffusion.inference.model_runners][INFO] - Timestep 10, input to next step: --------------------------------------------------------------------------------SVYVPDEWEVSREKITLL
[2026-03-10 12:30:15,375][rfdiffusion.inference.utils][INFO] - Sampled motif RMSD: 0.11
[2026-03-10 12:30:15,377][rfdiffusion.inference.model_runners][INFO] - Timestep 9, input to next step: --------------------------------------------------------------------------------SVYVPDEWEVSREKITLL
[2026-03-10 12:30:15,835][rfdiffusion.inference.utils][INFO] - Sampled motif RMSD: 0.11
[2026-03-10 12:30:15,837][rfdiffusion.inference.model_runners][INFO] - Timestep 8, input to next step: --------------------------------------------------------------------------------SVYVPDEWEVSREKITLL
[2026-03-10 12:30:16,587][rfdiffusion.inference.utils][INFO] - Sampled motif RMSD: 0.12
[2026-03-10 12:30:16,589][rfdiffusion.inference.model_runners][INFO] - Timestep 7, input to next step: --------------------------------------------------------------------------------SVYVPDEWEVSREKITLL
[2026-03-10 12:30:17,045][rfdiffusion.inference.utils][INFO] - Sampled motif RMSD: 0.13
[2026-03-10 12:30:17,047][rfdiffusion.inference.model_runners][INFO] - Timestep 6, input to next step: --------------------------------------------------------------------------------SVYVPDEWEVSREKITLL
[2026-03-10 12:30:17,510][rfdiffusion.inference.utils][INFO] - Sampled motif RMSD: 0.13
[2026-03-10 12:30:17,513][rfdiffusion.inference.model_runners][INFO] - Timestep 5, input to next step: --------------------------------------------------------------------------------SVYVPDEWEVSREKITLL
[2026-03-10 12:30:17,979][rfdiffusion.inference.utils][INFO] - Sampled motif RMSD: 0.13
[2026-03-10 12:30:17,982][rfdiffusion.inference.model_runners][INFO] - Timestep 4, input to next step: --------------------------------------------------------------------------------SVYVPDEWEVSREKITLL
[2026-03-10 12:30:18,445][rfdiffusion.inference.utils][INFO] - Sampled motif RMSD: 0.13
[2026-03-10 12:30:18,447][rfdiffusion.inference.model_runners][INFO] - Timestep 3, input to next step: --------------------------------------------------------------------------------SVYVPDEWEVSREKITLL
[2026-03-10 12:30:18,905][rfdiffusion.inference.utils][INFO] - Sampled motif RMSD: 0.12
[2026-03-10 12:30:18,908][rfdiffusion.inference.model_runners][INFO] - Timestep 2, input to next step: --------------------------------------------------------------------------------SVYVPDEWEVSREKITLL
[2026-03-10 12:30:20,195][__main__][INFO] - Finished design in 0.49 minutes
[2026-03-10 12:30:20,195][__main__][INFO] - Making design /home01/hpc194a02/test/sim_pip/outputs/rfdiffusion/2026-03-10/12-29-31/denovo/binder_1
[2026-03-10 12:30:20,249][rfdiffusion.inference.model_runners][INFO] - Using contig: ['A982-999/0 80-80']
[2026-03-10 12:30:20,264][rfdiffusion.inference.model_runners][INFO] - Sequence init: --------------------------------------------------------------------------------SVYVPDEWEVSREKITLL
[2026-03-10 12:30:20,764][rfdiffusion.inference.utils][INFO] - Sampled motif RMSD: 0.24
[2026-03-10 12:30:20,766][rfdiffusion.inference.model_runners][INFO] - Timestep 50, input to next step: --------------------------------------------------------------------------------SVYVPDEWEVSREKITLL
[2026-03-10 12:30:21,223][rfdiffusion.inference.utils][INFO] - Sampled motif RMSD: 0.19
[2026-03-10 12:30:21,225][rfdiffusion.inference.model_runners][INFO] - Timestep 49, input to next step: --------------------------------------------------------------------------------SVYVPDEWEVSREKITLL
[2026-03-10 12:30:21,682][rfdiffusion.inference.utils][INFO] - Sampled motif RMSD: 0.20
[2026-03-10 12:30:21,684][rfdiffusion.inference.model_runners][INFO] - Timestep 48, input to next step: --------------------------------------------------------------------------------SVYVPDEWEVSREKITLL
[2026-03-10 12:30:22,141][rfdiffusion.inference.utils][INFO] - Sampled motif RMSD: 0.20
[2026-03-10 12:30:22,143][rfdiffusion.inference.model_runners][INFO] - Timestep 47, input to next step: --------------------------------------------------------------------------------SVYVPDEWEVSREKITLL
[2026-03-10 12:30:22,602][rfdiffusion.inference.utils][INFO] - Sampled motif RMSD: 0.22
[2026-03-10 12:30:22,604][rfdiffusion.inference.model_runners][INFO] - Timestep 46, input to next step: --------------------------------------------------------------------------------SVYVPDEWEVSREKITLL
[2026-03-10 12:30:23,062][rfdiffusion.inference.utils][INFO] - Sampled motif RMSD: 0.23
[2026-03-10 12:30:23,064][rfdiffusion.inference.model_runners][INFO] - Timestep 45, input to next step: --------------------------------------------------------------------------------SVYVPDEWEVSREKITLL
[2026-03-10 12:30:23,524][rfdiffusion.inference.utils][INFO] - Sampled motif RMSD: 0.23
[2026-03-10 12:30:23,526][rfdiffusion.inference.model_runners][INFO] - Timestep 44, input to next step: --------------------------------------------------------------------------------SVYVPDEWEVSREKITLL
[2026-03-10 12:30:23,984][rfdiffusion.inference.utils][INFO] - Sampled motif RMSD: 0.24
[2026-03-10 12:30:23,987][rfdiffusion.inference.model_runners][INFO] - Timestep 43, input to next step: --------------------------------------------------------------------------------SVYVPDEWEVSREKITLL
[2026-03-10 12:30:24,444][rfdiffusion.inference.utils][INFO] - Sampled motif RMSD: 0.24
[2026-03-10 12:30:24,446][rfdiffusion.inference.model_runners][INFO] - Timestep 42, input to next step: --------------------------------------------------------------------------------SVYVPDEWEVSREKITLL
[2026-03-10 12:30:24,901][rfdiffusion.inference.utils][INFO] - Sampled motif RMSD: 0.25
[2026-03-10 12:30:24,903][rfdiffusion.inference.model_runners][INFO] - Timestep 41, input to next step: --------------------------------------------------------------------------------SVYVPDEWEVSREKITLL
[2026-03-10 12:30:25,360][rfdiffusion.inference.utils][INFO] - Sampled motif RMSD: 0.23
[2026-03-10 12:30:25,362][rfdiffusion.inference.model_runners][INFO] - Timestep 40, input to next step: --------------------------------------------------------------------------------SVYVPDEWEVSREKITLL
[2026-03-10 12:30:25,819][rfdiffusion.inference.utils][INFO] - Sampled motif RMSD: 0.23
[2026-03-10 12:30:25,821][rfdiffusion.inference.model_runners][INFO] - Timestep 39, input to next step: --------------------------------------------------------------------------------SVYVPDEWEVSREKITLL
[2026-03-10 12:30:26,278][rfdiffusion.inference.utils][INFO] - Sampled motif RMSD: 0.21
[2026-03-10 12:30:26,280][rfdiffusion.inference.model_runners][INFO] - Timestep 38, input to next step: --------------------------------------------------------------------------------SVYVPDEWEVSREKITLL
[2026-03-10 12:30:26,741][rfdiffusion.inference.utils][INFO] - Sampled motif RMSD: 0.20
[2026-03-10 12:30:26,743][rfdiffusion.inference.model_runners][INFO] - Timestep 37, input to next step: --------------------------------------------------------------------------------SVYVPDEWEVSREKITLL
[2026-03-10 12:30:27,203][rfdiffusion.inference.utils][INFO] - Sampled motif RMSD: 0.20
[2026-03-10 12:30:27,205][rfdiffusion.inference.model_runners][INFO] - Timestep 36, input to next step: --------------------------------------------------------------------------------SVYVPDEWEVSREKITLL
[2026-03-10 12:30:28,074][rfdiffusion.inference.utils][INFO] - Sampled motif RMSD: 0.19
[2026-03-10 12:30:28,076][rfdiffusion.inference.model_runners][INFO] - Timestep 35, input to next step: --------------------------------------------------------------------------------SVYVPDEWEVSREKITLL
[2026-03-10 12:30:28,536][rfdiffusion.inference.utils][INFO] - Sampled motif RMSD: 0.18
[2026-03-10 12:30:28,538][rfdiffusion.inference.model_runners][INFO] - Timestep 34, input to next step: --------------------------------------------------------------------------------SVYVPDEWEVSREKITLL
[2026-03-10 12:30:28,997][rfdiffusion.inference.utils][INFO] - Sampled motif RMSD: 0.18
[2026-03-10 12:30:28,999][rfdiffusion.inference.model_runners][INFO] - Timestep 33, input to next step: --------------------------------------------------------------------------------SVYVPDEWEVSREKITLL
[2026-03-10 12:30:29,460][rfdiffusion.inference.utils][INFO] - Sampled motif RMSD: 0.17
[2026-03-10 12:30:29,462][rfdiffusion.inference.model_runners][INFO] - Timestep 32, input to next step: --------------------------------------------------------------------------------SVYVPDEWEVSREKITLL
[2026-03-10 12:30:29,930][rfdiffusion.inference.utils][INFO] - Sampled motif RMSD: 0.16
[2026-03-10 12:30:29,932][rfdiffusion.inference.model_runners][INFO] - Timestep 31, input to next step: --------------------------------------------------------------------------------SVYVPDEWEVSREKITLL
[2026-03-10 12:30:30,385][rfdiffusion.inference.utils][INFO] - Sampled motif RMSD: 0.16
[2026-03-10 12:30:30,387][rfdiffusion.inference.model_runners][INFO] - Timestep 30, input to next step: --------------------------------------------------------------------------------SVYVPDEWEVSREKITLL
[2026-03-10 12:30:30,845][rfdiffusion.inference.utils][INFO] - Sampled motif RMSD: 0.16
[2026-03-10 12:30:30,847][rfdiffusion.inference.model_runners][INFO] - Timestep 29, input to next step: --------------------------------------------------------------------------------SVYVPDEWEVSREKITLL
[2026-03-10 12:30:31,312][rfdiffusion.inference.utils][INFO] - Sampled motif RMSD: 0.16
[2026-03-10 12:30:31,314][rfdiffusion.inference.model_runners][INFO] - Timestep 28, input to next step: --------------------------------------------------------------------------------SVYVPDEWEVSREKITLL
[2026-03-10 12:30:31,782][rfdiffusion.inference.utils][INFO] - Sampled motif RMSD: 0.17
[2026-03-10 12:30:31,784][rfdiffusion.inference.model_runners][INFO] - Timestep 27, input to next step: --------------------------------------------------------------------------------SVYVPDEWEVSREKITLL
[2026-03-10 12:30:32,233][rfdiffusion.inference.utils][INFO] - Sampled motif RMSD: 0.17
[2026-03-10 12:30:32,235][rfdiffusion.inference.model_runners][INFO] - Timestep 26, input to next step: --------------------------------------------------------------------------------SVYVPDEWEVSREKITLL
[2026-03-10 12:30:32,689][rfdiffusion.inference.utils][INFO] - Sampled motif RMSD: 0.16
[2026-03-10 12:30:32,691][rfdiffusion.inference.model_runners][INFO] - Timestep 25, input to next step: --------------------------------------------------------------------------------SVYVPDEWEVSREKITLL
[2026-03-10 12:30:33,140][rfdiffusion.inference.utils][INFO] - Sampled motif RMSD: 0.16
[2026-03-10 12:30:33,142][rfdiffusion.inference.model_runners][INFO] - Timestep 24, input to next step: --------------------------------------------------------------------------------SVYVPDEWEVSREKITLL
[2026-03-10 12:30:33,883][rfdiffusion.inference.utils][INFO] - Sampled motif RMSD: 0.16
[2026-03-10 12:30:33,885][rfdiffusion.inference.model_runners][INFO] - Timestep 23, input to next step: --------------------------------------------------------------------------------SVYVPDEWEVSREKITLL
[2026-03-10 12:30:34,344][rfdiffusion.inference.utils][INFO] - Sampled motif RMSD: 0.16
[2026-03-10 12:30:34,347][rfdiffusion.inference.model_runners][INFO] - Timestep 22, input to next step: --------------------------------------------------------------------------------SVYVPDEWEVSREKITLL
[2026-03-10 12:30:34,809][rfdiffusion.inference.utils][INFO] - Sampled motif RMSD: 0.16
[2026-03-10 12:30:34,811][rfdiffusion.inference.model_runners][INFO] - Timestep 21, input to next step: --------------------------------------------------------------------------------SVYVPDEWEVSREKITLL
[2026-03-10 12:30:35,268][rfdiffusion.inference.utils][INFO] - Sampled motif RMSD: 0.16
[2026-03-10 12:30:35,270][rfdiffusion.inference.model_runners][INFO] - Timestep 20, input to next step: --------------------------------------------------------------------------------SVYVPDEWEVSREKITLL
[2026-03-10 12:30:35,738][rfdiffusion.inference.utils][INFO] - Sampled motif RMSD: 0.15
[2026-03-10 12:30:35,740][rfdiffusion.inference.model_runners][INFO] - Timestep 19, input to next step: --------------------------------------------------------------------------------SVYVPDEWEVSREKITLL
[2026-03-10 12:30:36,195][rfdiffusion.inference.utils][INFO] - Sampled motif RMSD: 0.15
[2026-03-10 12:30:36,197][rfdiffusion.inference.model_runners][INFO] - Timestep 18, input to next step: --------------------------------------------------------------------------------SVYVPDEWEVSREKITLL
[2026-03-10 12:30:36,652][rfdiffusion.inference.utils][INFO] - Sampled motif RMSD: 0.15
[2026-03-10 12:30:36,653][rfdiffusion.inference.model_runners][INFO] - Timestep 17, input to next step: --------------------------------------------------------------------------------SVYVPDEWEVSREKITLL
[2026-03-10 12:30:37,113][rfdiffusion.inference.utils][INFO] - Sampled motif RMSD: 0.15
[2026-03-10 12:30:37,115][rfdiffusion.inference.model_runners][INFO] - Timestep 16, input to next step: --------------------------------------------------------------------------------SVYVPDEWEVSREKITLL
[2026-03-10 12:30:37,663][rfdiffusion.inference.utils][INFO] - Sampled motif RMSD: 0.15
[2026-03-10 12:30:37,665][rfdiffusion.inference.model_runners][INFO] - Timestep 15, input to next step: --------------------------------------------------------------------------------SVYVPDEWEVSREKITLL
[2026-03-10 12:30:38,121][rfdiffusion.inference.utils][INFO] - Sampled motif RMSD: 0.14
[2026-03-10 12:30:38,123][rfdiffusion.inference.model_runners][INFO] - Timestep 14, input to next step: --------------------------------------------------------------------------------SVYVPDEWEVSREKITLL
[2026-03-10 12:30:38,577][rfdiffusion.inference.utils][INFO] - Sampled motif RMSD: 0.14
[2026-03-10 12:30:38,579][rfdiffusion.inference.model_runners][INFO] - Timestep 13, input to next step: --------------------------------------------------------------------------------SVYVPDEWEVSREKITLL
[2026-03-10 12:30:40,066][rfdiffusion.inference.utils][INFO] - Sampled motif RMSD: 0.14
[2026-03-10 12:30:40,068][rfdiffusion.inference.model_runners][INFO] - Timestep 12, input to next step: --------------------------------------------------------------------------------SVYVPDEWEVSREKITLL
[2026-03-10 12:30:40,694][rfdiffusion.inference.utils][INFO] - Sampled motif RMSD: 0.14
[2026-03-10 12:30:40,696][rfdiffusion.inference.model_runners][INFO] - Timestep 11, input to next step: --------------------------------------------------------------------------------SVYVPDEWEVSREKITLL
[2026-03-10 12:30:41,149][rfdiffusion.inference.utils][INFO] - Sampled motif RMSD: 0.14
[2026-03-10 12:30:41,151][rfdiffusion.inference.model_runners][INFO] - Timestep 10, input to next step: --------------------------------------------------------------------------------SVYVPDEWEVSREKITLL
[2026-03-10 12:30:41,608][rfdiffusion.inference.utils][INFO] - Sampled motif RMSD: 0.14
[2026-03-10 12:30:41,611][rfdiffusion.inference.model_runners][INFO] - Timestep 9, input to next step: --------------------------------------------------------------------------------SVYVPDEWEVSREKITLL
[2026-03-10 12:30:42,093][rfdiffusion.inference.utils][INFO] - Sampled motif RMSD: 0.13
[2026-03-10 12:30:42,095][rfdiffusion.inference.model_runners][INFO] - Timestep 8, input to next step: --------------------------------------------------------------------------------SVYVPDEWEVSREKITLL
[2026-03-10 12:30:42,557][rfdiffusion.inference.utils][INFO] - Sampled motif RMSD: 0.13
[2026-03-10 12:30:42,559][rfdiffusion.inference.model_runners][INFO] - Timestep 7, input to next step: --------------------------------------------------------------------------------SVYVPDEWEVSREKITLL
[2026-03-10 12:30:43,019][rfdiffusion.inference.utils][INFO] - Sampled motif RMSD: 0.12
[2026-03-10 12:30:43,021][rfdiffusion.inference.model_runners][INFO] - Timestep 6, input to next step: --------------------------------------------------------------------------------SVYVPDEWEVSREKITLL
[2026-03-10 12:30:43,480][rfdiffusion.inference.utils][INFO] - Sampled motif RMSD: 0.12
[2026-03-10 12:30:43,482][rfdiffusion.inference.model_runners][INFO] - Timestep 5, input to next step: --------------------------------------------------------------------------------SVYVPDEWEVSREKITLL
[2026-03-10 12:30:43,945][rfdiffusion.inference.utils][INFO] - Sampled motif RMSD: 0.12
[2026-03-10 12:30:43,947][rfdiffusion.inference.model_runners][INFO] - Timestep 4, input to next step: --------------------------------------------------------------------------------SVYVPDEWEVSREKITLL
[2026-03-10 12:30:44,401][rfdiffusion.inference.utils][INFO] - Sampled motif RMSD: 0.11
[2026-03-10 12:30:44,403][rfdiffusion.inference.model_runners][INFO] - Timestep 3, input to next step: --------------------------------------------------------------------------------SVYVPDEWEVSREKITLL
[2026-03-10 12:30:44,859][rfdiffusion.inference.utils][INFO] - Sampled motif RMSD: 0.11
[2026-03-10 12:30:44,862][rfdiffusion.inference.model_runners][INFO] - Timestep 2, input to next step: --------------------------------------------------------------------------------SVYVPDEWEVSREKITLL
[2026-03-10 12:30:46,139][__main__][INFO] - Finished design in 0.43 minutes
